Warning: you requested the nanomsg event logger, but bmv2 was compiled without -DBMELOG, and the event logger cannot be activated
Calling target program-options parser
[13:50:38.861] [bmv2] [D] [thread 10406] Set default default entry for table 'tbl_source_routing_int82': source_routing_int82 - 
[13:50:38.861] [bmv2] [D] [thread 10406] Set default default entry for table 'tbl_source_routing_int67': source_routing_int67 - 
[13:50:38.861] [bmv2] [D] [thread 10406] Set default default entry for table 'MyIngress.device_to_port': NoAction - 
[13:50:38.861] [bmv2] [D] [thread 10406] Set default default entry for table 'tbl_act': act - 
[13:50:38.861] [bmv2] [D] [thread 10406] Set default default entry for table 'tbl_act_0': act_0 - 
[13:50:38.861] [bmv2] [D] [thread 10406] Set default default entry for table 'tbl_source_routing_int82_0': source_routing_int82_0 - 
[13:50:38.861] [bmv2] [D] [thread 10406] Set default default entry for table 'tbl_set_normal_ethernet': MyIngress.set_normal_ethernet - 
[13:50:38.861] [bmv2] [D] [thread 10406] Set default default entry for table 'tbl_source_routing_int87': source_routing_int87 - 
[13:50:38.861] [bmv2] [D] [thread 10406] Set default default entry for table 'MyIngress.ipv4_lpm': NoAction - 
[13:50:38.861] [bmv2] [D] [thread 10406] Set default default entry for table 'tbl_set_normal_ethernet_0': MyIngress.set_normal_ethernet - 
[13:50:38.861] [bmv2] [D] [thread 10406] Set default default entry for table 'tbl_source_routing_int98': source_routing_int98 - 
[13:50:38.862] [bmv2] [D] [thread 10406] Set default default entry for table 'MyEgress.int_table': NoAction - 
Adding interface s4-eth1 as port 1
[13:50:38.865] [bmv2] [D] [thread 10406] Adding interface s4-eth1 as port 1
Adding interface s4-eth2 as port 2
[13:50:38.925] [bmv2] [D] [thread 10406] Adding interface s4-eth2 as port 2
Adding interface s4-eth3 as port 3
[13:50:38.989] [bmv2] [D] [thread 10406] Adding interface s4-eth3 as port 3
[13:50:39.057] [bmv2] [I] [thread 10406] Starting Thrift server on port 9093
[13:50:39.058] [bmv2] [I] [thread 10406] Thrift server was started
[13:50:39.975] [bmv2] [T] [thread 10498] bm_get_config
[13:50:39.983] [bmv2] [T] [thread 10498] bm_set_default_action
[13:50:39.983] [bmv2] [D] [thread 10498] Set default entry for table 'MyIngress.ipv4_lpm': MyIngress.drop - 
[13:50:39.984] [bmv2] [T] [thread 10498] bm_set_default_action
[13:50:39.984] [bmv2] [D] [thread 10498] Set default entry for table 'MyEgress.int_table': MyEgress.add_int_header - 4,
[13:50:39.985] [bmv2] [T] [thread 10498] bm_table_add_entry
[13:50:39.985] [bmv2] [D] [thread 10498] Entry 0 added to table 'MyIngress.ipv4_lpm'
[13:50:39.985] [bmv2] [D] [thread 10498] Dumping entry 0
Match key:
* hdr.ipv4.dstAddr    : LPM       0a000101/32
Action entry: MyIngress.ipv4_forward - 30400,1,

[13:50:39.986] [bmv2] [T] [thread 10498] bm_table_add_entry
[13:50:39.986] [bmv2] [D] [thread 10498] Entry 1 added to table 'MyIngress.ipv4_lpm'
[13:50:39.986] [bmv2] [D] [thread 10498] Dumping entry 1
Match key:
* hdr.ipv4.dstAddr    : LPM       0a000402/32
Action entry: MyIngress.ipv4_forward - a000402,3,

[13:50:39.987] [bmv2] [T] [thread 10498] bm_table_add_entry
[13:50:39.987] [bmv2] [D] [thread 10498] Entry 0 added to table 'MyIngress.device_to_port'
[13:50:39.987] [bmv2] [D] [thread 10498] Dumping entry 0
Match key:
* hdr.source_routes[0].switch_id: EXACT     02
Action entry: MyIngress.ipv4_forward - 20400,1,

[13:50:39.988] [bmv2] [T] [thread 10498] bm_table_add_entry
[13:50:39.988] [bmv2] [D] [thread 10498] Entry 1 added to table 'MyIngress.device_to_port'
[13:50:39.989] [bmv2] [D] [thread 10498] Dumping entry 1
Match key:
* hdr.source_routes[0].switch_id: EXACT     03
Action entry: MyIngress.ipv4_forward - 30400,2,

[13:51:55.345] [bmv2] [D] [thread 10413] [0.0] [cxt 0] Processing packet received on port 1
[13:51:55.345] [bmv2] [D] [thread 10413] [0.0] [cxt 0] Parser 'parser': start
[13:51:55.345] [bmv2] [D] [thread 10413] [0.0] [cxt 0] Parser 'parser' entering state 'start'
[13:51:55.345] [bmv2] [D] [thread 10413] [0.0] [cxt 0] Extracting header 'ethernet'
[13:51:55.345] [bmv2] [D] [thread 10413] [0.0] [cxt 0] Parser state 'start': key is 1111
[13:51:55.345] [bmv2] [T] [thread 10413] [0.0] [cxt 0] Bytes parsed: 14
[13:51:55.345] [bmv2] [D] [thread 10413] [0.0] [cxt 0] Parser 'parser' entering state 'parse_source_routing'
[13:51:55.345] [bmv2] [D] [thread 10413] [0.0] [cxt 0] Extracting to header stack 0, next header is 6
[13:51:55.345] [bmv2] [D] [thread 10413] [0.0] [cxt 0] Parser state 'parse_source_routing': key is 00
[13:51:55.345] [bmv2] [T] [thread 10413] [0.0] [cxt 0] Bytes parsed: 15
[13:51:55.345] [bmv2] [D] [thread 10413] [0.0] [cxt 0] Parser 'parser' entering state 'parse_source_routing'
[13:51:55.345] [bmv2] [D] [thread 10413] [0.0] [cxt 0] Extracting to header stack 0, next header is 7
[13:51:55.345] [bmv2] [D] [thread 10413] [0.0] [cxt 0] Parser state 'parse_source_routing': key is 01
[13:51:55.345] [bmv2] [T] [thread 10413] [0.0] [cxt 0] Bytes parsed: 16
[13:51:55.345] [bmv2] [D] [thread 10413] [0.0] [cxt 0] Parser 'parser' entering state 'parse_ipv4'
[13:51:55.345] [bmv2] [D] [thread 10413] [0.0] [cxt 0] Extracting header 'ipv4'
[13:51:55.346] [bmv2] [D] [thread 10413] [0.0] [cxt 0] Parser set: setting field 'scalars.tmp_1' from expression, new value is 1
[13:51:55.346] [bmv2] [D] [thread 10413] [0.0] [cxt 0] Parser state 'parse_ipv4': key is 0a
[13:51:55.346] [bmv2] [T] [thread 10413] [0.0] [cxt 0] Bytes parsed: 36
[13:51:55.346] [bmv2] [D] [thread 10413] [0.0] [cxt 0] Parser 'parser' entering state 'parse_ipv4_option'
[13:51:55.346] [bmv2] [D] [thread 10413] [0.0] [cxt 0] Extracting header 'ipv4_option'
[13:51:55.346] [bmv2] [D] [thread 10413] [0.0] [cxt 0] Parser state 'parse_ipv4_option': key is 1f
[13:51:55.346] [bmv2] [T] [thread 10413] [0.0] [cxt 0] Bytes parsed: 38
[13:51:55.346] [bmv2] [D] [thread 10413] [0.0] [cxt 0] Parser 'parser' entering state 'parse_int'
[13:51:55.346] [bmv2] [D] [thread 10413] [0.0] [cxt 0] Extracting header 'int_count'
[13:51:55.346] [bmv2] [D] [thread 10413] [0.0] [cxt 0] Parser set: setting field 'scalars.userMetadata._parser_metadata_num_headers_remaining0' from field 'int_count.num_switches' (2)
[13:51:55.346] [bmv2] [D] [thread 10413] [0.0] [cxt 0] Parser state 'parse_int': key is 0002
[13:51:55.346] [bmv2] [T] [thread 10413] [0.0] [cxt 0] Bytes parsed: 40
[13:51:55.346] [bmv2] [D] [thread 10413] [0.0] [cxt 0] Parser 'parser' entering state 'parse_int_headers'
[13:51:55.346] [bmv2] [D] [thread 10413] [0.0] [cxt 0] Extracting to header stack 1, next header is 15
[13:51:55.346] [bmv2] [D] [thread 10413] [0.0] [cxt 0] Parser set: setting field 'scalars.userMetadata._parser_metadata_num_headers_remaining0' from expression, new value is 1
[13:51:55.346] [bmv2] [D] [thread 10413] [0.0] [cxt 0] Parser state 'parse_int_headers': key is 0001
[13:51:55.346] [bmv2] [T] [thread 10413] [0.0] [cxt 0] Bytes parsed: 48
[13:51:55.346] [bmv2] [D] [thread 10413] [0.0] [cxt 0] Parser 'parser' entering state 'parse_int_headers'
[13:51:55.346] [bmv2] [D] [thread 10413] [0.0] [cxt 0] Extracting to header stack 1, next header is 16
[13:51:55.346] [bmv2] [D] [thread 10413] [0.0] [cxt 0] Parser set: setting field 'scalars.userMetadata._parser_metadata_num_headers_remaining0' from expression, new value is 0
[13:51:55.346] [bmv2] [D] [thread 10413] [0.0] [cxt 0] Parser state 'parse_int_headers': key is 0000
[13:51:55.346] [bmv2] [T] [thread 10413] [0.0] [cxt 0] Bytes parsed: 56
[13:51:55.346] [bmv2] [D] [thread 10413] [0.0] [cxt 0] Parser 'parser': end
[13:51:55.346] [bmv2] [D] [thread 10413] [0.0] [cxt 0] Pipeline 'ingress': start
[13:51:55.346] [bmv2] [T] [thread 10413] [0.0] [cxt 0] /home/ubuntu/int/source-routing-INT/p4src/source_routing_int.p4(82) Condition "hdr.source_routes[0].isValid()" (node_2) is false
[13:51:55.346] [bmv2] [T] [thread 10413] [0.0] [cxt 0] Applying table 'tbl_source_routing_int67'
[13:51:55.347] [bmv2] [D] [thread 10413] [0.0] [cxt 0] Looking up key:

[13:51:55.347] [bmv2] [D] [thread 10413] [0.0] [cxt 0] Table 'tbl_source_routing_int67': miss
[13:51:55.347] [bmv2] [D] [thread 10413] [0.0] [cxt 0] Action entry is source_routing_int67 - 
[13:51:55.347] [bmv2] [T] [thread 10413] [0.0] [cxt 0] Action source_routing_int67
[13:51:55.347] [bmv2] [T] [thread 10413] [0.0] [cxt 0] /home/ubuntu/int/source-routing-INT/p4src/source_routing_int.p4(67) Primitive hdr.source_routes[0].switch_id
[13:51:55.347] [bmv2] [T] [thread 10413] [0.0] [cxt 0] Applying table 'MyIngress.device_to_port'
[13:51:55.347] [bmv2] [D] [thread 10413] [0.0] [cxt 0] Looking up key:
* hdr.source_routes[0].switch_id: 04

[13:51:55.347] [bmv2] [D] [thread 10413] [0.0] [cxt 0] Table 'MyIngress.device_to_port': miss
[13:51:55.347] [bmv2] [D] [thread 10413] [0.0] [cxt 0] Action entry is NoAction - 
[13:51:55.347] [bmv2] [T] [thread 10413] [0.0] [cxt 0] Action NoAction
[13:51:55.347] [bmv2] [T] [thread 10413] [0.0] [cxt 0] Applying table 'tbl_act_0'
[13:51:55.347] [bmv2] [D] [thread 10413] [0.0] [cxt 0] Looking up key:

[13:51:55.347] [bmv2] [D] [thread 10413] [0.0] [cxt 0] Table 'tbl_act_0': miss
[13:51:55.347] [bmv2] [D] [thread 10413] [0.0] [cxt 0] Action entry is act_0 - 
[13:51:55.347] [bmv2] [T] [thread 10413] [0.0] [cxt 0] Action act_0
[13:51:55.347] [bmv2] [T] [thread 10413] [0.0] [cxt 0] Primitive (no source info)
[13:51:55.347] [bmv2] [T] [thread 10413] [0.0] [cxt 0] Applying table 'tbl_source_routing_int82_0'
[13:51:55.347] [bmv2] [D] [thread 10413] [0.0] [cxt 0] Looking up key:

[13:51:55.347] [bmv2] [D] [thread 10413] [0.0] [cxt 0] Table 'tbl_source_routing_int82_0': miss
[13:51:55.347] [bmv2] [D] [thread 10413] [0.0] [cxt 0] Action entry is source_routing_int82_0 - 
[13:51:55.347] [bmv2] [T] [thread 10413] [0.0] [cxt 0] Action source_routing_int82_0
[13:51:55.347] [bmv2] [T] [thread 10413] [0.0] [cxt 0] /home/ubuntu/int/source-routing-INT/p4src/source_routing_int.p4(82) Primitive hdr.source_routes[0].isValid() && device_to_port.apply().hit
[13:51:55.347] [bmv2] [T] [thread 10413] [0.0] [cxt 0] Condition "node_9" (node_9) is false
[13:51:55.347] [bmv2] [T] [thread 10413] [0.0] [cxt 0] /home/ubuntu/int/source-routing-INT/p4src/source_routing_int.p4(90) Condition "hdr.ipv4.isValid()" (node_13) is true
[13:51:55.347] [bmv2] [T] [thread 10413] [0.0] [cxt 0] Applying table 'MyIngress.ipv4_lpm'
[13:51:55.348] [bmv2] [D] [thread 10413] [0.0] [cxt 0] Looking up key:
* hdr.ipv4.dstAddr    : 0a000402

[13:51:55.348] [bmv2] [D] [thread 10413] [0.0] [cxt 0] Table 'MyIngress.ipv4_lpm': hit with handle 1
[13:51:55.348] [bmv2] [D] [thread 10413] [0.0] [cxt 0] Dumping entry 1
Match key:
* hdr.ipv4.dstAddr    : LPM       0a000402/32
Action entry: MyIngress.ipv4_forward - a000402,3,

[13:51:55.348] [bmv2] [D] [thread 10413] [0.0] [cxt 0] Action entry is MyIngress.ipv4_forward - a000402,3,
[13:51:55.348] [bmv2] [T] [thread 10413] [0.0] [cxt 0] Action MyIngress.ipv4_forward
[13:51:55.348] [bmv2] [T] [thread 10413] [0.0] [cxt 0] /home/ubuntu/int/source-routing-INT/p4src/source_routing_int.p4(38) Primitive hdr.ethernet.srcAddr = hdr.ethernet.dstAddr
[13:51:55.348] [bmv2] [T] [thread 10413] [0.0] [cxt 0] /home/ubuntu/int/source-routing-INT/p4src/source_routing_int.p4(41) Primitive hdr.ethernet.dstAddr = dstAddr
[13:51:55.348] [bmv2] [T] [thread 10413] [0.0] [cxt 0] /home/ubuntu/int/source-routing-INT/p4src/source_routing_int.p4(44) Primitive standard_metadata.egress_spec = port
[13:51:55.348] [bmv2] [T] [thread 10413] [0.0] [cxt 0] /home/ubuntu/int/source-routing-INT/p4src/source_routing_int.p4(47) Primitive hdr.ipv4.ttl = hdr.ipv4.ttl - 1
[13:51:55.348] [bmv2] [T] [thread 10413] [0.0] [cxt 0] /home/ubuntu/int/source-routing-INT/p4src/source_routing_int.p4(93) Condition "hdr.source_routes[0].isValid()" (node_15) is true
[13:51:55.348] [bmv2] [T] [thread 10413] [0.0] [cxt 0] /home/ubuntu/int/source-routing-INT/p4src/source_routing_int.p4(95) Condition "hdr.source_routes[0].last_header == 1" (node_16) is false
[13:51:55.348] [bmv2] [T] [thread 10413] [0.0] [cxt 0] Applying table 'tbl_source_routing_int98'
[13:51:55.348] [bmv2] [D] [thread 10413] [0.0] [cxt 0] Looking up key:

[13:51:55.348] [bmv2] [D] [thread 10413] [0.0] [cxt 0] Table 'tbl_source_routing_int98': miss
[13:51:55.348] [bmv2] [D] [thread 10413] [0.0] [cxt 0] Action entry is source_routing_int98 - 
[13:51:55.348] [bmv2] [T] [thread 10413] [0.0] [cxt 0] Action source_routing_int98
[13:51:55.348] [bmv2] [T] [thread 10413] [0.0] [cxt 0] /home/ubuntu/int/source-routing-INT/p4src/source_routing_int.p4(98) Primitive hdr.source_routes.pop_front(1)
[13:51:55.348] [bmv2] [D] [thread 10413] [0.0] [cxt 0] Pipeline 'ingress': end
[13:51:55.348] [bmv2] [D] [thread 10413] [0.0] [cxt 0] Egress port is 3
[13:51:55.349] [bmv2] [D] [thread 10417] [0.0] [cxt 0] Pipeline 'egress': start
[13:51:55.349] [bmv2] [T] [thread 10417] [0.0] [cxt 0] /home/ubuntu/int/source-routing-INT/p4src/source_routing_int.p4(143) Condition "hdr.int_count.isValid()" (node_21) is true
[13:51:55.349] [bmv2] [T] [thread 10417] [0.0] [cxt 0] Applying table 'MyEgress.int_table'
[13:51:55.349] [bmv2] [D] [thread 10417] [0.0] [cxt 0] Looking up key:

[13:51:55.349] [bmv2] [D] [thread 10417] [0.0] [cxt 0] Table 'MyEgress.int_table': miss
[13:51:55.349] [bmv2] [D] [thread 10417] [0.0] [cxt 0] Action entry is MyEgress.add_int_header - 4,
[13:51:55.349] [bmv2] [T] [thread 10417] [0.0] [cxt 0] Action MyEgress.add_int_header
[13:51:55.349] [bmv2] [T] [thread 10417] [0.0] [cxt 0] /home/ubuntu/int/source-routing-INT/p4src/source_routing_int.p4(117) Primitive hdr.int_count.num_switches = hdr.int_count.num_switches + 1
[13:51:55.349] [bmv2] [T] [thread 10417] [0.0] [cxt 0] /home/ubuntu/int/source-routing-INT/p4src/source_routing_int.p4(119) Primitive hdr.int_headers.push_front(1)
[13:51:55.349] [bmv2] [T] [thread 10417] [0.0] [cxt 0] /home/ubuntu/int/source-routing-INT/p4src/source_routing_int.p4(122) Primitive hdr.int_headers[0].setValid()
[13:51:55.349] [bmv2] [T] [thread 10417] [0.0] [cxt 0] /home/ubuntu/int/source-routing-INT/p4src/source_routing_int.p4(123) Primitive hdr.int_headers[0].switch_id = (bit<13>)swid
[13:51:55.349] [bmv2] [T] [thread 10417] [0.0] [cxt 0] /home/ubuntu/int/source-routing-INT/p4src/source_routing_int.p4(124) Primitive hdr.int_headers[0].queue_depth = (bit<13>)standard_metadata.deq_qdepth
[13:51:55.350] [bmv2] [T] [thread 10417] [0.0] [cxt 0] /home/ubuntu/int/source-routing-INT/p4src/source_routing_int.p4(125) Primitive hdr.int_headers[0].queue_time = (bit<32>)standard_metadata.deq_timedelta
[13:51:55.350] [bmv2] [T] [thread 10417] [0.0] [cxt 0] /home/ubuntu/int/source-routing-INT/p4src/source_routing_int.p4(126) Primitive hdr.int_headers[0].output_port = (bit<6>)standard_metadata.egress_port
[13:51:55.350] [bmv2] [T] [thread 10417] [0.0] [cxt 0] /home/ubuntu/int/source-routing-INT/p4src/source_routing_int.p4(129) Primitive hdr.ipv4.ihl = hdr.ipv4.ihl + 2
[13:51:55.350] [bmv2] [T] [thread 10417] [0.0] [cxt 0] /home/ubuntu/int/source-routing-INT/p4src/source_routing_int.p4(130) Primitive hdr.ipv4.totalLen = hdr.ipv4.totalLen + 8
[13:51:55.350] [bmv2] [T] [thread 10417] [0.0] [cxt 0] /home/ubuntu/int/source-routing-INT/p4src/source_routing_int.p4(131) Primitive hdr.ipv4_option.optionLength = hdr.ipv4_option.optionLength + 8
[13:51:55.350] [bmv2] [D] [thread 10417] [0.0] [cxt 0] Pipeline 'egress': end
[13:51:55.350] [bmv2] [D] [thread 10417] [0.0] [cxt 0] Deparser 'deparser': start
[13:51:55.350] [bmv2] [D] [thread 10417] [0.0] [cxt 0] Updating checksum 'cksum'
[13:51:55.350] [bmv2] [D] [thread 10417] [0.0] [cxt 0] Deparsing header 'ethernet'
[13:51:55.350] [bmv2] [D] [thread 10417] [0.0] [cxt 0] Deparsing header 'source_routes[0]'
[13:51:55.350] [bmv2] [D] [thread 10417] [0.0] [cxt 0] Deparsing header 'ipv4'
[13:51:55.350] [bmv2] [D] [thread 10417] [0.0] [cxt 0] Deparsing header 'ipv4_option'
[13:51:55.350] [bmv2] [D] [thread 10417] [0.0] [cxt 0] Deparsing header 'int_count'
[13:51:55.350] [bmv2] [D] [thread 10417] [0.0] [cxt 0] Deparsing header 'int_headers[0]'
[13:51:55.350] [bmv2] [D] [thread 10417] [0.0] [cxt 0] Deparsing header 'int_headers[1]'
[13:51:55.350] [bmv2] [D] [thread 10417] [0.0] [cxt 0] Deparsing header 'int_headers[2]'
[13:51:55.350] [bmv2] [D] [thread 10417] [0.0] [cxt 0] Deparser 'deparser': end
[13:51:55.351] [bmv2] [D] [thread 10418] [0.0] [cxt 0] Transmitting packet of size 79 out of port 3
[13:58:15.585] [bmv2] [D] [thread 10413] [1.0] [cxt 0] Processing packet received on port 1
[13:58:15.586] [bmv2] [D] [thread 10413] [1.0] [cxt 0] Parser 'parser': start
[13:58:15.586] [bmv2] [D] [thread 10413] [1.0] [cxt 0] Parser 'parser' entering state 'start'
[13:58:15.586] [bmv2] [D] [thread 10413] [1.0] [cxt 0] Extracting header 'ethernet'
[13:58:15.586] [bmv2] [D] [thread 10413] [1.0] [cxt 0] Parser state 'start': key is 1111
[13:58:15.586] [bmv2] [T] [thread 10413] [1.0] [cxt 0] Bytes parsed: 14
[13:58:15.586] [bmv2] [D] [thread 10413] [1.0] [cxt 0] Parser 'parser' entering state 'parse_source_routing'
[13:58:15.586] [bmv2] [D] [thread 10413] [1.0] [cxt 0] Extracting to header stack 0, next header is 6
[13:58:15.586] [bmv2] [D] [thread 10413] [1.0] [cxt 0] Parser state 'parse_source_routing': key is 01
[13:58:15.586] [bmv2] [T] [thread 10413] [1.0] [cxt 0] Bytes parsed: 15
[13:58:15.586] [bmv2] [D] [thread 10413] [1.0] [cxt 0] Parser 'parser' entering state 'parse_ipv4'
[13:58:15.586] [bmv2] [D] [thread 10413] [1.0] [cxt 0] Extracting header 'ipv4'
[13:58:15.586] [bmv2] [D] [thread 10413] [1.0] [cxt 0] Parser set: setting field 'scalars.tmp_1' from expression, new value is 1
[13:58:15.586] [bmv2] [D] [thread 10413] [1.0] [cxt 0] Parser state 'parse_ipv4': key is 0a
[13:58:15.586] [bmv2] [T] [thread 10413] [1.0] [cxt 0] Bytes parsed: 35
[13:58:15.586] [bmv2] [D] [thread 10413] [1.0] [cxt 0] Parser 'parser' entering state 'parse_ipv4_option'
[13:58:15.586] [bmv2] [D] [thread 10413] [1.0] [cxt 0] Extracting header 'ipv4_option'
[13:58:15.587] [bmv2] [D] [thread 10413] [1.0] [cxt 0] Parser state 'parse_ipv4_option': key is 1f
[13:58:15.587] [bmv2] [T] [thread 10413] [1.0] [cxt 0] Bytes parsed: 37
[13:58:15.587] [bmv2] [D] [thread 10413] [1.0] [cxt 0] Parser 'parser' entering state 'parse_int'
[13:58:15.587] [bmv2] [D] [thread 10413] [1.0] [cxt 0] Extracting header 'int_count'
[13:58:15.587] [bmv2] [D] [thread 10413] [1.0] [cxt 0] Parser set: setting field 'scalars.userMetadata._parser_metadata_num_headers_remaining0' from field 'int_count.num_switches' (2)
[13:58:15.587] [bmv2] [D] [thread 10413] [1.0] [cxt 0] Parser state 'parse_int': key is 0002
[13:58:15.587] [bmv2] [T] [thread 10413] [1.0] [cxt 0] Bytes parsed: 39
[13:58:15.587] [bmv2] [D] [thread 10413] [1.0] [cxt 0] Parser 'parser' entering state 'parse_int_headers'
[13:58:15.587] [bmv2] [D] [thread 10413] [1.0] [cxt 0] Extracting to header stack 1, next header is 15
[13:58:15.587] [bmv2] [D] [thread 10413] [1.0] [cxt 0] Parser set: setting field 'scalars.userMetadata._parser_metadata_num_headers_remaining0' from expression, new value is 1
[13:58:15.587] [bmv2] [D] [thread 10413] [1.0] [cxt 0] Parser state 'parse_int_headers': key is 0001
[13:58:15.587] [bmv2] [T] [thread 10413] [1.0] [cxt 0] Bytes parsed: 47
[13:58:15.587] [bmv2] [D] [thread 10413] [1.0] [cxt 0] Parser 'parser' entering state 'parse_int_headers'
[13:58:15.587] [bmv2] [D] [thread 10413] [1.0] [cxt 0] Extracting to header stack 1, next header is 16
[13:58:15.587] [bmv2] [D] [thread 10413] [1.0] [cxt 0] Parser set: setting field 'scalars.userMetadata._parser_metadata_num_headers_remaining0' from expression, new value is 0
[13:58:15.587] [bmv2] [D] [thread 10413] [1.0] [cxt 0] Parser state 'parse_int_headers': key is 0000
[13:58:15.587] [bmv2] [T] [thread 10413] [1.0] [cxt 0] Bytes parsed: 55
[13:58:15.587] [bmv2] [D] [thread 10413] [1.0] [cxt 0] Parser 'parser': end
[13:58:15.587] [bmv2] [D] [thread 10413] [1.0] [cxt 0] Pipeline 'ingress': start
[13:58:15.588] [bmv2] [T] [thread 10413] [1.0] [cxt 0] /home/ubuntu/int/source-routing-INT/p4src/source_routing_int.p4(82) Condition "hdr.source_routes[0].isValid()" (node_2) is false
[13:58:15.588] [bmv2] [T] [thread 10413] [1.0] [cxt 0] Applying table 'tbl_source_routing_int67'
[13:58:15.588] [bmv2] [D] [thread 10413] [1.0] [cxt 0] Looking up key:

[13:58:15.588] [bmv2] [D] [thread 10413] [1.0] [cxt 0] Table 'tbl_source_routing_int67': miss
[13:58:15.588] [bmv2] [D] [thread 10413] [1.0] [cxt 0] Action entry is source_routing_int67 - 
[13:58:15.588] [bmv2] [T] [thread 10413] [1.0] [cxt 0] Action source_routing_int67
[13:58:15.588] [bmv2] [T] [thread 10413] [1.0] [cxt 0] /home/ubuntu/int/source-routing-INT/p4src/source_routing_int.p4(67) Primitive hdr.source_routes[0].switch_id
[13:58:15.588] [bmv2] [T] [thread 10413] [1.0] [cxt 0] Applying table 'MyIngress.device_to_port'
[13:58:15.588] [bmv2] [D] [thread 10413] [1.0] [cxt 0] Looking up key:
* hdr.source_routes[0].switch_id: 04

[13:58:15.588] [bmv2] [D] [thread 10413] [1.0] [cxt 0] Table 'MyIngress.device_to_port': miss
[13:58:15.588] [bmv2] [D] [thread 10413] [1.0] [cxt 0] Action entry is NoAction - 
[13:58:15.588] [bmv2] [T] [thread 10413] [1.0] [cxt 0] Action NoAction
[13:58:15.588] [bmv2] [T] [thread 10413] [1.0] [cxt 0] Applying table 'tbl_act_0'
[13:58:15.588] [bmv2] [D] [thread 10413] [1.0] [cxt 0] Looking up key:

[13:58:15.588] [bmv2] [D] [thread 10413] [1.0] [cxt 0] Table 'tbl_act_0': miss
[13:58:15.588] [bmv2] [D] [thread 10413] [1.0] [cxt 0] Action entry is act_0 - 
[13:58:15.588] [bmv2] [T] [thread 10413] [1.0] [cxt 0] Action act_0
[13:58:15.588] [bmv2] [T] [thread 10413] [1.0] [cxt 0] Primitive (no source info)
[13:58:15.589] [bmv2] [T] [thread 10413] [1.0] [cxt 0] Applying table 'tbl_source_routing_int82_0'
[13:58:15.589] [bmv2] [D] [thread 10413] [1.0] [cxt 0] Looking up key:

[13:58:15.589] [bmv2] [D] [thread 10413] [1.0] [cxt 0] Table 'tbl_source_routing_int82_0': miss
[13:58:15.589] [bmv2] [D] [thread 10413] [1.0] [cxt 0] Action entry is source_routing_int82_0 - 
[13:58:15.589] [bmv2] [T] [thread 10413] [1.0] [cxt 0] Action source_routing_int82_0
[13:58:15.589] [bmv2] [T] [thread 10413] [1.0] [cxt 0] /home/ubuntu/int/source-routing-INT/p4src/source_routing_int.p4(82) Primitive hdr.source_routes[0].isValid() && device_to_port.apply().hit
[13:58:15.589] [bmv2] [T] [thread 10413] [1.0] [cxt 0] Condition "node_9" (node_9) is false
[13:58:15.589] [bmv2] [T] [thread 10413] [1.0] [cxt 0] /home/ubuntu/int/source-routing-INT/p4src/source_routing_int.p4(90) Condition "hdr.ipv4.isValid()" (node_13) is true
[13:58:15.589] [bmv2] [T] [thread 10413] [1.0] [cxt 0] Applying table 'MyIngress.ipv4_lpm'
[13:58:15.589] [bmv2] [D] [thread 10413] [1.0] [cxt 0] Looking up key:
* hdr.ipv4.dstAddr    : 0a000402

[13:58:15.589] [bmv2] [D] [thread 10413] [1.0] [cxt 0] Table 'MyIngress.ipv4_lpm': hit with handle 1
[13:58:15.589] [bmv2] [D] [thread 10413] [1.0] [cxt 0] Dumping entry 1
Match key:
* hdr.ipv4.dstAddr    : LPM       0a000402/32
Action entry: MyIngress.ipv4_forward - a000402,3,

[13:58:15.589] [bmv2] [D] [thread 10413] [1.0] [cxt 0] Action entry is MyIngress.ipv4_forward - a000402,3,
[13:58:15.589] [bmv2] [T] [thread 10413] [1.0] [cxt 0] Action MyIngress.ipv4_forward
[13:58:15.589] [bmv2] [T] [thread 10413] [1.0] [cxt 0] /home/ubuntu/int/source-routing-INT/p4src/source_routing_int.p4(38) Primitive hdr.ethernet.srcAddr = hdr.ethernet.dstAddr
[13:58:15.589] [bmv2] [T] [thread 10413] [1.0] [cxt 0] /home/ubuntu/int/source-routing-INT/p4src/source_routing_int.p4(41) Primitive hdr.ethernet.dstAddr = dstAddr
[13:58:15.589] [bmv2] [T] [thread 10413] [1.0] [cxt 0] /home/ubuntu/int/source-routing-INT/p4src/source_routing_int.p4(44) Primitive standard_metadata.egress_spec = port
[13:58:15.590] [bmv2] [T] [thread 10413] [1.0] [cxt 0] /home/ubuntu/int/source-routing-INT/p4src/source_routing_int.p4(47) Primitive hdr.ipv4.ttl = hdr.ipv4.ttl - 1
[13:58:15.590] [bmv2] [T] [thread 10413] [1.0] [cxt 0] /home/ubuntu/int/source-routing-INT/p4src/source_routing_int.p4(93) Condition "hdr.source_routes[0].isValid()" (node_15) is true
[13:58:15.590] [bmv2] [T] [thread 10413] [1.0] [cxt 0] /home/ubuntu/int/source-routing-INT/p4src/source_routing_int.p4(95) Condition "hdr.source_routes[0].last_header == 1" (node_16) is true
[13:58:15.590] [bmv2] [T] [thread 10413] [1.0] [cxt 0] Applying table 'tbl_set_normal_ethernet_0'
[13:58:15.590] [bmv2] [D] [thread 10413] [1.0] [cxt 0] Looking up key:

[13:58:15.590] [bmv2] [D] [thread 10413] [1.0] [cxt 0] Table 'tbl_set_normal_ethernet_0': miss
[13:58:15.590] [bmv2] [D] [thread 10413] [1.0] [cxt 0] Action entry is MyIngress.set_normal_ethernet - 
[13:58:15.590] [bmv2] [T] [thread 10413] [1.0] [cxt 0] Action MyIngress.set_normal_ethernet
[13:58:15.590] [bmv2] [T] [thread 10413] [1.0] [cxt 0] /home/ubuntu/int/source-routing-INT/p4src/include/headers.p4(8) Primitive 0x800; ...
[13:58:15.590] [bmv2] [T] [thread 10413] [1.0] [cxt 0] Applying table 'tbl_source_routing_int98'
[13:58:15.590] [bmv2] [D] [thread 10413] [1.0] [cxt 0] Looking up key:

[13:58:15.590] [bmv2] [D] [thread 10413] [1.0] [cxt 0] Table 'tbl_source_routing_int98': miss
[13:58:15.590] [bmv2] [D] [thread 10413] [1.0] [cxt 0] Action entry is source_routing_int98 - 
[13:58:15.590] [bmv2] [T] [thread 10413] [1.0] [cxt 0] Action source_routing_int98
[13:58:15.590] [bmv2] [T] [thread 10413] [1.0] [cxt 0] /home/ubuntu/int/source-routing-INT/p4src/source_routing_int.p4(98) Primitive hdr.source_routes.pop_front(1)
[13:58:15.590] [bmv2] [D] [thread 10413] [1.0] [cxt 0] Pipeline 'ingress': end
[13:58:15.590] [bmv2] [D] [thread 10413] [1.0] [cxt 0] Egress port is 3
[13:58:15.591] [bmv2] [D] [thread 10417] [1.0] [cxt 0] Pipeline 'egress': start
[13:58:15.591] [bmv2] [T] [thread 10417] [1.0] [cxt 0] /home/ubuntu/int/source-routing-INT/p4src/source_routing_int.p4(143) Condition "hdr.int_count.isValid()" (node_21) is true
[13:58:15.591] [bmv2] [T] [thread 10417] [1.0] [cxt 0] Applying table 'MyEgress.int_table'
[13:58:15.591] [bmv2] [D] [thread 10417] [1.0] [cxt 0] Looking up key:

[13:58:15.591] [bmv2] [D] [thread 10417] [1.0] [cxt 0] Table 'MyEgress.int_table': miss
[13:58:15.591] [bmv2] [D] [thread 10417] [1.0] [cxt 0] Action entry is MyEgress.add_int_header - 4,
[13:58:15.591] [bmv2] [T] [thread 10417] [1.0] [cxt 0] Action MyEgress.add_int_header
[13:58:15.591] [bmv2] [T] [thread 10417] [1.0] [cxt 0] /home/ubuntu/int/source-routing-INT/p4src/source_routing_int.p4(117) Primitive hdr.int_count.num_switches = hdr.int_count.num_switches + 1
[13:58:15.591] [bmv2] [T] [thread 10417] [1.0] [cxt 0] /home/ubuntu/int/source-routing-INT/p4src/source_routing_int.p4(119) Primitive hdr.int_headers.push_front(1)
[13:58:15.591] [bmv2] [T] [thread 10417] [1.0] [cxt 0] /home/ubuntu/int/source-routing-INT/p4src/source_routing_int.p4(122) Primitive hdr.int_headers[0].setValid()
[13:58:15.592] [bmv2] [T] [thread 10417] [1.0] [cxt 0] /home/ubuntu/int/source-routing-INT/p4src/source_routing_int.p4(123) Primitive hdr.int_headers[0].switch_id = (bit<13>)swid
[13:58:15.592] [bmv2] [T] [thread 10417] [1.0] [cxt 0] /home/ubuntu/int/source-routing-INT/p4src/source_routing_int.p4(124) Primitive hdr.int_headers[0].queue_depth = (bit<13>)standard_metadata.deq_qdepth
[13:58:15.592] [bmv2] [T] [thread 10417] [1.0] [cxt 0] /home/ubuntu/int/source-routing-INT/p4src/source_routing_int.p4(125) Primitive hdr.int_headers[0].queue_time = (bit<32>)standard_metadata.deq_timedelta
[13:58:15.592] [bmv2] [T] [thread 10417] [1.0] [cxt 0] /home/ubuntu/int/source-routing-INT/p4src/source_routing_int.p4(126) Primitive hdr.int_headers[0].output_port = (bit<6>)standard_metadata.egress_port
[13:58:15.592] [bmv2] [T] [thread 10417] [1.0] [cxt 0] /home/ubuntu/int/source-routing-INT/p4src/source_routing_int.p4(129) Primitive hdr.ipv4.ihl = hdr.ipv4.ihl + 2
[13:58:15.592] [bmv2] [T] [thread 10417] [1.0] [cxt 0] /home/ubuntu/int/source-routing-INT/p4src/source_routing_int.p4(130) Primitive hdr.ipv4.totalLen = hdr.ipv4.totalLen + 8
[13:58:15.592] [bmv2] [T] [thread 10417] [1.0] [cxt 0] /home/ubuntu/int/source-routing-INT/p4src/source_routing_int.p4(131) Primitive hdr.ipv4_option.optionLength = hdr.ipv4_option.optionLength + 8
[13:58:15.592] [bmv2] [D] [thread 10417] [1.0] [cxt 0] Pipeline 'egress': end
[13:58:15.592] [bmv2] [D] [thread 10417] [1.0] [cxt 0] Deparser 'deparser': start
[13:58:15.592] [bmv2] [D] [thread 10417] [1.0] [cxt 0] Updating checksum 'cksum'
[13:58:15.592] [bmv2] [D] [thread 10417] [1.0] [cxt 0] Deparsing header 'ethernet'
[13:58:15.592] [bmv2] [D] [thread 10417] [1.0] [cxt 0] Deparsing header 'ipv4'
[13:58:15.592] [bmv2] [D] [thread 10417] [1.0] [cxt 0] Deparsing header 'ipv4_option'
[13:58:15.592] [bmv2] [D] [thread 10417] [1.0] [cxt 0] Deparsing header 'int_count'
[13:58:15.592] [bmv2] [D] [thread 10417] [1.0] [cxt 0] Deparsing header 'int_headers[0]'
[13:58:15.592] [bmv2] [D] [thread 10417] [1.0] [cxt 0] Deparsing header 'int_headers[1]'
[13:58:15.592] [bmv2] [D] [thread 10417] [1.0] [cxt 0] Deparsing header 'int_headers[2]'
[13:58:15.592] [bmv2] [D] [thread 10417] [1.0] [cxt 0] Deparser 'deparser': end
[13:58:15.593] [bmv2] [D] [thread 10418] [1.0] [cxt 0] Transmitting packet of size 78 out of port 3
[14:00:21.868] [bmv2] [D] [thread 10413] [2.0] [cxt 0] Processing packet received on port 1
[14:00:21.868] [bmv2] [D] [thread 10413] [2.0] [cxt 0] Parser 'parser': start
[14:00:21.868] [bmv2] [D] [thread 10413] [2.0] [cxt 0] Parser 'parser' entering state 'start'
[14:00:21.868] [bmv2] [D] [thread 10413] [2.0] [cxt 0] Extracting header 'ethernet'
[14:00:21.868] [bmv2] [D] [thread 10413] [2.0] [cxt 0] Parser state 'start': key is 0800
[14:00:21.868] [bmv2] [T] [thread 10413] [2.0] [cxt 0] Bytes parsed: 14
[14:00:21.868] [bmv2] [D] [thread 10413] [2.0] [cxt 0] Parser 'parser' entering state 'parse_ipv4'
[14:00:21.868] [bmv2] [D] [thread 10413] [2.0] [cxt 0] Extracting header 'ipv4'
[14:00:21.868] [bmv2] [D] [thread 10413] [2.0] [cxt 0] Parser set: setting field 'scalars.tmp_1' from expression, new value is 1
[14:00:21.869] [bmv2] [D] [thread 10413] [2.0] [cxt 0] Parser state 'parse_ipv4': key is 0a
[14:00:21.869] [bmv2] [T] [thread 10413] [2.0] [cxt 0] Bytes parsed: 34
[14:00:21.869] [bmv2] [D] [thread 10413] [2.0] [cxt 0] Parser 'parser' entering state 'parse_ipv4_option'
[14:00:21.869] [bmv2] [D] [thread 10413] [2.0] [cxt 0] Extracting header 'ipv4_option'
[14:00:21.869] [bmv2] [D] [thread 10413] [2.0] [cxt 0] Parser state 'parse_ipv4_option': key is 1f
[14:00:21.869] [bmv2] [T] [thread 10413] [2.0] [cxt 0] Bytes parsed: 36
[14:00:21.869] [bmv2] [D] [thread 10413] [2.0] [cxt 0] Parser 'parser' entering state 'parse_int'
[14:00:21.869] [bmv2] [D] [thread 10413] [2.0] [cxt 0] Extracting header 'int_count'
[14:00:21.869] [bmv2] [D] [thread 10413] [2.0] [cxt 0] Parser set: setting field 'scalars.userMetadata._parser_metadata_num_headers_remaining0' from field 'int_count.num_switches' (2)
[14:00:21.869] [bmv2] [D] [thread 10413] [2.0] [cxt 0] Parser state 'parse_int': key is 0002
[14:00:21.869] [bmv2] [T] [thread 10413] [2.0] [cxt 0] Bytes parsed: 38
[14:00:21.869] [bmv2] [D] [thread 10413] [2.0] [cxt 0] Parser 'parser' entering state 'parse_int_headers'
[14:00:21.869] [bmv2] [D] [thread 10413] [2.0] [cxt 0] Extracting to header stack 1, next header is 15
[14:00:21.869] [bmv2] [D] [thread 10413] [2.0] [cxt 0] Parser set: setting field 'scalars.userMetadata._parser_metadata_num_headers_remaining0' from expression, new value is 1
[14:00:21.869] [bmv2] [D] [thread 10413] [2.0] [cxt 0] Parser state 'parse_int_headers': key is 0001
[14:00:21.869] [bmv2] [T] [thread 10413] [2.0] [cxt 0] Bytes parsed: 46
[14:00:21.869] [bmv2] [D] [thread 10413] [2.0] [cxt 0] Parser 'parser' entering state 'parse_int_headers'
[14:00:21.869] [bmv2] [D] [thread 10413] [2.0] [cxt 0] Extracting to header stack 1, next header is 16
[14:00:21.869] [bmv2] [D] [thread 10413] [2.0] [cxt 0] Parser set: setting field 'scalars.userMetadata._parser_metadata_num_headers_remaining0' from expression, new value is 0
[14:00:21.869] [bmv2] [D] [thread 10413] [2.0] [cxt 0] Parser state 'parse_int_headers': key is 0000
[14:00:21.870] [bmv2] [T] [thread 10413] [2.0] [cxt 0] Bytes parsed: 54
[14:00:21.870] [bmv2] [D] [thread 10413] [2.0] [cxt 0] Parser 'parser': end
[14:00:21.870] [bmv2] [D] [thread 10413] [2.0] [cxt 0] Pipeline 'ingress': start
[14:00:21.870] [bmv2] [T] [thread 10413] [2.0] [cxt 0] /home/ubuntu/int/source-routing-INT/p4src/source_routing_int.p4(82) Condition "hdr.source_routes[0].isValid()" (node_2) is true
[14:00:21.870] [bmv2] [T] [thread 10413] [2.0] [cxt 0] Applying table 'tbl_source_routing_int82'
[14:00:21.870] [bmv2] [D] [thread 10413] [2.0] [cxt 0] Looking up key:

[14:00:21.870] [bmv2] [D] [thread 10413] [2.0] [cxt 0] Table 'tbl_source_routing_int82': miss
[14:00:21.870] [bmv2] [D] [thread 10413] [2.0] [cxt 0] Action entry is source_routing_int82 - 
[14:00:21.870] [bmv2] [T] [thread 10413] [2.0] [cxt 0] Action source_routing_int82
[14:00:21.870] [bmv2] [T] [thread 10413] [2.0] [cxt 0] /home/ubuntu/int/source-routing-INT/p4src/source_routing_int.p4(82) Primitive hdr.source_routes[0].isValid() && device_to_port.apply().hit
[14:00:21.870] [bmv2] [T] [thread 10413] [2.0] [cxt 0] Condition "node_9" (node_9) is false
[14:00:21.870] [bmv2] [T] [thread 10413] [2.0] [cxt 0] /home/ubuntu/int/source-routing-INT/p4src/source_routing_int.p4(90) Condition "hdr.ipv4.isValid()" (node_13) is true
[14:00:21.870] [bmv2] [T] [thread 10413] [2.0] [cxt 0] Applying table 'MyIngress.ipv4_lpm'
[14:00:21.870] [bmv2] [D] [thread 10413] [2.0] [cxt 0] Looking up key:
* hdr.ipv4.dstAddr    : 0a000402

[14:00:21.870] [bmv2] [D] [thread 10413] [2.0] [cxt 0] Table 'MyIngress.ipv4_lpm': hit with handle 1
[14:00:21.870] [bmv2] [D] [thread 10413] [2.0] [cxt 0] Dumping entry 1
Match key:
* hdr.ipv4.dstAddr    : LPM       0a000402/32
Action entry: MyIngress.ipv4_forward - a000402,3,

[14:00:21.870] [bmv2] [D] [thread 10413] [2.0] [cxt 0] Action entry is MyIngress.ipv4_forward - a000402,3,
[14:00:21.870] [bmv2] [T] [thread 10413] [2.0] [cxt 0] Action MyIngress.ipv4_forward
[14:00:21.870] [bmv2] [T] [thread 10413] [2.0] [cxt 0] /home/ubuntu/int/source-routing-INT/p4src/source_routing_int.p4(38) Primitive hdr.ethernet.srcAddr = hdr.ethernet.dstAddr
[14:00:21.870] [bmv2] [T] [thread 10413] [2.0] [cxt 0] /home/ubuntu/int/source-routing-INT/p4src/source_routing_int.p4(41) Primitive hdr.ethernet.dstAddr = dstAddr
[14:00:21.870] [bmv2] [T] [thread 10413] [2.0] [cxt 0] /home/ubuntu/int/source-routing-INT/p4src/source_routing_int.p4(44) Primitive standard_metadata.egress_spec = port
[14:00:21.871] [bmv2] [T] [thread 10413] [2.0] [cxt 0] /home/ubuntu/int/source-routing-INT/p4src/source_routing_int.p4(47) Primitive hdr.ipv4.ttl = hdr.ipv4.ttl - 1
[14:00:21.871] [bmv2] [T] [thread 10413] [2.0] [cxt 0] /home/ubuntu/int/source-routing-INT/p4src/source_routing_int.p4(93) Condition "hdr.source_routes[0].isValid()" (node_15) is false
[14:00:21.871] [bmv2] [D] [thread 10413] [2.0] [cxt 0] Pipeline 'ingress': end
[14:00:21.871] [bmv2] [D] [thread 10413] [2.0] [cxt 0] Egress port is 3
[14:00:21.871] [bmv2] [D] [thread 10417] [2.0] [cxt 0] Pipeline 'egress': start
[14:00:21.871] [bmv2] [T] [thread 10417] [2.0] [cxt 0] /home/ubuntu/int/source-routing-INT/p4src/source_routing_int.p4(143) Condition "hdr.int_count.isValid()" (node_21) is true
[14:00:21.871] [bmv2] [T] [thread 10417] [2.0] [cxt 0] Applying table 'MyEgress.int_table'
[14:00:21.871] [bmv2] [D] [thread 10417] [2.0] [cxt 0] Looking up key:

[14:00:21.871] [bmv2] [D] [thread 10417] [2.0] [cxt 0] Table 'MyEgress.int_table': miss
[14:00:21.871] [bmv2] [D] [thread 10417] [2.0] [cxt 0] Action entry is MyEgress.add_int_header - 4,
[14:00:21.871] [bmv2] [T] [thread 10417] [2.0] [cxt 0] Action MyEgress.add_int_header
[14:00:21.871] [bmv2] [T] [thread 10417] [2.0] [cxt 0] /home/ubuntu/int/source-routing-INT/p4src/source_routing_int.p4(117) Primitive hdr.int_count.num_switches = hdr.int_count.num_switches + 1
[14:00:21.871] [bmv2] [T] [thread 10417] [2.0] [cxt 0] /home/ubuntu/int/source-routing-INT/p4src/source_routing_int.p4(119) Primitive hdr.int_headers.push_front(1)
[14:00:21.872] [bmv2] [T] [thread 10417] [2.0] [cxt 0] /home/ubuntu/int/source-routing-INT/p4src/source_routing_int.p4(122) Primitive hdr.int_headers[0].setValid()
[14:00:21.872] [bmv2] [T] [thread 10417] [2.0] [cxt 0] /home/ubuntu/int/source-routing-INT/p4src/source_routing_int.p4(123) Primitive hdr.int_headers[0].switch_id = (bit<13>)swid
[14:00:21.872] [bmv2] [T] [thread 10417] [2.0] [cxt 0] /home/ubuntu/int/source-routing-INT/p4src/source_routing_int.p4(124) Primitive hdr.int_headers[0].queue_depth = (bit<13>)standard_metadata.deq_qdepth
[14:00:21.872] [bmv2] [T] [thread 10417] [2.0] [cxt 0] /home/ubuntu/int/source-routing-INT/p4src/source_routing_int.p4(125) Primitive hdr.int_headers[0].queue_time = (bit<32>)standard_metadata.deq_timedelta
[14:00:21.872] [bmv2] [T] [thread 10417] [2.0] [cxt 0] /home/ubuntu/int/source-routing-INT/p4src/source_routing_int.p4(126) Primitive hdr.int_headers[0].output_port = (bit<6>)standard_metadata.egress_port
[14:00:21.872] [bmv2] [T] [thread 10417] [2.0] [cxt 0] /home/ubuntu/int/source-routing-INT/p4src/source_routing_int.p4(129) Primitive hdr.ipv4.ihl = hdr.ipv4.ihl + 2
[14:00:21.872] [bmv2] [T] [thread 10417] [2.0] [cxt 0] /home/ubuntu/int/source-routing-INT/p4src/source_routing_int.p4(130) Primitive hdr.ipv4.totalLen = hdr.ipv4.totalLen + 8
[14:00:21.872] [bmv2] [T] [thread 10417] [2.0] [cxt 0] /home/ubuntu/int/source-routing-INT/p4src/source_routing_int.p4(131) Primitive hdr.ipv4_option.optionLength = hdr.ipv4_option.optionLength + 8
[14:00:21.872] [bmv2] [D] [thread 10417] [2.0] [cxt 0] Pipeline 'egress': end
[14:00:21.872] [bmv2] [D] [thread 10417] [2.0] [cxt 0] Deparser 'deparser': start
[14:00:21.872] [bmv2] [D] [thread 10417] [2.0] [cxt 0] Updating checksum 'cksum'
[14:00:21.872] [bmv2] [D] [thread 10417] [2.0] [cxt 0] Deparsing header 'ethernet'
[14:00:21.872] [bmv2] [D] [thread 10417] [2.0] [cxt 0] Deparsing header 'ipv4'
[14:00:21.872] [bmv2] [D] [thread 10417] [2.0] [cxt 0] Deparsing header 'ipv4_option'
[14:00:21.872] [bmv2] [D] [thread 10417] [2.0] [cxt 0] Deparsing header 'int_count'
[14:00:21.872] [bmv2] [D] [thread 10417] [2.0] [cxt 0] Deparsing header 'int_headers[0]'
[14:00:21.872] [bmv2] [D] [thread 10417] [2.0] [cxt 0] Deparsing header 'int_headers[1]'
[14:00:21.872] [bmv2] [D] [thread 10417] [2.0] [cxt 0] Deparsing header 'int_headers[2]'
[14:00:21.872] [bmv2] [D] [thread 10417] [2.0] [cxt 0] Deparser 'deparser': end
[14:00:21.872] [bmv2] [D] [thread 10418] [2.0] [cxt 0] Transmitting packet of size 78 out of port 3
[14:00:33.502] [bmv2] [D] [thread 10413] [3.0] [cxt 0] Processing packet received on port 1
[14:00:33.502] [bmv2] [D] [thread 10413] [3.0] [cxt 0] Parser 'parser': start
[14:00:33.502] [bmv2] [D] [thread 10413] [3.0] [cxt 0] Parser 'parser' entering state 'start'
[14:00:33.502] [bmv2] [D] [thread 10413] [3.0] [cxt 0] Extracting header 'ethernet'
[14:00:33.503] [bmv2] [D] [thread 10413] [3.0] [cxt 0] Parser state 'start': key is 0800
[14:00:33.503] [bmv2] [T] [thread 10413] [3.0] [cxt 0] Bytes parsed: 14
[14:00:33.503] [bmv2] [D] [thread 10413] [3.0] [cxt 0] Parser 'parser' entering state 'parse_ipv4'
[14:00:33.503] [bmv2] [D] [thread 10413] [3.0] [cxt 0] Extracting header 'ipv4'
[14:00:33.503] [bmv2] [D] [thread 10413] [3.0] [cxt 0] Parser set: setting field 'scalars.tmp_1' from expression, new value is 1
[14:00:33.503] [bmv2] [D] [thread 10413] [3.0] [cxt 0] Parser state 'parse_ipv4': key is 0a
[14:00:33.503] [bmv2] [T] [thread 10413] [3.0] [cxt 0] Bytes parsed: 34
[14:00:33.503] [bmv2] [D] [thread 10413] [3.0] [cxt 0] Parser 'parser' entering state 'parse_ipv4_option'
[14:00:33.503] [bmv2] [D] [thread 10413] [3.0] [cxt 0] Extracting header 'ipv4_option'
[14:00:33.503] [bmv2] [D] [thread 10413] [3.0] [cxt 0] Parser state 'parse_ipv4_option': key is 1f
[14:00:33.503] [bmv2] [T] [thread 10413] [3.0] [cxt 0] Bytes parsed: 36
[14:00:33.503] [bmv2] [D] [thread 10413] [3.0] [cxt 0] Parser 'parser' entering state 'parse_int'
[14:00:33.503] [bmv2] [D] [thread 10413] [3.0] [cxt 0] Extracting header 'int_count'
[14:00:33.503] [bmv2] [D] [thread 10413] [3.0] [cxt 0] Parser set: setting field 'scalars.userMetadata._parser_metadata_num_headers_remaining0' from field 'int_count.num_switches' (2)
[14:00:33.503] [bmv2] [D] [thread 10413] [3.0] [cxt 0] Parser state 'parse_int': key is 0002
[14:00:33.503] [bmv2] [T] [thread 10413] [3.0] [cxt 0] Bytes parsed: 38
[14:00:33.503] [bmv2] [D] [thread 10413] [3.0] [cxt 0] Parser 'parser' entering state 'parse_int_headers'
[14:00:33.503] [bmv2] [D] [thread 10413] [3.0] [cxt 0] Extracting to header stack 1, next header is 15
[14:00:33.503] [bmv2] [D] [thread 10413] [3.0] [cxt 0] Parser set: setting field 'scalars.userMetadata._parser_metadata_num_headers_remaining0' from expression, new value is 1
[14:00:33.503] [bmv2] [D] [thread 10413] [3.0] [cxt 0] Parser state 'parse_int_headers': key is 0001
[14:00:33.503] [bmv2] [T] [thread 10413] [3.0] [cxt 0] Bytes parsed: 46
[14:00:33.503] [bmv2] [D] [thread 10413] [3.0] [cxt 0] Parser 'parser' entering state 'parse_int_headers'
[14:00:33.503] [bmv2] [D] [thread 10413] [3.0] [cxt 0] Extracting to header stack 1, next header is 16
[14:00:33.503] [bmv2] [D] [thread 10413] [3.0] [cxt 0] Parser set: setting field 'scalars.userMetadata._parser_metadata_num_headers_remaining0' from expression, new value is 0
[14:00:33.503] [bmv2] [D] [thread 10413] [3.0] [cxt 0] Parser state 'parse_int_headers': key is 0000
[14:00:33.504] [bmv2] [T] [thread 10413] [3.0] [cxt 0] Bytes parsed: 54
[14:00:33.504] [bmv2] [D] [thread 10413] [3.0] [cxt 0] Parser 'parser': end
[14:00:33.504] [bmv2] [D] [thread 10413] [3.0] [cxt 0] Pipeline 'ingress': start
[14:00:33.504] [bmv2] [T] [thread 10413] [3.0] [cxt 0] /home/ubuntu/int/source-routing-INT/p4src/source_routing_int.p4(82) Condition "hdr.source_routes[0].isValid()" (node_2) is true
[14:00:33.504] [bmv2] [T] [thread 10413] [3.0] [cxt 0] Applying table 'tbl_source_routing_int82'
[14:00:33.504] [bmv2] [D] [thread 10413] [3.0] [cxt 0] Looking up key:

[14:00:33.504] [bmv2] [D] [thread 10413] [3.0] [cxt 0] Table 'tbl_source_routing_int82': miss
[14:00:33.504] [bmv2] [D] [thread 10413] [3.0] [cxt 0] Action entry is source_routing_int82 - 
[14:00:33.504] [bmv2] [T] [thread 10413] [3.0] [cxt 0] Action source_routing_int82
[14:00:33.504] [bmv2] [T] [thread 10413] [3.0] [cxt 0] /home/ubuntu/int/source-routing-INT/p4src/source_routing_int.p4(82) Primitive hdr.source_routes[0].isValid() && device_to_port.apply().hit
[14:00:33.504] [bmv2] [T] [thread 10413] [3.0] [cxt 0] Condition "node_9" (node_9) is false
[14:00:33.504] [bmv2] [T] [thread 10413] [3.0] [cxt 0] /home/ubuntu/int/source-routing-INT/p4src/source_routing_int.p4(90) Condition "hdr.ipv4.isValid()" (node_13) is true
[14:00:33.504] [bmv2] [T] [thread 10413] [3.0] [cxt 0] Applying table 'MyIngress.ipv4_lpm'
[14:00:33.504] [bmv2] [D] [thread 10413] [3.0] [cxt 0] Looking up key:
* hdr.ipv4.dstAddr    : 0a000402

[14:00:33.504] [bmv2] [D] [thread 10413] [3.0] [cxt 0] Table 'MyIngress.ipv4_lpm': hit with handle 1
[14:00:33.504] [bmv2] [D] [thread 10413] [3.0] [cxt 0] Dumping entry 1
Match key:
* hdr.ipv4.dstAddr    : LPM       0a000402/32
Action entry: MyIngress.ipv4_forward - a000402,3,

[14:00:33.504] [bmv2] [D] [thread 10413] [3.0] [cxt 0] Action entry is MyIngress.ipv4_forward - a000402,3,
[14:00:33.504] [bmv2] [T] [thread 10413] [3.0] [cxt 0] Action MyIngress.ipv4_forward
[14:00:33.504] [bmv2] [T] [thread 10413] [3.0] [cxt 0] /home/ubuntu/int/source-routing-INT/p4src/source_routing_int.p4(38) Primitive hdr.ethernet.srcAddr = hdr.ethernet.dstAddr
[14:00:33.504] [bmv2] [T] [thread 10413] [3.0] [cxt 0] /home/ubuntu/int/source-routing-INT/p4src/source_routing_int.p4(41) Primitive hdr.ethernet.dstAddr = dstAddr
[14:00:33.504] [bmv2] [T] [thread 10413] [3.0] [cxt 0] /home/ubuntu/int/source-routing-INT/p4src/source_routing_int.p4(44) Primitive standard_metadata.egress_spec = port
[14:00:33.504] [bmv2] [T] [thread 10413] [3.0] [cxt 0] /home/ubuntu/int/source-routing-INT/p4src/source_routing_int.p4(47) Primitive hdr.ipv4.ttl = hdr.ipv4.ttl - 1
[14:00:33.504] [bmv2] [T] [thread 10413] [3.0] [cxt 0] /home/ubuntu/int/source-routing-INT/p4src/source_routing_int.p4(93) Condition "hdr.source_routes[0].isValid()" (node_15) is false
[14:00:33.504] [bmv2] [D] [thread 10413] [3.0] [cxt 0] Pipeline 'ingress': end
[14:00:33.505] [bmv2] [D] [thread 10413] [3.0] [cxt 0] Egress port is 3
[14:00:33.505] [bmv2] [D] [thread 10417] [3.0] [cxt 0] Pipeline 'egress': start
[14:00:33.505] [bmv2] [T] [thread 10417] [3.0] [cxt 0] /home/ubuntu/int/source-routing-INT/p4src/source_routing_int.p4(143) Condition "hdr.int_count.isValid()" (node_21) is true
[14:00:33.505] [bmv2] [T] [thread 10417] [3.0] [cxt 0] Applying table 'MyEgress.int_table'
[14:00:33.505] [bmv2] [D] [thread 10417] [3.0] [cxt 0] Looking up key:

[14:00:33.505] [bmv2] [D] [thread 10417] [3.0] [cxt 0] Table 'MyEgress.int_table': miss
[14:00:33.505] [bmv2] [D] [thread 10417] [3.0] [cxt 0] Action entry is MyEgress.add_int_header - 4,
[14:00:33.505] [bmv2] [T] [thread 10417] [3.0] [cxt 0] Action MyEgress.add_int_header
[14:00:33.505] [bmv2] [T] [thread 10417] [3.0] [cxt 0] /home/ubuntu/int/source-routing-INT/p4src/source_routing_int.p4(117) Primitive hdr.int_count.num_switches = hdr.int_count.num_switches + 1
[14:00:33.505] [bmv2] [T] [thread 10417] [3.0] [cxt 0] /home/ubuntu/int/source-routing-INT/p4src/source_routing_int.p4(119) Primitive hdr.int_headers.push_front(1)
[14:00:33.505] [bmv2] [T] [thread 10417] [3.0] [cxt 0] /home/ubuntu/int/source-routing-INT/p4src/source_routing_int.p4(122) Primitive hdr.int_headers[0].setValid()
[14:00:33.505] [bmv2] [T] [thread 10417] [3.0] [cxt 0] /home/ubuntu/int/source-routing-INT/p4src/source_routing_int.p4(123) Primitive hdr.int_headers[0].switch_id = (bit<13>)swid
[14:00:33.505] [bmv2] [T] [thread 10417] [3.0] [cxt 0] /home/ubuntu/int/source-routing-INT/p4src/source_routing_int.p4(124) Primitive hdr.int_headers[0].queue_depth = (bit<13>)standard_metadata.deq_qdepth
[14:00:33.505] [bmv2] [T] [thread 10417] [3.0] [cxt 0] /home/ubuntu/int/source-routing-INT/p4src/source_routing_int.p4(125) Primitive hdr.int_headers[0].queue_time = (bit<32>)standard_metadata.deq_timedelta
[14:00:33.505] [bmv2] [T] [thread 10417] [3.0] [cxt 0] /home/ubuntu/int/source-routing-INT/p4src/source_routing_int.p4(126) Primitive hdr.int_headers[0].output_port = (bit<6>)standard_metadata.egress_port
[14:00:33.506] [bmv2] [T] [thread 10417] [3.0] [cxt 0] /home/ubuntu/int/source-routing-INT/p4src/source_routing_int.p4(129) Primitive hdr.ipv4.ihl = hdr.ipv4.ihl + 2
[14:00:33.506] [bmv2] [T] [thread 10417] [3.0] [cxt 0] /home/ubuntu/int/source-routing-INT/p4src/source_routing_int.p4(130) Primitive hdr.ipv4.totalLen = hdr.ipv4.totalLen + 8
[14:00:33.506] [bmv2] [T] [thread 10417] [3.0] [cxt 0] /home/ubuntu/int/source-routing-INT/p4src/source_routing_int.p4(131) Primitive hdr.ipv4_option.optionLength = hdr.ipv4_option.optionLength + 8
[14:00:33.506] [bmv2] [D] [thread 10417] [3.0] [cxt 0] Pipeline 'egress': end
[14:00:33.506] [bmv2] [D] [thread 10417] [3.0] [cxt 0] Deparser 'deparser': start
[14:00:33.506] [bmv2] [D] [thread 10417] [3.0] [cxt 0] Updating checksum 'cksum'
[14:00:33.506] [bmv2] [D] [thread 10417] [3.0] [cxt 0] Deparsing header 'ethernet'
[14:00:33.506] [bmv2] [D] [thread 10417] [3.0] [cxt 0] Deparsing header 'ipv4'
[14:00:33.506] [bmv2] [D] [thread 10417] [3.0] [cxt 0] Deparsing header 'ipv4_option'
[14:00:33.506] [bmv2] [D] [thread 10417] [3.0] [cxt 0] Deparsing header 'int_count'
[14:00:33.506] [bmv2] [D] [thread 10417] [3.0] [cxt 0] Deparsing header 'int_headers[0]'
[14:00:33.506] [bmv2] [D] [thread 10417] [3.0] [cxt 0] Deparsing header 'int_headers[1]'
[14:00:33.506] [bmv2] [D] [thread 10417] [3.0] [cxt 0] Deparsing header 'int_headers[2]'
[14:00:33.506] [bmv2] [D] [thread 10417] [3.0] [cxt 0] Deparser 'deparser': end
[14:00:33.506] [bmv2] [D] [thread 10418] [3.0] [cxt 0] Transmitting packet of size 78 out of port 3
