Warning: you requested the nanomsg event logger, but bmv2 was compiled without -DBMELOG, and the event logger cannot be activated
Calling target program-options parser
[22:44:37.641] [bmv2] [D] [thread 3441] Set default default entry for table 'tbl_source_routing82': source_routing82 - 
[22:44:37.641] [bmv2] [D] [thread 3441] Set default default entry for table 'tbl_source_routing67': source_routing67 - 
[22:44:37.642] [bmv2] [D] [thread 3441] Set default default entry for table 'MyIngress.device_to_port': NoAction - 
[22:44:37.642] [bmv2] [D] [thread 3441] Set default default entry for table 'tbl_act': act - 
[22:44:37.642] [bmv2] [D] [thread 3441] Set default default entry for table 'tbl_act_0': act_0 - 
[22:44:37.642] [bmv2] [D] [thread 3441] Set default default entry for table 'tbl_source_routing82_0': source_routing82_0 - 
[22:44:37.642] [bmv2] [D] [thread 3441] Set default default entry for table 'tbl_set_normal_ethernet': MyIngress.set_normal_ethernet - 
[22:44:37.642] [bmv2] [D] [thread 3441] Set default default entry for table 'tbl_source_routing87': source_routing87 - 
[22:44:37.642] [bmv2] [D] [thread 3441] Set default default entry for table 'MyIngress.ipv4_lpm': NoAction - 
[22:44:37.642] [bmv2] [D] [thread 3441] Set default default entry for table 'tbl_set_normal_ethernet_0': MyIngress.set_normal_ethernet - 
[22:44:37.642] [bmv2] [D] [thread 3441] Set default default entry for table 'tbl_source_routing98': source_routing98 - 
Adding interface s2-eth1 as port 1
[22:44:37.650] [bmv2] [D] [thread 3441] Adding interface s2-eth1 as port 1
Adding interface s2-eth2 as port 2
[22:44:37.717] [bmv2] [D] [thread 3441] Adding interface s2-eth2 as port 2
[22:44:37.758] [bmv2] [I] [thread 3441] Starting Thrift server on port 9091
[22:44:37.758] [bmv2] [I] [thread 3441] Thrift server was started
[22:44:37.867] [bmv2] [D] [thread 3447] [0.0] [cxt 0] Processing packet received on port 1
[22:44:37.867] [bmv2] [D] [thread 3447] [0.0] [cxt 0] Parser 'parser': start
[22:44:37.867] [bmv2] [D] [thread 3447] [0.0] [cxt 0] Parser 'parser' entering state 'start'
[22:44:37.867] [bmv2] [D] [thread 3447] [0.0] [cxt 0] Extracting header 'ethernet'
[22:44:37.867] [bmv2] [D] [thread 3447] [0.0] [cxt 0] Parser state 'start': key is 86dd
[22:44:37.867] [bmv2] [T] [thread 3447] [0.0] [cxt 0] Bytes parsed: 14
[22:44:37.867] [bmv2] [D] [thread 3447] [0.0] [cxt 0] Parser 'parser': end
[22:44:37.867] [bmv2] [D] [thread 3447] [0.0] [cxt 0] Pipeline 'ingress': start
[22:44:37.867] [bmv2] [T] [thread 3447] [0.0] [cxt 0] /home/ubuntu/int/source-routing-INT/p4src/source_routing.p4(82) Condition "hdr.source_routes[0].isValid()" (node_2) is true
[22:44:37.867] [bmv2] [T] [thread 3447] [0.0] [cxt 0] Applying table 'tbl_source_routing82'
[22:44:37.867] [bmv2] [D] [thread 3447] [0.0] [cxt 0] Looking up key:

[22:44:37.867] [bmv2] [D] [thread 3447] [0.0] [cxt 0] Table 'tbl_source_routing82': miss
[22:44:37.867] [bmv2] [D] [thread 3447] [0.0] [cxt 0] Action entry is source_routing82 - 
[22:44:37.867] [bmv2] [T] [thread 3447] [0.0] [cxt 0] Action source_routing82
[22:44:37.867] [bmv2] [T] [thread 3447] [0.0] [cxt 0] /home/ubuntu/int/source-routing-INT/p4src/source_routing.p4(82) Primitive hdr.source_routes[0].isValid() && device_to_port.apply().hit
[22:44:37.867] [bmv2] [T] [thread 3447] [0.0] [cxt 0] Condition "node_9" (node_9) is false
[22:44:37.867] [bmv2] [T] [thread 3447] [0.0] [cxt 0] /home/ubuntu/int/source-routing-INT/p4src/source_routing.p4(90) Condition "hdr.ipv4.isValid()" (node_13) is false
[22:44:37.867] [bmv2] [D] [thread 3447] [0.0] [cxt 0] Pipeline 'ingress': end
[22:44:37.868] [bmv2] [D] [thread 3447] [0.0] [cxt 0] Egress port is 0
[22:44:37.868] [bmv2] [D] [thread 3448] [0.0] [cxt 0] Pipeline 'egress': start
[22:44:37.868] [bmv2] [D] [thread 3448] [0.0] [cxt 0] Pipeline 'egress': end
[22:44:37.868] [bmv2] [D] [thread 3448] [0.0] [cxt 0] Deparser 'deparser': start
[22:44:37.868] [bmv2] [T] [thread 3448] [0.0] [cxt 0] Skipping checksum 'cksum' update because condition not met
[22:44:37.868] [bmv2] [D] [thread 3448] [0.0] [cxt 0] Deparsing header 'ethernet'
[22:44:37.868] [bmv2] [D] [thread 3448] [0.0] [cxt 0] Deparser 'deparser': end
[22:44:37.868] [bmv2] [D] [thread 3452] [0.0] [cxt 0] Transmitting packet of size 86 out of port 0
[22:44:37.897] [bmv2] [D] [thread 3447] [1.0] [cxt 0] Processing packet received on port 2
[22:44:37.898] [bmv2] [D] [thread 3447] [1.0] [cxt 0] Parser 'parser': start
[22:44:37.898] [bmv2] [D] [thread 3447] [1.0] [cxt 0] Parser 'parser' entering state 'start'
[22:44:37.898] [bmv2] [D] [thread 3447] [1.0] [cxt 0] Extracting header 'ethernet'
[22:44:37.898] [bmv2] [D] [thread 3447] [1.0] [cxt 0] Parser state 'start': key is 86dd
[22:44:37.898] [bmv2] [T] [thread 3447] [1.0] [cxt 0] Bytes parsed: 14
[22:44:37.898] [bmv2] [D] [thread 3447] [1.0] [cxt 0] Parser 'parser': end
[22:44:37.898] [bmv2] [D] [thread 3447] [1.0] [cxt 0] Pipeline 'ingress': start
[22:44:37.898] [bmv2] [T] [thread 3447] [1.0] [cxt 0] /home/ubuntu/int/source-routing-INT/p4src/source_routing.p4(82) Condition "hdr.source_routes[0].isValid()" (node_2) is true
[22:44:37.898] [bmv2] [T] [thread 3447] [1.0] [cxt 0] Applying table 'tbl_source_routing82'
[22:44:37.898] [bmv2] [D] [thread 3447] [1.0] [cxt 0] Looking up key:

[22:44:37.898] [bmv2] [D] [thread 3447] [1.0] [cxt 0] Table 'tbl_source_routing82': miss
[22:44:37.898] [bmv2] [D] [thread 3447] [1.0] [cxt 0] Action entry is source_routing82 - 
[22:44:37.898] [bmv2] [T] [thread 3447] [1.0] [cxt 0] Action source_routing82
[22:44:37.898] [bmv2] [T] [thread 3447] [1.0] [cxt 0] /home/ubuntu/int/source-routing-INT/p4src/source_routing.p4(82) Primitive hdr.source_routes[0].isValid() && device_to_port.apply().hit
[22:44:37.898] [bmv2] [T] [thread 3447] [1.0] [cxt 0] Condition "node_9" (node_9) is false
[22:44:37.898] [bmv2] [T] [thread 3447] [1.0] [cxt 0] /home/ubuntu/int/source-routing-INT/p4src/source_routing.p4(90) Condition "hdr.ipv4.isValid()" (node_13) is false
[22:44:37.898] [bmv2] [D] [thread 3447] [1.0] [cxt 0] Pipeline 'ingress': end
[22:44:37.898] [bmv2] [D] [thread 3447] [1.0] [cxt 0] Egress port is 0
[22:44:37.898] [bmv2] [D] [thread 3448] [1.0] [cxt 0] Pipeline 'egress': start
[22:44:37.898] [bmv2] [D] [thread 3448] [1.0] [cxt 0] Pipeline 'egress': end
[22:44:37.899] [bmv2] [D] [thread 3448] [1.0] [cxt 0] Deparser 'deparser': start
[22:44:37.899] [bmv2] [T] [thread 3448] [1.0] [cxt 0] Skipping checksum 'cksum' update because condition not met
[22:44:37.899] [bmv2] [D] [thread 3448] [1.0] [cxt 0] Deparsing header 'ethernet'
[22:44:37.899] [bmv2] [D] [thread 3448] [1.0] [cxt 0] Deparser 'deparser': end
[22:44:37.899] [bmv2] [D] [thread 3452] [1.0] [cxt 0] Transmitting packet of size 86 out of port 0
[22:44:37.929] [bmv2] [D] [thread 3447] [2.0] [cxt 0] Processing packet received on port 1
[22:44:37.930] [bmv2] [D] [thread 3447] [2.0] [cxt 0] Parser 'parser': start
[22:44:37.930] [bmv2] [D] [thread 3447] [2.0] [cxt 0] Parser 'parser' entering state 'start'
[22:44:37.930] [bmv2] [D] [thread 3447] [2.0] [cxt 0] Extracting header 'ethernet'
[22:44:37.930] [bmv2] [D] [thread 3447] [2.0] [cxt 0] Parser state 'start': key is 86dd
[22:44:37.930] [bmv2] [T] [thread 3447] [2.0] [cxt 0] Bytes parsed: 14
[22:44:37.930] [bmv2] [D] [thread 3447] [2.0] [cxt 0] Parser 'parser': end
[22:44:37.930] [bmv2] [D] [thread 3447] [2.0] [cxt 0] Pipeline 'ingress': start
[22:44:37.930] [bmv2] [T] [thread 3447] [2.0] [cxt 0] /home/ubuntu/int/source-routing-INT/p4src/source_routing.p4(82) Condition "hdr.source_routes[0].isValid()" (node_2) is true
[22:44:37.930] [bmv2] [T] [thread 3447] [2.0] [cxt 0] Applying table 'tbl_source_routing82'
[22:44:37.930] [bmv2] [D] [thread 3447] [2.0] [cxt 0] Looking up key:

[22:44:37.930] [bmv2] [D] [thread 3447] [2.0] [cxt 0] Table 'tbl_source_routing82': miss
[22:44:37.930] [bmv2] [D] [thread 3447] [2.0] [cxt 0] Action entry is source_routing82 - 
[22:44:37.930] [bmv2] [T] [thread 3447] [2.0] [cxt 0] Action source_routing82
[22:44:37.930] [bmv2] [T] [thread 3447] [2.0] [cxt 0] /home/ubuntu/int/source-routing-INT/p4src/source_routing.p4(82) Primitive hdr.source_routes[0].isValid() && device_to_port.apply().hit
[22:44:37.930] [bmv2] [T] [thread 3447] [2.0] [cxt 0] Condition "node_9" (node_9) is false
[22:44:37.930] [bmv2] [T] [thread 3447] [2.0] [cxt 0] /home/ubuntu/int/source-routing-INT/p4src/source_routing.p4(90) Condition "hdr.ipv4.isValid()" (node_13) is false
[22:44:37.930] [bmv2] [D] [thread 3447] [2.0] [cxt 0] Pipeline 'ingress': end
[22:44:37.930] [bmv2] [D] [thread 3447] [2.0] [cxt 0] Egress port is 0
[22:44:37.930] [bmv2] [D] [thread 3448] [2.0] [cxt 0] Pipeline 'egress': start
[22:44:37.931] [bmv2] [D] [thread 3448] [2.0] [cxt 0] Pipeline 'egress': end
[22:44:37.931] [bmv2] [D] [thread 3448] [2.0] [cxt 0] Deparser 'deparser': start
[22:44:37.931] [bmv2] [T] [thread 3448] [2.0] [cxt 0] Skipping checksum 'cksum' update because condition not met
[22:44:37.931] [bmv2] [D] [thread 3448] [2.0] [cxt 0] Deparsing header 'ethernet'
[22:44:37.931] [bmv2] [D] [thread 3448] [2.0] [cxt 0] Deparser 'deparser': end
[22:44:37.931] [bmv2] [D] [thread 3452] [2.0] [cxt 0] Transmitting packet of size 86 out of port 0
[22:44:37.961] [bmv2] [D] [thread 3447] [3.0] [cxt 0] Processing packet received on port 2
[22:44:37.962] [bmv2] [D] [thread 3447] [3.0] [cxt 0] Parser 'parser': start
[22:44:37.962] [bmv2] [D] [thread 3447] [3.0] [cxt 0] Parser 'parser' entering state 'start'
[22:44:37.962] [bmv2] [D] [thread 3447] [3.0] [cxt 0] Extracting header 'ethernet'
[22:44:37.962] [bmv2] [D] [thread 3447] [3.0] [cxt 0] Parser state 'start': key is 86dd
[22:44:37.962] [bmv2] [T] [thread 3447] [3.0] [cxt 0] Bytes parsed: 14
[22:44:37.962] [bmv2] [D] [thread 3447] [3.0] [cxt 0] Parser 'parser': end
[22:44:37.962] [bmv2] [D] [thread 3447] [3.0] [cxt 0] Pipeline 'ingress': start
[22:44:37.962] [bmv2] [T] [thread 3447] [3.0] [cxt 0] /home/ubuntu/int/source-routing-INT/p4src/source_routing.p4(82) Condition "hdr.source_routes[0].isValid()" (node_2) is true
[22:44:37.962] [bmv2] [T] [thread 3447] [3.0] [cxt 0] Applying table 'tbl_source_routing82'
[22:44:37.962] [bmv2] [D] [thread 3447] [3.0] [cxt 0] Looking up key:

[22:44:37.962] [bmv2] [D] [thread 3447] [3.0] [cxt 0] Table 'tbl_source_routing82': miss
[22:44:37.962] [bmv2] [D] [thread 3447] [3.0] [cxt 0] Action entry is source_routing82 - 
[22:44:37.962] [bmv2] [T] [thread 3447] [3.0] [cxt 0] Action source_routing82
[22:44:37.962] [bmv2] [T] [thread 3447] [3.0] [cxt 0] /home/ubuntu/int/source-routing-INT/p4src/source_routing.p4(82) Primitive hdr.source_routes[0].isValid() && device_to_port.apply().hit
[22:44:37.962] [bmv2] [T] [thread 3447] [3.0] [cxt 0] Condition "node_9" (node_9) is false
[22:44:37.962] [bmv2] [T] [thread 3447] [3.0] [cxt 0] /home/ubuntu/int/source-routing-INT/p4src/source_routing.p4(90) Condition "hdr.ipv4.isValid()" (node_13) is false
[22:44:37.962] [bmv2] [D] [thread 3447] [3.0] [cxt 0] Pipeline 'ingress': end
[22:44:37.962] [bmv2] [D] [thread 3447] [3.0] [cxt 0] Egress port is 0
[22:44:37.962] [bmv2] [D] [thread 3448] [3.0] [cxt 0] Pipeline 'egress': start
[22:44:37.963] [bmv2] [D] [thread 3448] [3.0] [cxt 0] Pipeline 'egress': end
[22:44:37.963] [bmv2] [D] [thread 3448] [3.0] [cxt 0] Deparser 'deparser': start
[22:44:37.963] [bmv2] [T] [thread 3448] [3.0] [cxt 0] Skipping checksum 'cksum' update because condition not met
[22:44:37.963] [bmv2] [D] [thread 3448] [3.0] [cxt 0] Deparsing header 'ethernet'
[22:44:37.963] [bmv2] [D] [thread 3448] [3.0] [cxt 0] Deparser 'deparser': end
[22:44:37.963] [bmv2] [D] [thread 3452] [3.0] [cxt 0] Transmitting packet of size 90 out of port 0
[22:44:38.029] [bmv2] [D] [thread 3447] [4.0] [cxt 0] Processing packet received on port 1
[22:44:38.029] [bmv2] [D] [thread 3447] [4.0] [cxt 0] Parser 'parser': start
[22:44:38.029] [bmv2] [D] [thread 3447] [4.0] [cxt 0] Parser 'parser' entering state 'start'
[22:44:38.029] [bmv2] [D] [thread 3447] [4.0] [cxt 0] Extracting header 'ethernet'
[22:44:38.030] [bmv2] [D] [thread 3447] [4.0] [cxt 0] Parser state 'start': key is 86dd
[22:44:38.030] [bmv2] [T] [thread 3447] [4.0] [cxt 0] Bytes parsed: 14
[22:44:38.030] [bmv2] [D] [thread 3447] [4.0] [cxt 0] Parser 'parser': end
[22:44:38.030] [bmv2] [D] [thread 3447] [4.0] [cxt 0] Pipeline 'ingress': start
[22:44:38.030] [bmv2] [T] [thread 3447] [4.0] [cxt 0] /home/ubuntu/int/source-routing-INT/p4src/source_routing.p4(82) Condition "hdr.source_routes[0].isValid()" (node_2) is true
[22:44:38.030] [bmv2] [T] [thread 3447] [4.0] [cxt 0] Applying table 'tbl_source_routing82'
[22:44:38.030] [bmv2] [D] [thread 3447] [4.0] [cxt 0] Looking up key:

[22:44:38.030] [bmv2] [D] [thread 3447] [4.0] [cxt 0] Table 'tbl_source_routing82': miss
[22:44:38.030] [bmv2] [D] [thread 3447] [4.0] [cxt 0] Action entry is source_routing82 - 
[22:44:38.030] [bmv2] [T] [thread 3447] [4.0] [cxt 0] Action source_routing82
[22:44:38.030] [bmv2] [T] [thread 3447] [4.0] [cxt 0] /home/ubuntu/int/source-routing-INT/p4src/source_routing.p4(82) Primitive hdr.source_routes[0].isValid() && device_to_port.apply().hit
[22:44:38.030] [bmv2] [T] [thread 3447] [4.0] [cxt 0] Condition "node_9" (node_9) is false
[22:44:38.030] [bmv2] [T] [thread 3447] [4.0] [cxt 0] /home/ubuntu/int/source-routing-INT/p4src/source_routing.p4(90) Condition "hdr.ipv4.isValid()" (node_13) is false
[22:44:38.030] [bmv2] [D] [thread 3447] [4.0] [cxt 0] Pipeline 'ingress': end
[22:44:38.030] [bmv2] [D] [thread 3447] [4.0] [cxt 0] Egress port is 0
[22:44:38.030] [bmv2] [D] [thread 3448] [4.0] [cxt 0] Pipeline 'egress': start
[22:44:38.030] [bmv2] [D] [thread 3448] [4.0] [cxt 0] Pipeline 'egress': end
[22:44:38.030] [bmv2] [D] [thread 3448] [4.0] [cxt 0] Deparser 'deparser': start
[22:44:38.030] [bmv2] [T] [thread 3448] [4.0] [cxt 0] Skipping checksum 'cksum' update because condition not met
[22:44:38.031] [bmv2] [D] [thread 3448] [4.0] [cxt 0] Deparsing header 'ethernet'
[22:44:38.031] [bmv2] [D] [thread 3448] [4.0] [cxt 0] Deparser 'deparser': end
[22:44:38.031] [bmv2] [D] [thread 3452] [4.0] [cxt 0] Transmitting packet of size 90 out of port 0
[22:44:38.089] [bmv2] [D] [thread 3447] [5.0] [cxt 0] Processing packet received on port 2
[22:44:38.089] [bmv2] [D] [thread 3447] [5.0] [cxt 0] Parser 'parser': start
[22:44:38.089] [bmv2] [D] [thread 3447] [5.0] [cxt 0] Parser 'parser' entering state 'start'
[22:44:38.089] [bmv2] [D] [thread 3447] [5.0] [cxt 0] Extracting header 'ethernet'
[22:44:38.090] [bmv2] [D] [thread 3447] [5.0] [cxt 0] Parser state 'start': key is 86dd
[22:44:38.090] [bmv2] [T] [thread 3447] [5.0] [cxt 0] Bytes parsed: 14
[22:44:38.090] [bmv2] [D] [thread 3447] [5.0] [cxt 0] Parser 'parser': end
[22:44:38.090] [bmv2] [D] [thread 3447] [5.0] [cxt 0] Pipeline 'ingress': start
[22:44:38.090] [bmv2] [T] [thread 3447] [5.0] [cxt 0] /home/ubuntu/int/source-routing-INT/p4src/source_routing.p4(82) Condition "hdr.source_routes[0].isValid()" (node_2) is true
[22:44:38.090] [bmv2] [T] [thread 3447] [5.0] [cxt 0] Applying table 'tbl_source_routing82'
[22:44:38.090] [bmv2] [D] [thread 3447] [5.0] [cxt 0] Looking up key:

[22:44:38.090] [bmv2] [D] [thread 3447] [5.0] [cxt 0] Table 'tbl_source_routing82': miss
[22:44:38.090] [bmv2] [D] [thread 3447] [5.0] [cxt 0] Action entry is source_routing82 - 
[22:44:38.090] [bmv2] [T] [thread 3447] [5.0] [cxt 0] Action source_routing82
[22:44:38.090] [bmv2] [T] [thread 3447] [5.0] [cxt 0] /home/ubuntu/int/source-routing-INT/p4src/source_routing.p4(82) Primitive hdr.source_routes[0].isValid() && device_to_port.apply().hit
[22:44:38.090] [bmv2] [T] [thread 3447] [5.0] [cxt 0] Condition "node_9" (node_9) is false
[22:44:38.090] [bmv2] [T] [thread 3447] [5.0] [cxt 0] /home/ubuntu/int/source-routing-INT/p4src/source_routing.p4(90) Condition "hdr.ipv4.isValid()" (node_13) is false
[22:44:38.090] [bmv2] [D] [thread 3447] [5.0] [cxt 0] Pipeline 'ingress': end
[22:44:38.090] [bmv2] [D] [thread 3447] [5.0] [cxt 0] Egress port is 0
[22:44:38.090] [bmv2] [D] [thread 3448] [5.0] [cxt 0] Pipeline 'egress': start
[22:44:38.091] [bmv2] [D] [thread 3448] [5.0] [cxt 0] Pipeline 'egress': end
[22:44:38.091] [bmv2] [D] [thread 3448] [5.0] [cxt 0] Deparser 'deparser': start
[22:44:38.091] [bmv2] [T] [thread 3448] [5.0] [cxt 0] Skipping checksum 'cksum' update because condition not met
[22:44:38.091] [bmv2] [D] [thread 3448] [5.0] [cxt 0] Deparsing header 'ethernet'
[22:44:38.091] [bmv2] [D] [thread 3448] [5.0] [cxt 0] Deparser 'deparser': end
[22:44:38.091] [bmv2] [D] [thread 3452] [5.0] [cxt 0] Transmitting packet of size 90 out of port 0
[22:44:38.720] [bmv2] [T] [thread 3534] bm_get_config
[22:44:38.728] [bmv2] [T] [thread 3534] bm_set_default_action
[22:44:38.728] [bmv2] [D] [thread 3534] Set default entry for table 'MyIngress.ipv4_lpm': MyIngress.drop - 
[22:44:38.729] [bmv2] [T] [thread 3534] bm_table_add_entry
[22:44:38.729] [bmv2] [D] [thread 3534] Entry 0 added to table 'MyIngress.ipv4_lpm'
[22:44:38.729] [bmv2] [D] [thread 3534] Dumping entry 0
Match key:
* hdr.ipv4.dstAddr    : LPM       0a000101/32
Action entry: MyIngress.ipv4_forward - 10200,1,

[22:44:38.730] [bmv2] [T] [thread 3534] bm_table_add_entry
[22:44:38.730] [bmv2] [D] [thread 3534] Entry 1 added to table 'MyIngress.ipv4_lpm'
[22:44:38.730] [bmv2] [D] [thread 3534] Dumping entry 1
Match key:
* hdr.ipv4.dstAddr    : LPM       0a000402/32
Action entry: MyIngress.ipv4_forward - 40200,2,

[22:44:38.731] [bmv2] [T] [thread 3534] bm_table_add_entry
[22:44:38.731] [bmv2] [D] [thread 3534] Entry 0 added to table 'MyIngress.device_to_port'
[22:44:38.732] [bmv2] [D] [thread 3534] Dumping entry 0
Match key:
* hdr.source_routes[0].switch_id: EXACT     01
Action entry: MyIngress.ipv4_forward - 10200,1,

[22:44:38.732] [bmv2] [T] [thread 3534] bm_table_add_entry
[22:44:38.732] [bmv2] [D] [thread 3534] Entry 1 added to table 'MyIngress.device_to_port'
[22:44:38.733] [bmv2] [D] [thread 3534] Dumping entry 1
Match key:
* hdr.source_routes[0].switch_id: EXACT     04
Action entry: MyIngress.ipv4_forward - 40200,2,

[22:47:49.287] [bmv2] [D] [thread 3447] [6.0] [cxt 0] Processing packet received on port 1
[22:47:49.287] [bmv2] [D] [thread 3447] [6.0] [cxt 0] Parser 'parser': start
[22:47:49.287] [bmv2] [D] [thread 3447] [6.0] [cxt 0] Parser 'parser' entering state 'start'
[22:47:49.287] [bmv2] [D] [thread 3447] [6.0] [cxt 0] Extracting header 'ethernet'
[22:47:49.287] [bmv2] [D] [thread 3447] [6.0] [cxt 0] Parser state 'start': key is 1111
[22:47:49.287] [bmv2] [T] [thread 3447] [6.0] [cxt 0] Bytes parsed: 14
[22:47:49.287] [bmv2] [D] [thread 3447] [6.0] [cxt 0] Parser 'parser' entering state 'parse_source_routing'
[22:47:49.287] [bmv2] [D] [thread 3447] [6.0] [cxt 0] Extracting to header stack 0, next header is 4
[22:47:49.288] [bmv2] [D] [thread 3447] [6.0] [cxt 0] Parser state 'parse_source_routing': key is 00
[22:47:49.288] [bmv2] [T] [thread 3447] [6.0] [cxt 0] Bytes parsed: 15
[22:47:49.288] [bmv2] [D] [thread 3447] [6.0] [cxt 0] Parser 'parser' entering state 'parse_source_routing'
[22:47:49.288] [bmv2] [D] [thread 3447] [6.0] [cxt 0] Extracting to header stack 0, next header is 5
[22:47:49.288] [bmv2] [D] [thread 3447] [6.0] [cxt 0] Parser state 'parse_source_routing': key is 01
[22:47:49.288] [bmv2] [T] [thread 3447] [6.0] [cxt 0] Bytes parsed: 16
[22:47:49.288] [bmv2] [D] [thread 3447] [6.0] [cxt 0] Parser 'parser' entering state 'parse_ipv4'
[22:47:49.288] [bmv2] [D] [thread 3447] [6.0] [cxt 0] Extracting header 'ipv4'
[22:47:49.288] [bmv2] [D] [thread 3447] [6.0] [cxt 0] Parser state 'parse_ipv4' has no switch, going to default next state
[22:47:49.288] [bmv2] [T] [thread 3447] [6.0] [cxt 0] Bytes parsed: 36
[22:47:49.288] [bmv2] [D] [thread 3447] [6.0] [cxt 0] Parser 'parser': end
[22:47:49.288] [bmv2] [D] [thread 3447] [6.0] [cxt 0] Pipeline 'ingress': start
[22:47:49.288] [bmv2] [T] [thread 3447] [6.0] [cxt 0] /home/ubuntu/int/source-routing-INT/p4src/source_routing.p4(82) Condition "hdr.source_routes[0].isValid()" (node_2) is false
[22:47:49.288] [bmv2] [T] [thread 3447] [6.0] [cxt 0] Applying table 'tbl_source_routing67'
[22:47:49.288] [bmv2] [D] [thread 3447] [6.0] [cxt 0] Looking up key:

[22:47:49.288] [bmv2] [D] [thread 3447] [6.0] [cxt 0] Table 'tbl_source_routing67': miss
[22:47:49.288] [bmv2] [D] [thread 3447] [6.0] [cxt 0] Action entry is source_routing67 - 
[22:47:49.288] [bmv2] [T] [thread 3447] [6.0] [cxt 0] Action source_routing67
[22:47:49.288] [bmv2] [T] [thread 3447] [6.0] [cxt 0] /home/ubuntu/int/source-routing-INT/p4src/source_routing.p4(67) Primitive hdr.source_routes[0].switch_id
[22:47:49.288] [bmv2] [T] [thread 3447] [6.0] [cxt 0] Applying table 'MyIngress.device_to_port'
[22:47:49.288] [bmv2] [D] [thread 3447] [6.0] [cxt 0] Looking up key:
* hdr.source_routes[0].switch_id: 02

[22:47:49.289] [bmv2] [D] [thread 3447] [6.0] [cxt 0] Table 'MyIngress.device_to_port': miss
[22:47:49.289] [bmv2] [D] [thread 3447] [6.0] [cxt 0] Action entry is NoAction - 
[22:47:49.289] [bmv2] [T] [thread 3447] [6.0] [cxt 0] Action NoAction
[22:47:49.289] [bmv2] [T] [thread 3447] [6.0] [cxt 0] Applying table 'tbl_act_0'
[22:47:49.289] [bmv2] [D] [thread 3447] [6.0] [cxt 0] Looking up key:

[22:47:49.289] [bmv2] [D] [thread 3447] [6.0] [cxt 0] Table 'tbl_act_0': miss
[22:47:49.289] [bmv2] [D] [thread 3447] [6.0] [cxt 0] Action entry is act_0 - 
[22:47:49.289] [bmv2] [T] [thread 3447] [6.0] [cxt 0] Action act_0
[22:47:49.289] [bmv2] [T] [thread 3447] [6.0] [cxt 0] Primitive (no source info)
[22:47:49.289] [bmv2] [T] [thread 3447] [6.0] [cxt 0] Applying table 'tbl_source_routing82_0'
[22:47:49.289] [bmv2] [D] [thread 3447] [6.0] [cxt 0] Looking up key:

[22:47:49.289] [bmv2] [D] [thread 3447] [6.0] [cxt 0] Table 'tbl_source_routing82_0': miss
[22:47:49.289] [bmv2] [D] [thread 3447] [6.0] [cxt 0] Action entry is source_routing82_0 - 
[22:47:49.289] [bmv2] [T] [thread 3447] [6.0] [cxt 0] Action source_routing82_0
[22:47:49.289] [bmv2] [T] [thread 3447] [6.0] [cxt 0] /home/ubuntu/int/source-routing-INT/p4src/source_routing.p4(82) Primitive hdr.source_routes[0].isValid() && device_to_port.apply().hit
[22:47:49.289] [bmv2] [T] [thread 3447] [6.0] [cxt 0] Condition "node_9" (node_9) is false
[22:47:49.289] [bmv2] [T] [thread 3447] [6.0] [cxt 0] /home/ubuntu/int/source-routing-INT/p4src/source_routing.p4(90) Condition "hdr.ipv4.isValid()" (node_13) is true
[22:47:49.289] [bmv2] [T] [thread 3447] [6.0] [cxt 0] Applying table 'MyIngress.ipv4_lpm'
[22:47:49.289] [bmv2] [D] [thread 3447] [6.0] [cxt 0] Looking up key:
* hdr.ipv4.dstAddr    : 0a000402

[22:47:49.289] [bmv2] [D] [thread 3447] [6.0] [cxt 0] Table 'MyIngress.ipv4_lpm': hit with handle 1
[22:47:49.290] [bmv2] [D] [thread 3447] [6.0] [cxt 0] Dumping entry 1
Match key:
* hdr.ipv4.dstAddr    : LPM       0a000402/32
Action entry: MyIngress.ipv4_forward - 40200,2,

[22:47:49.290] [bmv2] [D] [thread 3447] [6.0] [cxt 0] Action entry is MyIngress.ipv4_forward - 40200,2,
[22:47:49.290] [bmv2] [T] [thread 3447] [6.0] [cxt 0] Action MyIngress.ipv4_forward
[22:47:49.290] [bmv2] [T] [thread 3447] [6.0] [cxt 0] /home/ubuntu/int/source-routing-INT/p4src/source_routing.p4(38) Primitive hdr.ethernet.srcAddr = hdr.ethernet.dstAddr
[22:47:49.290] [bmv2] [T] [thread 3447] [6.0] [cxt 0] /home/ubuntu/int/source-routing-INT/p4src/source_routing.p4(41) Primitive hdr.ethernet.dstAddr = dstAddr
[22:47:49.290] [bmv2] [T] [thread 3447] [6.0] [cxt 0] /home/ubuntu/int/source-routing-INT/p4src/source_routing.p4(44) Primitive standard_metadata.egress_spec = port
[22:47:49.290] [bmv2] [T] [thread 3447] [6.0] [cxt 0] /home/ubuntu/int/source-routing-INT/p4src/source_routing.p4(47) Primitive hdr.ipv4.ttl = hdr.ipv4.ttl - 1
[22:47:49.290] [bmv2] [T] [thread 3447] [6.0] [cxt 0] /home/ubuntu/int/source-routing-INT/p4src/source_routing.p4(93) Condition "hdr.source_routes[0].isValid()" (node_15) is true
[22:47:49.290] [bmv2] [T] [thread 3447] [6.0] [cxt 0] /home/ubuntu/int/source-routing-INT/p4src/source_routing.p4(95) Condition "hdr.source_routes[0].last_header == 1" (node_16) is false
[22:47:49.290] [bmv2] [T] [thread 3447] [6.0] [cxt 0] Applying table 'tbl_source_routing98'
[22:47:49.290] [bmv2] [D] [thread 3447] [6.0] [cxt 0] Looking up key:

[22:47:49.290] [bmv2] [D] [thread 3447] [6.0] [cxt 0] Table 'tbl_source_routing98': miss
[22:47:49.290] [bmv2] [D] [thread 3447] [6.0] [cxt 0] Action entry is source_routing98 - 
[22:47:49.290] [bmv2] [T] [thread 3447] [6.0] [cxt 0] Action source_routing98
[22:47:49.290] [bmv2] [T] [thread 3447] [6.0] [cxt 0] /home/ubuntu/int/source-routing-INT/p4src/source_routing.p4(98) Primitive hdr.source_routes.pop_front(1)
[22:47:49.291] [bmv2] [D] [thread 3447] [6.0] [cxt 0] Pipeline 'ingress': end
[22:47:49.291] [bmv2] [D] [thread 3447] [6.0] [cxt 0] Egress port is 2
[22:47:49.291] [bmv2] [D] [thread 3450] [6.0] [cxt 0] Pipeline 'egress': start
[22:47:49.291] [bmv2] [D] [thread 3450] [6.0] [cxt 0] Pipeline 'egress': end
[22:47:49.291] [bmv2] [D] [thread 3450] [6.0] [cxt 0] Deparser 'deparser': start
[22:47:49.291] [bmv2] [D] [thread 3450] [6.0] [cxt 0] Updating checksum 'cksum'
[22:47:49.291] [bmv2] [D] [thread 3450] [6.0] [cxt 0] Deparsing header 'ethernet'
[22:47:49.292] [bmv2] [D] [thread 3450] [6.0] [cxt 0] Deparsing header 'source_routes[0]'
[22:47:49.292] [bmv2] [D] [thread 3450] [6.0] [cxt 0] Deparsing header 'ipv4'
[22:47:49.292] [bmv2] [D] [thread 3450] [6.0] [cxt 0] Deparser 'deparser': end
[22:47:49.292] [bmv2] [D] [thread 3452] [6.0] [cxt 0] Transmitting packet of size 43 out of port 2
[22:47:49.301] [bmv2] [D] [thread 3447] [7.0] [cxt 0] Processing packet received on port 2
[22:47:49.301] [bmv2] [D] [thread 3447] [7.0] [cxt 0] Parser 'parser': start
[22:47:49.301] [bmv2] [D] [thread 3447] [7.0] [cxt 0] Parser 'parser' entering state 'start'
[22:47:49.301] [bmv2] [D] [thread 3447] [7.0] [cxt 0] Extracting header 'ethernet'
[22:47:49.301] [bmv2] [D] [thread 3447] [7.0] [cxt 0] Parser state 'start': key is 0800
[22:47:49.301] [bmv2] [T] [thread 3447] [7.0] [cxt 0] Bytes parsed: 14
[22:47:49.301] [bmv2] [D] [thread 3447] [7.0] [cxt 0] Parser 'parser' entering state 'parse_ipv4'
[22:47:49.301] [bmv2] [D] [thread 3447] [7.0] [cxt 0] Extracting header 'ipv4'
[22:47:49.301] [bmv2] [D] [thread 3447] [7.0] [cxt 0] Parser state 'parse_ipv4' has no switch, going to default next state
[22:47:49.301] [bmv2] [T] [thread 3447] [7.0] [cxt 0] Bytes parsed: 34
[22:47:49.301] [bmv2] [D] [thread 3447] [7.0] [cxt 0] Parser 'parser': end
[22:47:49.301] [bmv2] [D] [thread 3447] [7.0] [cxt 0] Pipeline 'ingress': start
[22:47:49.301] [bmv2] [T] [thread 3447] [7.0] [cxt 0] /home/ubuntu/int/source-routing-INT/p4src/source_routing.p4(82) Condition "hdr.source_routes[0].isValid()" (node_2) is true
[22:47:49.301] [bmv2] [T] [thread 3447] [7.0] [cxt 0] Applying table 'tbl_source_routing82'
[22:47:49.301] [bmv2] [D] [thread 3447] [7.0] [cxt 0] Looking up key:

[22:47:49.302] [bmv2] [D] [thread 3447] [7.0] [cxt 0] Table 'tbl_source_routing82': miss
[22:47:49.302] [bmv2] [D] [thread 3447] [7.0] [cxt 0] Action entry is source_routing82 - 
[22:47:49.302] [bmv2] [T] [thread 3447] [7.0] [cxt 0] Action source_routing82
[22:47:49.302] [bmv2] [T] [thread 3447] [7.0] [cxt 0] /home/ubuntu/int/source-routing-INT/p4src/source_routing.p4(82) Primitive hdr.source_routes[0].isValid() && device_to_port.apply().hit
[22:47:49.302] [bmv2] [T] [thread 3447] [7.0] [cxt 0] Condition "node_9" (node_9) is false
[22:47:49.302] [bmv2] [T] [thread 3447] [7.0] [cxt 0] /home/ubuntu/int/source-routing-INT/p4src/source_routing.p4(90) Condition "hdr.ipv4.isValid()" (node_13) is true
[22:47:49.302] [bmv2] [T] [thread 3447] [7.0] [cxt 0] Applying table 'MyIngress.ipv4_lpm'
[22:47:49.302] [bmv2] [D] [thread 3447] [7.0] [cxt 0] Looking up key:
* hdr.ipv4.dstAddr    : 0a000101

[22:47:49.302] [bmv2] [D] [thread 3447] [7.0] [cxt 0] Table 'MyIngress.ipv4_lpm': hit with handle 0
[22:47:49.302] [bmv2] [D] [thread 3447] [7.0] [cxt 0] Dumping entry 0
Match key:
* hdr.ipv4.dstAddr    : LPM       0a000101/32
Action entry: MyIngress.ipv4_forward - 10200,1,

[22:47:49.302] [bmv2] [D] [thread 3447] [7.0] [cxt 0] Action entry is MyIngress.ipv4_forward - 10200,1,
[22:47:49.302] [bmv2] [T] [thread 3447] [7.0] [cxt 0] Action MyIngress.ipv4_forward
[22:47:49.302] [bmv2] [T] [thread 3447] [7.0] [cxt 0] /home/ubuntu/int/source-routing-INT/p4src/source_routing.p4(38) Primitive hdr.ethernet.srcAddr = hdr.ethernet.dstAddr
[22:47:49.302] [bmv2] [T] [thread 3447] [7.0] [cxt 0] /home/ubuntu/int/source-routing-INT/p4src/source_routing.p4(41) Primitive hdr.ethernet.dstAddr = dstAddr
[22:47:49.302] [bmv2] [T] [thread 3447] [7.0] [cxt 0] /home/ubuntu/int/source-routing-INT/p4src/source_routing.p4(44) Primitive standard_metadata.egress_spec = port
[22:47:49.302] [bmv2] [T] [thread 3447] [7.0] [cxt 0] /home/ubuntu/int/source-routing-INT/p4src/source_routing.p4(47) Primitive hdr.ipv4.ttl = hdr.ipv4.ttl - 1
[22:47:49.302] [bmv2] [T] [thread 3447] [7.0] [cxt 0] /home/ubuntu/int/source-routing-INT/p4src/source_routing.p4(93) Condition "hdr.source_routes[0].isValid()" (node_15) is false
[22:47:49.302] [bmv2] [D] [thread 3447] [7.0] [cxt 0] Pipeline 'ingress': end
[22:47:49.302] [bmv2] [D] [thread 3447] [7.0] [cxt 0] Egress port is 1
[22:47:49.303] [bmv2] [D] [thread 3449] [7.0] [cxt 0] Pipeline 'egress': start
[22:47:49.303] [bmv2] [D] [thread 3449] [7.0] [cxt 0] Pipeline 'egress': end
[22:47:49.303] [bmv2] [D] [thread 3449] [7.0] [cxt 0] Deparser 'deparser': start
[22:47:49.303] [bmv2] [D] [thread 3449] [7.0] [cxt 0] Updating checksum 'cksum'
[22:47:49.303] [bmv2] [D] [thread 3449] [7.0] [cxt 0] Deparsing header 'ethernet'
[22:47:49.303] [bmv2] [D] [thread 3449] [7.0] [cxt 0] Deparsing header 'ipv4'
[22:47:49.303] [bmv2] [D] [thread 3449] [7.0] [cxt 0] Deparser 'deparser': end
[22:47:49.303] [bmv2] [D] [thread 3452] [7.0] [cxt 0] Transmitting packet of size 70 out of port 1
[22:48:06.760] [bmv2] [D] [thread 3447] [8.0] [cxt 0] Processing packet received on port 1
[22:48:06.760] [bmv2] [D] [thread 3447] [8.0] [cxt 0] Parser 'parser': start
[22:48:06.760] [bmv2] [D] [thread 3447] [8.0] [cxt 0] Parser 'parser' entering state 'start'
[22:48:06.760] [bmv2] [D] [thread 3447] [8.0] [cxt 0] Extracting header 'ethernet'
[22:48:06.761] [bmv2] [D] [thread 3447] [8.0] [cxt 0] Parser state 'start': key is 0800
[22:48:06.761] [bmv2] [T] [thread 3447] [8.0] [cxt 0] Bytes parsed: 14
[22:48:06.761] [bmv2] [D] [thread 3447] [8.0] [cxt 0] Parser 'parser' entering state 'parse_ipv4'
[22:48:06.761] [bmv2] [D] [thread 3447] [8.0] [cxt 0] Extracting header 'ipv4'
[22:48:06.761] [bmv2] [D] [thread 3447] [8.0] [cxt 0] Parser state 'parse_ipv4' has no switch, going to default next state
[22:48:06.761] [bmv2] [T] [thread 3447] [8.0] [cxt 0] Bytes parsed: 34
[22:48:06.761] [bmv2] [D] [thread 3447] [8.0] [cxt 0] Parser 'parser': end
[22:48:06.761] [bmv2] [D] [thread 3447] [8.0] [cxt 0] Pipeline 'ingress': start
[22:48:06.761] [bmv2] [T] [thread 3447] [8.0] [cxt 0] /home/ubuntu/int/source-routing-INT/p4src/source_routing.p4(82) Condition "hdr.source_routes[0].isValid()" (node_2) is true
[22:48:06.761] [bmv2] [T] [thread 3447] [8.0] [cxt 0] Applying table 'tbl_source_routing82'
[22:48:06.761] [bmv2] [D] [thread 3447] [8.0] [cxt 0] Looking up key:

[22:48:06.761] [bmv2] [D] [thread 3447] [8.0] [cxt 0] Table 'tbl_source_routing82': miss
[22:48:06.761] [bmv2] [D] [thread 3447] [8.0] [cxt 0] Action entry is source_routing82 - 
[22:48:06.761] [bmv2] [T] [thread 3447] [8.0] [cxt 0] Action source_routing82
[22:48:06.761] [bmv2] [T] [thread 3447] [8.0] [cxt 0] /home/ubuntu/int/source-routing-INT/p4src/source_routing.p4(82) Primitive hdr.source_routes[0].isValid() && device_to_port.apply().hit
[22:48:06.761] [bmv2] [T] [thread 3447] [8.0] [cxt 0] Condition "node_9" (node_9) is false
[22:48:06.761] [bmv2] [T] [thread 3447] [8.0] [cxt 0] /home/ubuntu/int/source-routing-INT/p4src/source_routing.p4(90) Condition "hdr.ipv4.isValid()" (node_13) is true
[22:48:06.761] [bmv2] [T] [thread 3447] [8.0] [cxt 0] Applying table 'MyIngress.ipv4_lpm'
[22:48:06.761] [bmv2] [D] [thread 3447] [8.0] [cxt 0] Looking up key:
* hdr.ipv4.dstAddr    : 0a000402

[22:48:06.761] [bmv2] [D] [thread 3447] [8.0] [cxt 0] Table 'MyIngress.ipv4_lpm': hit with handle 1
[22:48:06.761] [bmv2] [D] [thread 3447] [8.0] [cxt 0] Dumping entry 1
Match key:
* hdr.ipv4.dstAddr    : LPM       0a000402/32
Action entry: MyIngress.ipv4_forward - 40200,2,

[22:48:06.762] [bmv2] [D] [thread 3447] [8.0] [cxt 0] Action entry is MyIngress.ipv4_forward - 40200,2,
[22:48:06.762] [bmv2] [T] [thread 3447] [8.0] [cxt 0] Action MyIngress.ipv4_forward
[22:48:06.762] [bmv2] [T] [thread 3447] [8.0] [cxt 0] /home/ubuntu/int/source-routing-INT/p4src/source_routing.p4(38) Primitive hdr.ethernet.srcAddr = hdr.ethernet.dstAddr
[22:48:06.762] [bmv2] [T] [thread 3447] [8.0] [cxt 0] /home/ubuntu/int/source-routing-INT/p4src/source_routing.p4(41) Primitive hdr.ethernet.dstAddr = dstAddr
[22:48:06.762] [bmv2] [T] [thread 3447] [8.0] [cxt 0] /home/ubuntu/int/source-routing-INT/p4src/source_routing.p4(44) Primitive standard_metadata.egress_spec = port
[22:48:06.762] [bmv2] [T] [thread 3447] [8.0] [cxt 0] /home/ubuntu/int/source-routing-INT/p4src/source_routing.p4(47) Primitive hdr.ipv4.ttl = hdr.ipv4.ttl - 1
[22:48:06.762] [bmv2] [T] [thread 3447] [8.0] [cxt 0] /home/ubuntu/int/source-routing-INT/p4src/source_routing.p4(93) Condition "hdr.source_routes[0].isValid()" (node_15) is false
[22:48:06.762] [bmv2] [D] [thread 3447] [8.0] [cxt 0] Pipeline 'ingress': end
[22:48:06.762] [bmv2] [D] [thread 3447] [8.0] [cxt 0] Egress port is 2
[22:48:06.762] [bmv2] [D] [thread 3450] [8.0] [cxt 0] Pipeline 'egress': start
[22:48:06.762] [bmv2] [D] [thread 3450] [8.0] [cxt 0] Pipeline 'egress': end
[22:48:06.762] [bmv2] [D] [thread 3450] [8.0] [cxt 0] Deparser 'deparser': start
[22:48:06.762] [bmv2] [D] [thread 3450] [8.0] [cxt 0] Updating checksum 'cksum'
[22:48:06.762] [bmv2] [D] [thread 3450] [8.0] [cxt 0] Deparsing header 'ethernet'
[22:48:06.762] [bmv2] [D] [thread 3450] [8.0] [cxt 0] Deparsing header 'ipv4'
[22:48:06.762] [bmv2] [D] [thread 3450] [8.0] [cxt 0] Deparser 'deparser': end
[22:48:06.763] [bmv2] [D] [thread 3452] [8.0] [cxt 0] Transmitting packet of size 42 out of port 2
[22:48:06.768] [bmv2] [D] [thread 3447] [9.0] [cxt 0] Processing packet received on port 2
[22:48:06.769] [bmv2] [D] [thread 3447] [9.0] [cxt 0] Parser 'parser': start
[22:48:06.769] [bmv2] [D] [thread 3447] [9.0] [cxt 0] Parser 'parser' entering state 'start'
[22:48:06.769] [bmv2] [D] [thread 3447] [9.0] [cxt 0] Extracting header 'ethernet'
[22:48:06.769] [bmv2] [D] [thread 3447] [9.0] [cxt 0] Parser state 'start': key is 0800
[22:48:06.769] [bmv2] [T] [thread 3447] [9.0] [cxt 0] Bytes parsed: 14
[22:48:06.769] [bmv2] [D] [thread 3447] [9.0] [cxt 0] Parser 'parser' entering state 'parse_ipv4'
[22:48:06.769] [bmv2] [D] [thread 3447] [9.0] [cxt 0] Extracting header 'ipv4'
[22:48:06.769] [bmv2] [D] [thread 3447] [9.0] [cxt 0] Parser state 'parse_ipv4' has no switch, going to default next state
[22:48:06.769] [bmv2] [T] [thread 3447] [9.0] [cxt 0] Bytes parsed: 34
[22:48:06.769] [bmv2] [D] [thread 3447] [9.0] [cxt 0] Parser 'parser': end
[22:48:06.769] [bmv2] [D] [thread 3447] [9.0] [cxt 0] Pipeline 'ingress': start
[22:48:06.769] [bmv2] [T] [thread 3447] [9.0] [cxt 0] /home/ubuntu/int/source-routing-INT/p4src/source_routing.p4(82) Condition "hdr.source_routes[0].isValid()" (node_2) is true
[22:48:06.769] [bmv2] [T] [thread 3447] [9.0] [cxt 0] Applying table 'tbl_source_routing82'
[22:48:06.769] [bmv2] [D] [thread 3447] [9.0] [cxt 0] Looking up key:

[22:48:06.769] [bmv2] [D] [thread 3447] [9.0] [cxt 0] Table 'tbl_source_routing82': miss
[22:48:06.769] [bmv2] [D] [thread 3447] [9.0] [cxt 0] Action entry is source_routing82 - 
[22:48:06.769] [bmv2] [T] [thread 3447] [9.0] [cxt 0] Action source_routing82
[22:48:06.769] [bmv2] [T] [thread 3447] [9.0] [cxt 0] /home/ubuntu/int/source-routing-INT/p4src/source_routing.p4(82) Primitive hdr.source_routes[0].isValid() && device_to_port.apply().hit
[22:48:06.769] [bmv2] [T] [thread 3447] [9.0] [cxt 0] Condition "node_9" (node_9) is false
[22:48:06.769] [bmv2] [T] [thread 3447] [9.0] [cxt 0] /home/ubuntu/int/source-routing-INT/p4src/source_routing.p4(90) Condition "hdr.ipv4.isValid()" (node_13) is true
[22:48:06.769] [bmv2] [T] [thread 3447] [9.0] [cxt 0] Applying table 'MyIngress.ipv4_lpm'
[22:48:06.769] [bmv2] [D] [thread 3447] [9.0] [cxt 0] Looking up key:
* hdr.ipv4.dstAddr    : 0a000101

[22:48:06.770] [bmv2] [D] [thread 3447] [9.0] [cxt 0] Table 'MyIngress.ipv4_lpm': hit with handle 0
[22:48:06.770] [bmv2] [D] [thread 3447] [9.0] [cxt 0] Dumping entry 0
Match key:
* hdr.ipv4.dstAddr    : LPM       0a000101/32
Action entry: MyIngress.ipv4_forward - 10200,1,

[22:48:06.770] [bmv2] [D] [thread 3447] [9.0] [cxt 0] Action entry is MyIngress.ipv4_forward - 10200,1,
[22:48:06.770] [bmv2] [T] [thread 3447] [9.0] [cxt 0] Action MyIngress.ipv4_forward
[22:48:06.770] [bmv2] [T] [thread 3447] [9.0] [cxt 0] /home/ubuntu/int/source-routing-INT/p4src/source_routing.p4(38) Primitive hdr.ethernet.srcAddr = hdr.ethernet.dstAddr
[22:48:06.770] [bmv2] [T] [thread 3447] [9.0] [cxt 0] /home/ubuntu/int/source-routing-INT/p4src/source_routing.p4(41) Primitive hdr.ethernet.dstAddr = dstAddr
[22:48:06.770] [bmv2] [T] [thread 3447] [9.0] [cxt 0] /home/ubuntu/int/source-routing-INT/p4src/source_routing.p4(44) Primitive standard_metadata.egress_spec = port
[22:48:06.770] [bmv2] [T] [thread 3447] [9.0] [cxt 0] /home/ubuntu/int/source-routing-INT/p4src/source_routing.p4(47) Primitive hdr.ipv4.ttl = hdr.ipv4.ttl - 1
[22:48:06.770] [bmv2] [T] [thread 3447] [9.0] [cxt 0] /home/ubuntu/int/source-routing-INT/p4src/source_routing.p4(93) Condition "hdr.source_routes[0].isValid()" (node_15) is false
[22:48:06.770] [bmv2] [D] [thread 3447] [9.0] [cxt 0] Pipeline 'ingress': end
[22:48:06.770] [bmv2] [D] [thread 3447] [9.0] [cxt 0] Egress port is 1
[22:48:06.770] [bmv2] [D] [thread 3449] [9.0] [cxt 0] Pipeline 'egress': start
[22:48:06.770] [bmv2] [D] [thread 3449] [9.0] [cxt 0] Pipeline 'egress': end
[22:48:06.770] [bmv2] [D] [thread 3449] [9.0] [cxt 0] Deparser 'deparser': start
[22:48:06.770] [bmv2] [D] [thread 3449] [9.0] [cxt 0] Updating checksum 'cksum'
[22:48:06.770] [bmv2] [D] [thread 3449] [9.0] [cxt 0] Deparsing header 'ethernet'
[22:48:06.770] [bmv2] [D] [thread 3449] [9.0] [cxt 0] Deparsing header 'ipv4'
[22:48:06.770] [bmv2] [D] [thread 3449] [9.0] [cxt 0] Deparser 'deparser': end
[22:48:06.771] [bmv2] [D] [thread 3452] [9.0] [cxt 0] Transmitting packet of size 70 out of port 1
[22:48:08.716] [bmv2] [D] [thread 3447] [10.0] [cxt 0] Processing packet received on port 1
[22:48:08.716] [bmv2] [D] [thread 3447] [10.0] [cxt 0] Parser 'parser': start
[22:48:08.716] [bmv2] [D] [thread 3447] [10.0] [cxt 0] Parser 'parser' entering state 'start'
[22:48:08.716] [bmv2] [D] [thread 3447] [10.0] [cxt 0] Extracting header 'ethernet'
[22:48:08.716] [bmv2] [D] [thread 3447] [10.0] [cxt 0] Parser state 'start': key is 1111
[22:48:08.716] [bmv2] [T] [thread 3447] [10.0] [cxt 0] Bytes parsed: 14
[22:48:08.716] [bmv2] [D] [thread 3447] [10.0] [cxt 0] Parser 'parser' entering state 'parse_source_routing'
[22:48:08.716] [bmv2] [D] [thread 3447] [10.0] [cxt 0] Extracting to header stack 0, next header is 4
[22:48:08.716] [bmv2] [D] [thread 3447] [10.0] [cxt 0] Parser state 'parse_source_routing': key is 01
[22:48:08.716] [bmv2] [T] [thread 3447] [10.0] [cxt 0] Bytes parsed: 15
[22:48:08.716] [bmv2] [D] [thread 3447] [10.0] [cxt 0] Parser 'parser' entering state 'parse_ipv4'
[22:48:08.716] [bmv2] [D] [thread 3447] [10.0] [cxt 0] Extracting header 'ipv4'
[22:48:08.716] [bmv2] [D] [thread 3447] [10.0] [cxt 0] Parser state 'parse_ipv4' has no switch, going to default next state
[22:48:08.716] [bmv2] [T] [thread 3447] [10.0] [cxt 0] Bytes parsed: 35
[22:48:08.716] [bmv2] [D] [thread 3447] [10.0] [cxt 0] Parser 'parser': end
[22:48:08.716] [bmv2] [D] [thread 3447] [10.0] [cxt 0] Pipeline 'ingress': start
[22:48:08.716] [bmv2] [T] [thread 3447] [10.0] [cxt 0] /home/ubuntu/int/source-routing-INT/p4src/source_routing.p4(82) Condition "hdr.source_routes[0].isValid()" (node_2) is false
[22:48:08.716] [bmv2] [T] [thread 3447] [10.0] [cxt 0] Applying table 'tbl_source_routing67'
[22:48:08.716] [bmv2] [D] [thread 3447] [10.0] [cxt 0] Looking up key:

[22:48:08.716] [bmv2] [D] [thread 3447] [10.0] [cxt 0] Table 'tbl_source_routing67': miss
[22:48:08.716] [bmv2] [D] [thread 3447] [10.0] [cxt 0] Action entry is source_routing67 - 
[22:48:08.717] [bmv2] [T] [thread 3447] [10.0] [cxt 0] Action source_routing67
[22:48:08.717] [bmv2] [T] [thread 3447] [10.0] [cxt 0] /home/ubuntu/int/source-routing-INT/p4src/source_routing.p4(67) Primitive hdr.source_routes[0].switch_id
[22:48:08.717] [bmv2] [T] [thread 3447] [10.0] [cxt 0] Applying table 'MyIngress.device_to_port'
[22:48:08.717] [bmv2] [D] [thread 3447] [10.0] [cxt 0] Looking up key:
* hdr.source_routes[0].switch_id: 04

[22:48:08.717] [bmv2] [D] [thread 3447] [10.0] [cxt 0] Table 'MyIngress.device_to_port': hit with handle 1
[22:48:08.717] [bmv2] [D] [thread 3447] [10.0] [cxt 0] Dumping entry 1
Match key:
* hdr.source_routes[0].switch_id: EXACT     04
Action entry: MyIngress.ipv4_forward - 40200,2,

[22:48:08.717] [bmv2] [D] [thread 3447] [10.0] [cxt 0] Action entry is MyIngress.ipv4_forward - 40200,2,
[22:48:08.717] [bmv2] [T] [thread 3447] [10.0] [cxt 0] Action MyIngress.ipv4_forward
[22:48:08.717] [bmv2] [T] [thread 3447] [10.0] [cxt 0] /home/ubuntu/int/source-routing-INT/p4src/source_routing.p4(38) Primitive hdr.ethernet.srcAddr = hdr.ethernet.dstAddr
[22:48:08.717] [bmv2] [T] [thread 3447] [10.0] [cxt 0] /home/ubuntu/int/source-routing-INT/p4src/source_routing.p4(41) Primitive hdr.ethernet.dstAddr = dstAddr
[22:48:08.717] [bmv2] [T] [thread 3447] [10.0] [cxt 0] /home/ubuntu/int/source-routing-INT/p4src/source_routing.p4(44) Primitive standard_metadata.egress_spec = port
[22:48:08.717] [bmv2] [T] [thread 3447] [10.0] [cxt 0] /home/ubuntu/int/source-routing-INT/p4src/source_routing.p4(47) Primitive hdr.ipv4.ttl = hdr.ipv4.ttl - 1
[22:48:08.717] [bmv2] [T] [thread 3447] [10.0] [cxt 0] Applying table 'tbl_act'
[22:48:08.717] [bmv2] [D] [thread 3447] [10.0] [cxt 0] Looking up key:

[22:48:08.717] [bmv2] [D] [thread 3447] [10.0] [cxt 0] Table 'tbl_act': miss
[22:48:08.717] [bmv2] [D] [thread 3447] [10.0] [cxt 0] Action entry is act - 
[22:48:08.717] [bmv2] [T] [thread 3447] [10.0] [cxt 0] Action act
[22:48:08.717] [bmv2] [T] [thread 3447] [10.0] [cxt 0] Primitive (no source info)
[22:48:08.717] [bmv2] [T] [thread 3447] [10.0] [cxt 0] Applying table 'tbl_source_routing82_0'
[22:48:08.717] [bmv2] [D] [thread 3447] [10.0] [cxt 0] Looking up key:

[22:48:08.717] [bmv2] [D] [thread 3447] [10.0] [cxt 0] Table 'tbl_source_routing82_0': miss
[22:48:08.717] [bmv2] [D] [thread 3447] [10.0] [cxt 0] Action entry is source_routing82_0 - 
[22:48:08.718] [bmv2] [T] [thread 3447] [10.0] [cxt 0] Action source_routing82_0
[22:48:08.718] [bmv2] [T] [thread 3447] [10.0] [cxt 0] /home/ubuntu/int/source-routing-INT/p4src/source_routing.p4(82) Primitive hdr.source_routes[0].isValid() && device_to_port.apply().hit
[22:48:08.718] [bmv2] [T] [thread 3447] [10.0] [cxt 0] Condition "node_9" (node_9) is true
[22:48:08.718] [bmv2] [T] [thread 3447] [10.0] [cxt 0] /home/ubuntu/int/source-routing-INT/p4src/source_routing.p4(84) Condition "hdr.source_routes[0].last_header == 1" (node_10) is true
[22:48:08.718] [bmv2] [T] [thread 3447] [10.0] [cxt 0] Applying table 'tbl_set_normal_ethernet'
[22:48:08.718] [bmv2] [D] [thread 3447] [10.0] [cxt 0] Looking up key:

[22:48:08.718] [bmv2] [D] [thread 3447] [10.0] [cxt 0] Table 'tbl_set_normal_ethernet': miss
[22:48:08.718] [bmv2] [D] [thread 3447] [10.0] [cxt 0] Action entry is MyIngress.set_normal_ethernet - 
[22:48:08.718] [bmv2] [T] [thread 3447] [10.0] [cxt 0] Action MyIngress.set_normal_ethernet
[22:48:08.718] [bmv2] [T] [thread 3447] [10.0] [cxt 0] /home/ubuntu/int/source-routing-INT/p4src/include/headers.p4(7) Primitive 0x800; ...
[22:48:08.718] [bmv2] [T] [thread 3447] [10.0] [cxt 0] Applying table 'tbl_source_routing87'
[22:48:08.718] [bmv2] [D] [thread 3447] [10.0] [cxt 0] Looking up key:

[22:48:08.718] [bmv2] [D] [thread 3447] [10.0] [cxt 0] Table 'tbl_source_routing87': miss
[22:48:08.718] [bmv2] [D] [thread 3447] [10.0] [cxt 0] Action entry is source_routing87 - 
[22:48:08.718] [bmv2] [T] [thread 3447] [10.0] [cxt 0] Action source_routing87
[22:48:08.718] [bmv2] [T] [thread 3447] [10.0] [cxt 0] /home/ubuntu/int/source-routing-INT/p4src/source_routing.p4(87) Primitive hdr.source_routes.pop_front(1)
[22:48:08.719] [bmv2] [D] [thread 3447] [10.0] [cxt 0] Pipeline 'ingress': end
[22:48:08.719] [bmv2] [D] [thread 3447] [10.0] [cxt 0] Egress port is 2
[22:48:08.719] [bmv2] [D] [thread 3450] [10.0] [cxt 0] Pipeline 'egress': start
[22:48:08.719] [bmv2] [D] [thread 3450] [10.0] [cxt 0] Pipeline 'egress': end
[22:48:08.719] [bmv2] [D] [thread 3450] [10.0] [cxt 0] Deparser 'deparser': start
[22:48:08.719] [bmv2] [D] [thread 3450] [10.0] [cxt 0] Updating checksum 'cksum'
[22:48:08.719] [bmv2] [D] [thread 3450] [10.0] [cxt 0] Deparsing header 'ethernet'
[22:48:08.719] [bmv2] [D] [thread 3450] [10.0] [cxt 0] Deparsing header 'ipv4'
[22:48:08.719] [bmv2] [D] [thread 3450] [10.0] [cxt 0] Deparser 'deparser': end
[22:48:08.719] [bmv2] [D] [thread 3452] [10.0] [cxt 0] Transmitting packet of size 42 out of port 2
[22:48:08.725] [bmv2] [D] [thread 3447] [11.0] [cxt 0] Processing packet received on port 2
[22:48:08.725] [bmv2] [D] [thread 3447] [11.0] [cxt 0] Parser 'parser': start
[22:48:08.725] [bmv2] [D] [thread 3447] [11.0] [cxt 0] Parser 'parser' entering state 'start'
[22:48:08.725] [bmv2] [D] [thread 3447] [11.0] [cxt 0] Extracting header 'ethernet'
[22:48:08.725] [bmv2] [D] [thread 3447] [11.0] [cxt 0] Parser state 'start': key is 0800
[22:48:08.725] [bmv2] [T] [thread 3447] [11.0] [cxt 0] Bytes parsed: 14
[22:48:08.725] [bmv2] [D] [thread 3447] [11.0] [cxt 0] Parser 'parser' entering state 'parse_ipv4'
[22:48:08.725] [bmv2] [D] [thread 3447] [11.0] [cxt 0] Extracting header 'ipv4'
[22:48:08.725] [bmv2] [D] [thread 3447] [11.0] [cxt 0] Parser state 'parse_ipv4' has no switch, going to default next state
[22:48:08.725] [bmv2] [T] [thread 3447] [11.0] [cxt 0] Bytes parsed: 34
[22:48:08.725] [bmv2] [D] [thread 3447] [11.0] [cxt 0] Parser 'parser': end
[22:48:08.725] [bmv2] [D] [thread 3447] [11.0] [cxt 0] Pipeline 'ingress': start
[22:48:08.725] [bmv2] [T] [thread 3447] [11.0] [cxt 0] /home/ubuntu/int/source-routing-INT/p4src/source_routing.p4(82) Condition "hdr.source_routes[0].isValid()" (node_2) is true
[22:48:08.725] [bmv2] [T] [thread 3447] [11.0] [cxt 0] Applying table 'tbl_source_routing82'
[22:48:08.725] [bmv2] [D] [thread 3447] [11.0] [cxt 0] Looking up key:

[22:48:08.725] [bmv2] [D] [thread 3447] [11.0] [cxt 0] Table 'tbl_source_routing82': miss
[22:48:08.726] [bmv2] [D] [thread 3447] [11.0] [cxt 0] Action entry is source_routing82 - 
[22:48:08.726] [bmv2] [T] [thread 3447] [11.0] [cxt 0] Action source_routing82
[22:48:08.726] [bmv2] [T] [thread 3447] [11.0] [cxt 0] /home/ubuntu/int/source-routing-INT/p4src/source_routing.p4(82) Primitive hdr.source_routes[0].isValid() && device_to_port.apply().hit
[22:48:08.726] [bmv2] [T] [thread 3447] [11.0] [cxt 0] Condition "node_9" (node_9) is false
[22:48:08.726] [bmv2] [T] [thread 3447] [11.0] [cxt 0] /home/ubuntu/int/source-routing-INT/p4src/source_routing.p4(90) Condition "hdr.ipv4.isValid()" (node_13) is true
[22:48:08.726] [bmv2] [T] [thread 3447] [11.0] [cxt 0] Applying table 'MyIngress.ipv4_lpm'
[22:48:08.726] [bmv2] [D] [thread 3447] [11.0] [cxt 0] Looking up key:
* hdr.ipv4.dstAddr    : 0a000101

[22:48:08.726] [bmv2] [D] [thread 3447] [11.0] [cxt 0] Table 'MyIngress.ipv4_lpm': hit with handle 0
[22:48:08.726] [bmv2] [D] [thread 3447] [11.0] [cxt 0] Dumping entry 0
Match key:
* hdr.ipv4.dstAddr    : LPM       0a000101/32
Action entry: MyIngress.ipv4_forward - 10200,1,

[22:48:08.726] [bmv2] [D] [thread 3447] [11.0] [cxt 0] Action entry is MyIngress.ipv4_forward - 10200,1,
[22:48:08.726] [bmv2] [T] [thread 3447] [11.0] [cxt 0] Action MyIngress.ipv4_forward
[22:48:08.726] [bmv2] [T] [thread 3447] [11.0] [cxt 0] /home/ubuntu/int/source-routing-INT/p4src/source_routing.p4(38) Primitive hdr.ethernet.srcAddr = hdr.ethernet.dstAddr
[22:48:08.726] [bmv2] [T] [thread 3447] [11.0] [cxt 0] /home/ubuntu/int/source-routing-INT/p4src/source_routing.p4(41) Primitive hdr.ethernet.dstAddr = dstAddr
[22:48:08.726] [bmv2] [T] [thread 3447] [11.0] [cxt 0] /home/ubuntu/int/source-routing-INT/p4src/source_routing.p4(44) Primitive standard_metadata.egress_spec = port
[22:48:08.726] [bmv2] [T] [thread 3447] [11.0] [cxt 0] /home/ubuntu/int/source-routing-INT/p4src/source_routing.p4(47) Primitive hdr.ipv4.ttl = hdr.ipv4.ttl - 1
[22:48:08.726] [bmv2] [T] [thread 3447] [11.0] [cxt 0] /home/ubuntu/int/source-routing-INT/p4src/source_routing.p4(93) Condition "hdr.source_routes[0].isValid()" (node_15) is false
[22:48:08.726] [bmv2] [D] [thread 3447] [11.0] [cxt 0] Pipeline 'ingress': end
[22:48:08.726] [bmv2] [D] [thread 3447] [11.0] [cxt 0] Egress port is 1
[22:48:08.726] [bmv2] [D] [thread 3449] [11.0] [cxt 0] Pipeline 'egress': start
[22:48:08.727] [bmv2] [D] [thread 3449] [11.0] [cxt 0] Pipeline 'egress': end
[22:48:08.727] [bmv2] [D] [thread 3449] [11.0] [cxt 0] Deparser 'deparser': start
[22:48:08.727] [bmv2] [D] [thread 3449] [11.0] [cxt 0] Updating checksum 'cksum'
[22:48:08.727] [bmv2] [D] [thread 3449] [11.0] [cxt 0] Deparsing header 'ethernet'
[22:48:08.727] [bmv2] [D] [thread 3449] [11.0] [cxt 0] Deparsing header 'ipv4'
[22:48:08.727] [bmv2] [D] [thread 3449] [11.0] [cxt 0] Deparser 'deparser': end
[22:48:08.727] [bmv2] [D] [thread 3452] [11.0] [cxt 0] Transmitting packet of size 70 out of port 1
[22:48:22.461] [bmv2] [D] [thread 3447] [12.0] [cxt 0] Processing packet received on port 1
[22:48:22.461] [bmv2] [D] [thread 3447] [12.0] [cxt 0] Parser 'parser': start
[22:48:22.461] [bmv2] [D] [thread 3447] [12.0] [cxt 0] Parser 'parser' entering state 'start'
[22:48:22.461] [bmv2] [D] [thread 3447] [12.0] [cxt 0] Extracting header 'ethernet'
[22:48:22.461] [bmv2] [D] [thread 3447] [12.0] [cxt 0] Parser state 'start': key is 1111
[22:48:22.461] [bmv2] [T] [thread 3447] [12.0] [cxt 0] Bytes parsed: 14
[22:48:22.461] [bmv2] [D] [thread 3447] [12.0] [cxt 0] Parser 'parser' entering state 'parse_source_routing'
[22:48:22.461] [bmv2] [D] [thread 3447] [12.0] [cxt 0] Extracting to header stack 0, next header is 4
[22:48:22.461] [bmv2] [D] [thread 3447] [12.0] [cxt 0] Parser state 'parse_source_routing': key is 00
[22:48:22.461] [bmv2] [T] [thread 3447] [12.0] [cxt 0] Bytes parsed: 15
[22:48:22.461] [bmv2] [D] [thread 3447] [12.0] [cxt 0] Parser 'parser' entering state 'parse_source_routing'
[22:48:22.461] [bmv2] [D] [thread 3447] [12.0] [cxt 0] Extracting to header stack 0, next header is 5
[22:48:22.461] [bmv2] [D] [thread 3447] [12.0] [cxt 0] Parser state 'parse_source_routing': key is 00
[22:48:22.461] [bmv2] [T] [thread 3447] [12.0] [cxt 0] Bytes parsed: 16
[22:48:22.461] [bmv2] [D] [thread 3447] [12.0] [cxt 0] Parser 'parser' entering state 'parse_source_routing'
[22:48:22.461] [bmv2] [D] [thread 3447] [12.0] [cxt 0] Extracting to header stack 0, next header is 6
[22:48:22.461] [bmv2] [D] [thread 3447] [12.0] [cxt 0] Parser state 'parse_source_routing': key is 00
[22:48:22.461] [bmv2] [T] [thread 3447] [12.0] [cxt 0] Bytes parsed: 17
[22:48:22.461] [bmv2] [D] [thread 3447] [12.0] [cxt 0] Parser 'parser' entering state 'parse_source_routing'
[22:48:22.462] [bmv2] [D] [thread 3447] [12.0] [cxt 0] Extracting to header stack 0, next header is 7
[22:48:22.462] [bmv2] [D] [thread 3447] [12.0] [cxt 0] Parser state 'parse_source_routing': key is 01
[22:48:22.462] [bmv2] [T] [thread 3447] [12.0] [cxt 0] Bytes parsed: 18
[22:48:22.462] [bmv2] [D] [thread 3447] [12.0] [cxt 0] Parser 'parser' entering state 'parse_ipv4'
[22:48:22.462] [bmv2] [D] [thread 3447] [12.0] [cxt 0] Extracting header 'ipv4'
[22:48:22.462] [bmv2] [D] [thread 3447] [12.0] [cxt 0] Parser state 'parse_ipv4' has no switch, going to default next state
[22:48:22.462] [bmv2] [T] [thread 3447] [12.0] [cxt 0] Bytes parsed: 38
[22:48:22.462] [bmv2] [D] [thread 3447] [12.0] [cxt 0] Parser 'parser': end
[22:48:22.462] [bmv2] [D] [thread 3447] [12.0] [cxt 0] Pipeline 'ingress': start
[22:48:22.462] [bmv2] [T] [thread 3447] [12.0] [cxt 0] /home/ubuntu/int/source-routing-INT/p4src/source_routing.p4(82) Condition "hdr.source_routes[0].isValid()" (node_2) is false
[22:48:22.462] [bmv2] [T] [thread 3447] [12.0] [cxt 0] Applying table 'tbl_source_routing67'
[22:48:22.462] [bmv2] [D] [thread 3447] [12.0] [cxt 0] Looking up key:

[22:48:22.462] [bmv2] [D] [thread 3447] [12.0] [cxt 0] Table 'tbl_source_routing67': miss
[22:48:22.462] [bmv2] [D] [thread 3447] [12.0] [cxt 0] Action entry is source_routing67 - 
[22:48:22.462] [bmv2] [T] [thread 3447] [12.0] [cxt 0] Action source_routing67
[22:48:22.462] [bmv2] [T] [thread 3447] [12.0] [cxt 0] /home/ubuntu/int/source-routing-INT/p4src/source_routing.p4(67) Primitive hdr.source_routes[0].switch_id
[22:48:22.462] [bmv2] [T] [thread 3447] [12.0] [cxt 0] Applying table 'MyIngress.device_to_port'
[22:48:22.462] [bmv2] [D] [thread 3447] [12.0] [cxt 0] Looking up key:
* hdr.source_routes[0].switch_id: 03

[22:48:22.462] [bmv2] [D] [thread 3447] [12.0] [cxt 0] Table 'MyIngress.device_to_port': miss
[22:48:22.462] [bmv2] [D] [thread 3447] [12.0] [cxt 0] Action entry is NoAction - 
[22:48:22.462] [bmv2] [T] [thread 3447] [12.0] [cxt 0] Action NoAction
[22:48:22.462] [bmv2] [T] [thread 3447] [12.0] [cxt 0] Applying table 'tbl_act_0'
[22:48:22.462] [bmv2] [D] [thread 3447] [12.0] [cxt 0] Looking up key:

[22:48:22.462] [bmv2] [D] [thread 3447] [12.0] [cxt 0] Table 'tbl_act_0': miss
[22:48:22.463] [bmv2] [D] [thread 3447] [12.0] [cxt 0] Action entry is act_0 - 
[22:48:22.463] [bmv2] [T] [thread 3447] [12.0] [cxt 0] Action act_0
[22:48:22.463] [bmv2] [T] [thread 3447] [12.0] [cxt 0] Primitive (no source info)
[22:48:22.463] [bmv2] [T] [thread 3447] [12.0] [cxt 0] Applying table 'tbl_source_routing82_0'
[22:48:22.463] [bmv2] [D] [thread 3447] [12.0] [cxt 0] Looking up key:

[22:48:22.463] [bmv2] [D] [thread 3447] [12.0] [cxt 0] Table 'tbl_source_routing82_0': miss
[22:48:22.463] [bmv2] [D] [thread 3447] [12.0] [cxt 0] Action entry is source_routing82_0 - 
[22:48:22.463] [bmv2] [T] [thread 3447] [12.0] [cxt 0] Action source_routing82_0
[22:48:22.463] [bmv2] [T] [thread 3447] [12.0] [cxt 0] /home/ubuntu/int/source-routing-INT/p4src/source_routing.p4(82) Primitive hdr.source_routes[0].isValid() && device_to_port.apply().hit
[22:48:22.463] [bmv2] [T] [thread 3447] [12.0] [cxt 0] Condition "node_9" (node_9) is false
[22:48:22.463] [bmv2] [T] [thread 3447] [12.0] [cxt 0] /home/ubuntu/int/source-routing-INT/p4src/source_routing.p4(90) Condition "hdr.ipv4.isValid()" (node_13) is true
[22:48:22.463] [bmv2] [T] [thread 3447] [12.0] [cxt 0] Applying table 'MyIngress.ipv4_lpm'
[22:48:22.463] [bmv2] [D] [thread 3447] [12.0] [cxt 0] Looking up key:
* hdr.ipv4.dstAddr    : 0a000402

[22:48:22.463] [bmv2] [D] [thread 3447] [12.0] [cxt 0] Table 'MyIngress.ipv4_lpm': hit with handle 1
[22:48:22.463] [bmv2] [D] [thread 3447] [12.0] [cxt 0] Dumping entry 1
Match key:
* hdr.ipv4.dstAddr    : LPM       0a000402/32
Action entry: MyIngress.ipv4_forward - 40200,2,

[22:48:22.463] [bmv2] [D] [thread 3447] [12.0] [cxt 0] Action entry is MyIngress.ipv4_forward - 40200,2,
[22:48:22.463] [bmv2] [T] [thread 3447] [12.0] [cxt 0] Action MyIngress.ipv4_forward
[22:48:22.463] [bmv2] [T] [thread 3447] [12.0] [cxt 0] /home/ubuntu/int/source-routing-INT/p4src/source_routing.p4(38) Primitive hdr.ethernet.srcAddr = hdr.ethernet.dstAddr
[22:48:22.463] [bmv2] [T] [thread 3447] [12.0] [cxt 0] /home/ubuntu/int/source-routing-INT/p4src/source_routing.p4(41) Primitive hdr.ethernet.dstAddr = dstAddr
[22:48:22.463] [bmv2] [T] [thread 3447] [12.0] [cxt 0] /home/ubuntu/int/source-routing-INT/p4src/source_routing.p4(44) Primitive standard_metadata.egress_spec = port
[22:48:22.463] [bmv2] [T] [thread 3447] [12.0] [cxt 0] /home/ubuntu/int/source-routing-INT/p4src/source_routing.p4(47) Primitive hdr.ipv4.ttl = hdr.ipv4.ttl - 1
[22:48:22.463] [bmv2] [T] [thread 3447] [12.0] [cxt 0] /home/ubuntu/int/source-routing-INT/p4src/source_routing.p4(93) Condition "hdr.source_routes[0].isValid()" (node_15) is true
[22:48:22.463] [bmv2] [T] [thread 3447] [12.0] [cxt 0] /home/ubuntu/int/source-routing-INT/p4src/source_routing.p4(95) Condition "hdr.source_routes[0].last_header == 1" (node_16) is false
[22:48:22.463] [bmv2] [T] [thread 3447] [12.0] [cxt 0] Applying table 'tbl_source_routing98'
[22:48:22.464] [bmv2] [D] [thread 3447] [12.0] [cxt 0] Looking up key:

[22:48:22.464] [bmv2] [D] [thread 3447] [12.0] [cxt 0] Table 'tbl_source_routing98': miss
[22:48:22.464] [bmv2] [D] [thread 3447] [12.0] [cxt 0] Action entry is source_routing98 - 
[22:48:22.464] [bmv2] [T] [thread 3447] [12.0] [cxt 0] Action source_routing98
[22:48:22.464] [bmv2] [T] [thread 3447] [12.0] [cxt 0] /home/ubuntu/int/source-routing-INT/p4src/source_routing.p4(98) Primitive hdr.source_routes.pop_front(1)
[22:48:22.464] [bmv2] [D] [thread 3447] [12.0] [cxt 0] Pipeline 'ingress': end
[22:48:22.464] [bmv2] [D] [thread 3447] [12.0] [cxt 0] Egress port is 2
[22:48:22.465] [bmv2] [D] [thread 3450] [12.0] [cxt 0] Pipeline 'egress': start
[22:48:22.465] [bmv2] [D] [thread 3450] [12.0] [cxt 0] Pipeline 'egress': end
[22:48:22.465] [bmv2] [D] [thread 3450] [12.0] [cxt 0] Deparser 'deparser': start
[22:48:22.465] [bmv2] [D] [thread 3450] [12.0] [cxt 0] Updating checksum 'cksum'
[22:48:22.465] [bmv2] [D] [thread 3450] [12.0] [cxt 0] Deparsing header 'ethernet'
[22:48:22.465] [bmv2] [D] [thread 3450] [12.0] [cxt 0] Deparsing header 'source_routes[0]'
[22:48:22.465] [bmv2] [D] [thread 3450] [12.0] [cxt 0] Deparsing header 'source_routes[1]'
[22:48:22.465] [bmv2] [D] [thread 3450] [12.0] [cxt 0] Deparsing header 'source_routes[2]'
[22:48:22.465] [bmv2] [D] [thread 3450] [12.0] [cxt 0] Deparsing header 'ipv4'
[22:48:22.465] [bmv2] [D] [thread 3450] [12.0] [cxt 0] Deparser 'deparser': end
[22:48:22.465] [bmv2] [D] [thread 3452] [12.0] [cxt 0] Transmitting packet of size 45 out of port 2
[22:48:22.470] [bmv2] [D] [thread 3447] [13.0] [cxt 0] Processing packet received on port 2
[22:48:22.470] [bmv2] [D] [thread 3447] [13.0] [cxt 0] Parser 'parser': start
[22:48:22.470] [bmv2] [D] [thread 3447] [13.0] [cxt 0] Parser 'parser' entering state 'start'
[22:48:22.470] [bmv2] [D] [thread 3447] [13.0] [cxt 0] Extracting header 'ethernet'
[22:48:22.470] [bmv2] [D] [thread 3447] [13.0] [cxt 0] Parser state 'start': key is 1111
[22:48:22.470] [bmv2] [T] [thread 3447] [13.0] [cxt 0] Bytes parsed: 14
[22:48:22.470] [bmv2] [D] [thread 3447] [13.0] [cxt 0] Parser 'parser' entering state 'parse_source_routing'
[22:48:22.470] [bmv2] [D] [thread 3447] [13.0] [cxt 0] Extracting to header stack 0, next header is 4
[22:48:22.470] [bmv2] [D] [thread 3447] [13.0] [cxt 0] Parser state 'parse_source_routing': key is 00
[22:48:22.470] [bmv2] [T] [thread 3447] [13.0] [cxt 0] Bytes parsed: 15
[22:48:22.470] [bmv2] [D] [thread 3447] [13.0] [cxt 0] Parser 'parser' entering state 'parse_source_routing'
[22:48:22.470] [bmv2] [D] [thread 3447] [13.0] [cxt 0] Extracting to header stack 0, next header is 5
[22:48:22.470] [bmv2] [D] [thread 3447] [13.0] [cxt 0] Parser state 'parse_source_routing': key is 01
[22:48:22.470] [bmv2] [T] [thread 3447] [13.0] [cxt 0] Bytes parsed: 16
[22:48:22.470] [bmv2] [D] [thread 3447] [13.0] [cxt 0] Parser 'parser' entering state 'parse_ipv4'
[22:48:22.470] [bmv2] [D] [thread 3447] [13.0] [cxt 0] Extracting header 'ipv4'
[22:48:22.470] [bmv2] [D] [thread 3447] [13.0] [cxt 0] Parser state 'parse_ipv4' has no switch, going to default next state
[22:48:22.470] [bmv2] [T] [thread 3447] [13.0] [cxt 0] Bytes parsed: 36
[22:48:22.471] [bmv2] [D] [thread 3447] [13.0] [cxt 0] Parser 'parser': end
[22:48:22.471] [bmv2] [D] [thread 3447] [13.0] [cxt 0] Pipeline 'ingress': start
[22:48:22.471] [bmv2] [T] [thread 3447] [13.0] [cxt 0] /home/ubuntu/int/source-routing-INT/p4src/source_routing.p4(82) Condition "hdr.source_routes[0].isValid()" (node_2) is false
[22:48:22.471] [bmv2] [T] [thread 3447] [13.0] [cxt 0] Applying table 'tbl_source_routing67'
[22:48:22.471] [bmv2] [D] [thread 3447] [13.0] [cxt 0] Looking up key:

[22:48:22.471] [bmv2] [D] [thread 3447] [13.0] [cxt 0] Table 'tbl_source_routing67': miss
[22:48:22.471] [bmv2] [D] [thread 3447] [13.0] [cxt 0] Action entry is source_routing67 - 
[22:48:22.471] [bmv2] [T] [thread 3447] [13.0] [cxt 0] Action source_routing67
[22:48:22.471] [bmv2] [T] [thread 3447] [13.0] [cxt 0] /home/ubuntu/int/source-routing-INT/p4src/source_routing.p4(67) Primitive hdr.source_routes[0].switch_id
[22:48:22.471] [bmv2] [T] [thread 3447] [13.0] [cxt 0] Applying table 'MyIngress.device_to_port'
[22:48:22.471] [bmv2] [D] [thread 3447] [13.0] [cxt 0] Looking up key:
* hdr.source_routes[0].switch_id: 02

[22:48:22.471] [bmv2] [D] [thread 3447] [13.0] [cxt 0] Table 'MyIngress.device_to_port': miss
[22:48:22.471] [bmv2] [D] [thread 3447] [13.0] [cxt 0] Action entry is NoAction - 
[22:48:22.471] [bmv2] [T] [thread 3447] [13.0] [cxt 0] Action NoAction
[22:48:22.471] [bmv2] [T] [thread 3447] [13.0] [cxt 0] Applying table 'tbl_act_0'
[22:48:22.471] [bmv2] [D] [thread 3447] [13.0] [cxt 0] Looking up key:

[22:48:22.471] [bmv2] [D] [thread 3447] [13.0] [cxt 0] Table 'tbl_act_0': miss
[22:48:22.471] [bmv2] [D] [thread 3447] [13.0] [cxt 0] Action entry is act_0 - 
[22:48:22.471] [bmv2] [T] [thread 3447] [13.0] [cxt 0] Action act_0
[22:48:22.471] [bmv2] [T] [thread 3447] [13.0] [cxt 0] Primitive (no source info)
[22:48:22.471] [bmv2] [T] [thread 3447] [13.0] [cxt 0] Applying table 'tbl_source_routing82_0'
[22:48:22.471] [bmv2] [D] [thread 3447] [13.0] [cxt 0] Looking up key:

[22:48:22.471] [bmv2] [D] [thread 3447] [13.0] [cxt 0] Table 'tbl_source_routing82_0': miss
[22:48:22.471] [bmv2] [D] [thread 3447] [13.0] [cxt 0] Action entry is source_routing82_0 - 
[22:48:22.471] [bmv2] [T] [thread 3447] [13.0] [cxt 0] Action source_routing82_0
[22:48:22.471] [bmv2] [T] [thread 3447] [13.0] [cxt 0] /home/ubuntu/int/source-routing-INT/p4src/source_routing.p4(82) Primitive hdr.source_routes[0].isValid() && device_to_port.apply().hit
[22:48:22.472] [bmv2] [T] [thread 3447] [13.0] [cxt 0] Condition "node_9" (node_9) is false
[22:48:22.472] [bmv2] [T] [thread 3447] [13.0] [cxt 0] /home/ubuntu/int/source-routing-INT/p4src/source_routing.p4(90) Condition "hdr.ipv4.isValid()" (node_13) is true
[22:48:22.472] [bmv2] [T] [thread 3447] [13.0] [cxt 0] Applying table 'MyIngress.ipv4_lpm'
[22:48:22.472] [bmv2] [D] [thread 3447] [13.0] [cxt 0] Looking up key:
* hdr.ipv4.dstAddr    : 0a000402

[22:48:22.472] [bmv2] [D] [thread 3447] [13.0] [cxt 0] Table 'MyIngress.ipv4_lpm': hit with handle 1
[22:48:22.472] [bmv2] [D] [thread 3447] [13.0] [cxt 0] Dumping entry 1
Match key:
* hdr.ipv4.dstAddr    : LPM       0a000402/32
Action entry: MyIngress.ipv4_forward - 40200,2,

[22:48:22.472] [bmv2] [D] [thread 3447] [13.0] [cxt 0] Action entry is MyIngress.ipv4_forward - 40200,2,
[22:48:22.472] [bmv2] [T] [thread 3447] [13.0] [cxt 0] Action MyIngress.ipv4_forward
[22:48:22.472] [bmv2] [T] [thread 3447] [13.0] [cxt 0] /home/ubuntu/int/source-routing-INT/p4src/source_routing.p4(38) Primitive hdr.ethernet.srcAddr = hdr.ethernet.dstAddr
[22:48:22.472] [bmv2] [T] [thread 3447] [13.0] [cxt 0] /home/ubuntu/int/source-routing-INT/p4src/source_routing.p4(41) Primitive hdr.ethernet.dstAddr = dstAddr
[22:48:22.472] [bmv2] [T] [thread 3447] [13.0] [cxt 0] /home/ubuntu/int/source-routing-INT/p4src/source_routing.p4(44) Primitive standard_metadata.egress_spec = port
[22:48:22.472] [bmv2] [T] [thread 3447] [13.0] [cxt 0] /home/ubuntu/int/source-routing-INT/p4src/source_routing.p4(47) Primitive hdr.ipv4.ttl = hdr.ipv4.ttl - 1
[22:48:22.472] [bmv2] [T] [thread 3447] [13.0] [cxt 0] /home/ubuntu/int/source-routing-INT/p4src/source_routing.p4(93) Condition "hdr.source_routes[0].isValid()" (node_15) is true
[22:48:22.472] [bmv2] [T] [thread 3447] [13.0] [cxt 0] /home/ubuntu/int/source-routing-INT/p4src/source_routing.p4(95) Condition "hdr.source_routes[0].last_header == 1" (node_16) is false
[22:48:22.472] [bmv2] [T] [thread 3447] [13.0] [cxt 0] Applying table 'tbl_source_routing98'
[22:48:22.472] [bmv2] [D] [thread 3447] [13.0] [cxt 0] Looking up key:

[22:48:22.472] [bmv2] [D] [thread 3447] [13.0] [cxt 0] Table 'tbl_source_routing98': miss
[22:48:22.472] [bmv2] [D] [thread 3447] [13.0] [cxt 0] Action entry is source_routing98 - 
[22:48:22.472] [bmv2] [T] [thread 3447] [13.0] [cxt 0] Action source_routing98
[22:48:22.472] [bmv2] [T] [thread 3447] [13.0] [cxt 0] /home/ubuntu/int/source-routing-INT/p4src/source_routing.p4(98) Primitive hdr.source_routes.pop_front(1)
[22:48:22.473] [bmv2] [D] [thread 3447] [13.0] [cxt 0] Pipeline 'ingress': end
[22:48:22.473] [bmv2] [D] [thread 3447] [13.0] [cxt 0] Egress port is 2
[22:48:22.473] [bmv2] [D] [thread 3450] [13.0] [cxt 0] Pipeline 'egress': start
[22:48:22.473] [bmv2] [D] [thread 3450] [13.0] [cxt 0] Pipeline 'egress': end
[22:48:22.473] [bmv2] [D] [thread 3450] [13.0] [cxt 0] Deparser 'deparser': start
[22:48:22.473] [bmv2] [D] [thread 3450] [13.0] [cxt 0] Updating checksum 'cksum'
[22:48:22.473] [bmv2] [D] [thread 3450] [13.0] [cxt 0] Deparsing header 'ethernet'
[22:48:22.473] [bmv2] [D] [thread 3450] [13.0] [cxt 0] Deparsing header 'source_routes[0]'
[22:48:22.473] [bmv2] [D] [thread 3450] [13.0] [cxt 0] Deparsing header 'ipv4'
[22:48:22.473] [bmv2] [D] [thread 3450] [13.0] [cxt 0] Deparser 'deparser': end
[22:48:22.474] [bmv2] [D] [thread 3452] [13.0] [cxt 0] Transmitting packet of size 43 out of port 2
[22:48:22.480] [bmv2] [D] [thread 3447] [14.0] [cxt 0] Processing packet received on port 2
[22:48:22.480] [bmv2] [D] [thread 3447] [14.0] [cxt 0] Parser 'parser': start
[22:48:22.481] [bmv2] [D] [thread 3447] [14.0] [cxt 0] Parser 'parser' entering state 'start'
[22:48:22.481] [bmv2] [D] [thread 3447] [14.0] [cxt 0] Extracting header 'ethernet'
[22:48:22.481] [bmv2] [D] [thread 3447] [14.0] [cxt 0] Parser state 'start': key is 0800
[22:48:22.481] [bmv2] [T] [thread 3447] [14.0] [cxt 0] Bytes parsed: 14
[22:48:22.481] [bmv2] [D] [thread 3447] [14.0] [cxt 0] Parser 'parser' entering state 'parse_ipv4'
[22:48:22.481] [bmv2] [D] [thread 3447] [14.0] [cxt 0] Extracting header 'ipv4'
[22:48:22.481] [bmv2] [D] [thread 3447] [14.0] [cxt 0] Parser state 'parse_ipv4' has no switch, going to default next state
[22:48:22.481] [bmv2] [T] [thread 3447] [14.0] [cxt 0] Bytes parsed: 34
[22:48:22.481] [bmv2] [D] [thread 3447] [14.0] [cxt 0] Parser 'parser': end
[22:48:22.481] [bmv2] [D] [thread 3447] [14.0] [cxt 0] Pipeline 'ingress': start
[22:48:22.481] [bmv2] [T] [thread 3447] [14.0] [cxt 0] /home/ubuntu/int/source-routing-INT/p4src/source_routing.p4(82) Condition "hdr.source_routes[0].isValid()" (node_2) is true
[22:48:22.481] [bmv2] [T] [thread 3447] [14.0] [cxt 0] Applying table 'tbl_source_routing82'
[22:48:22.481] [bmv2] [D] [thread 3447] [14.0] [cxt 0] Looking up key:

[22:48:22.481] [bmv2] [D] [thread 3447] [14.0] [cxt 0] Table 'tbl_source_routing82': miss
[22:48:22.481] [bmv2] [D] [thread 3447] [14.0] [cxt 0] Action entry is source_routing82 - 
[22:48:22.481] [bmv2] [T] [thread 3447] [14.0] [cxt 0] Action source_routing82
[22:48:22.481] [bmv2] [T] [thread 3447] [14.0] [cxt 0] /home/ubuntu/int/source-routing-INT/p4src/source_routing.p4(82) Primitive hdr.source_routes[0].isValid() && device_to_port.apply().hit
[22:48:22.481] [bmv2] [T] [thread 3447] [14.0] [cxt 0] Condition "node_9" (node_9) is false
[22:48:22.481] [bmv2] [T] [thread 3447] [14.0] [cxt 0] /home/ubuntu/int/source-routing-INT/p4src/source_routing.p4(90) Condition "hdr.ipv4.isValid()" (node_13) is true
[22:48:22.481] [bmv2] [T] [thread 3447] [14.0] [cxt 0] Applying table 'MyIngress.ipv4_lpm'
[22:48:22.481] [bmv2] [D] [thread 3447] [14.0] [cxt 0] Looking up key:
* hdr.ipv4.dstAddr    : 0a000101

[22:48:22.481] [bmv2] [D] [thread 3447] [14.0] [cxt 0] Table 'MyIngress.ipv4_lpm': hit with handle 0
[22:48:22.481] [bmv2] [D] [thread 3447] [14.0] [cxt 0] Dumping entry 0
Match key:
* hdr.ipv4.dstAddr    : LPM       0a000101/32
Action entry: MyIngress.ipv4_forward - 10200,1,

[22:48:22.481] [bmv2] [D] [thread 3447] [14.0] [cxt 0] Action entry is MyIngress.ipv4_forward - 10200,1,
[22:48:22.482] [bmv2] [T] [thread 3447] [14.0] [cxt 0] Action MyIngress.ipv4_forward
[22:48:22.482] [bmv2] [T] [thread 3447] [14.0] [cxt 0] /home/ubuntu/int/source-routing-INT/p4src/source_routing.p4(38) Primitive hdr.ethernet.srcAddr = hdr.ethernet.dstAddr
[22:48:22.482] [bmv2] [T] [thread 3447] [14.0] [cxt 0] /home/ubuntu/int/source-routing-INT/p4src/source_routing.p4(41) Primitive hdr.ethernet.dstAddr = dstAddr
[22:48:22.482] [bmv2] [T] [thread 3447] [14.0] [cxt 0] /home/ubuntu/int/source-routing-INT/p4src/source_routing.p4(44) Primitive standard_metadata.egress_spec = port
[22:48:22.482] [bmv2] [T] [thread 3447] [14.0] [cxt 0] /home/ubuntu/int/source-routing-INT/p4src/source_routing.p4(47) Primitive hdr.ipv4.ttl = hdr.ipv4.ttl - 1
[22:48:22.482] [bmv2] [T] [thread 3447] [14.0] [cxt 0] /home/ubuntu/int/source-routing-INT/p4src/source_routing.p4(93) Condition "hdr.source_routes[0].isValid()" (node_15) is false
[22:48:22.482] [bmv2] [D] [thread 3447] [14.0] [cxt 0] Pipeline 'ingress': end
[22:48:22.482] [bmv2] [D] [thread 3447] [14.0] [cxt 0] Egress port is 1
[22:48:22.482] [bmv2] [D] [thread 3449] [14.0] [cxt 0] Pipeline 'egress': start
[22:48:22.482] [bmv2] [D] [thread 3449] [14.0] [cxt 0] Pipeline 'egress': end
[22:48:22.482] [bmv2] [D] [thread 3449] [14.0] [cxt 0] Deparser 'deparser': start
[22:48:22.482] [bmv2] [D] [thread 3449] [14.0] [cxt 0] Updating checksum 'cksum'
[22:48:22.482] [bmv2] [D] [thread 3449] [14.0] [cxt 0] Deparsing header 'ethernet'
[22:48:22.482] [bmv2] [D] [thread 3449] [14.0] [cxt 0] Deparsing header 'ipv4'
[22:48:22.482] [bmv2] [D] [thread 3449] [14.0] [cxt 0] Deparser 'deparser': end
[22:48:22.483] [bmv2] [D] [thread 3452] [14.0] [cxt 0] Transmitting packet of size 70 out of port 1
