Warning: you requested the nanomsg event logger, but bmv2 was compiled without -DBMELOG, and the event logger cannot be activated
Calling target program-options parser
[13:50:38.360] [bmv2] [D] [thread 10364] Set default default entry for table 'tbl_source_routing_int82': source_routing_int82 - 
[13:50:38.360] [bmv2] [D] [thread 10364] Set default default entry for table 'tbl_source_routing_int67': source_routing_int67 - 
[13:50:38.360] [bmv2] [D] [thread 10364] Set default default entry for table 'MyIngress.device_to_port': NoAction - 
[13:50:38.360] [bmv2] [D] [thread 10364] Set default default entry for table 'tbl_act': act - 
[13:50:38.360] [bmv2] [D] [thread 10364] Set default default entry for table 'tbl_act_0': act_0 - 
[13:50:38.360] [bmv2] [D] [thread 10364] Set default default entry for table 'tbl_source_routing_int82_0': source_routing_int82_0 - 
[13:50:38.360] [bmv2] [D] [thread 10364] Set default default entry for table 'tbl_set_normal_ethernet': MyIngress.set_normal_ethernet - 
[13:50:38.360] [bmv2] [D] [thread 10364] Set default default entry for table 'tbl_source_routing_int87': source_routing_int87 - 
[13:50:38.360] [bmv2] [D] [thread 10364] Set default default entry for table 'MyIngress.ipv4_lpm': NoAction - 
[13:50:38.360] [bmv2] [D] [thread 10364] Set default default entry for table 'tbl_set_normal_ethernet_0': MyIngress.set_normal_ethernet - 
[13:50:38.360] [bmv2] [D] [thread 10364] Set default default entry for table 'tbl_source_routing_int98': source_routing_int98 - 
[13:50:38.361] [bmv2] [D] [thread 10364] Set default default entry for table 'MyEgress.int_table': NoAction - 
Adding interface s1-eth1 as port 1
[13:50:38.365] [bmv2] [D] [thread 10364] Adding interface s1-eth1 as port 1
Adding interface s1-eth2 as port 2
[13:50:38.421] [bmv2] [D] [thread 10364] Adding interface s1-eth2 as port 2
Adding interface s1-eth3 as port 3
[13:50:38.453] [bmv2] [D] [thread 10364] Adding interface s1-eth3 as port 3
[13:50:38.489] [bmv2] [I] [thread 10364] Starting Thrift server on port 9090
[13:50:38.490] [bmv2] [I] [thread 10364] Thrift server was started
[13:50:38.506] [bmv2] [D] [thread 10373] [0.0] [cxt 0] Processing packet received on port 2
[13:50:38.506] [bmv2] [D] [thread 10373] [0.0] [cxt 0] Parser 'parser': start
[13:50:38.506] [bmv2] [D] [thread 10373] [0.0] [cxt 0] Parser 'parser' entering state 'start'
[13:50:38.506] [bmv2] [D] [thread 10373] [0.0] [cxt 0] Extracting header 'ethernet'
[13:50:38.506] [bmv2] [D] [thread 10373] [0.0] [cxt 0] Parser state 'start': key is 86dd
[13:50:38.506] [bmv2] [T] [thread 10373] [0.0] [cxt 0] Bytes parsed: 14
[13:50:38.506] [bmv2] [D] [thread 10373] [0.0] [cxt 0] Parser 'parser': end
[13:50:38.506] [bmv2] [D] [thread 10373] [0.0] [cxt 0] Pipeline 'ingress': start
[13:50:38.506] [bmv2] [T] [thread 10373] [0.0] [cxt 0] /home/ubuntu/int/source-routing-INT/p4src/source_routing_int.p4(82) Condition "hdr.source_routes[0].isValid()" (node_2) is true
[13:50:38.506] [bmv2] [T] [thread 10373] [0.0] [cxt 0] Applying table 'tbl_source_routing_int82'
[13:50:38.506] [bmv2] [D] [thread 10373] [0.0] [cxt 0] Looking up key:

[13:50:38.507] [bmv2] [D] [thread 10373] [0.0] [cxt 0] Table 'tbl_source_routing_int82': miss
[13:50:38.507] [bmv2] [D] [thread 10373] [0.0] [cxt 0] Action entry is source_routing_int82 - 
[13:50:38.507] [bmv2] [T] [thread 10373] [0.0] [cxt 0] Action source_routing_int82
[13:50:38.507] [bmv2] [T] [thread 10373] [0.0] [cxt 0] /home/ubuntu/int/source-routing-INT/p4src/source_routing_int.p4(82) Primitive hdr.source_routes[0].isValid() && device_to_port.apply().hit
[13:50:38.507] [bmv2] [T] [thread 10373] [0.0] [cxt 0] Condition "node_9" (node_9) is false
[13:50:38.507] [bmv2] [T] [thread 10373] [0.0] [cxt 0] /home/ubuntu/int/source-routing-INT/p4src/source_routing_int.p4(90) Condition "hdr.ipv4.isValid()" (node_13) is false
[13:50:38.507] [bmv2] [D] [thread 10373] [0.0] [cxt 0] Pipeline 'ingress': end
[13:50:38.507] [bmv2] [D] [thread 10373] [0.0] [cxt 0] Egress port is 0
[13:50:38.507] [bmv2] [D] [thread 10374] [0.0] [cxt 0] Pipeline 'egress': start
[13:50:38.507] [bmv2] [T] [thread 10374] [0.0] [cxt 0] /home/ubuntu/int/source-routing-INT/p4src/source_routing_int.p4(143) Condition "hdr.int_count.isValid()" (node_21) is false
[13:50:38.507] [bmv2] [D] [thread 10374] [0.0] [cxt 0] Pipeline 'egress': end
[13:50:38.507] [bmv2] [D] [thread 10374] [0.0] [cxt 0] Deparser 'deparser': start
[13:50:38.507] [bmv2] [T] [thread 10374] [0.0] [cxt 0] Skipping checksum 'cksum' update because condition not met
[13:50:38.507] [bmv2] [D] [thread 10374] [0.0] [cxt 0] Deparsing header 'ethernet'
[13:50:38.507] [bmv2] [D] [thread 10374] [0.0] [cxt 0] Deparser 'deparser': end
[13:50:38.507] [bmv2] [D] [thread 10378] [0.0] [cxt 0] Transmitting packet of size 90 out of port 0
[13:50:38.601] [bmv2] [D] [thread 10373] [1.0] [cxt 0] Processing packet received on port 1
[13:50:38.602] [bmv2] [D] [thread 10373] [1.0] [cxt 0] Parser 'parser': start
[13:50:38.602] [bmv2] [D] [thread 10373] [1.0] [cxt 0] Parser 'parser' entering state 'start'
[13:50:38.602] [bmv2] [D] [thread 10373] [1.0] [cxt 0] Extracting header 'ethernet'
[13:50:38.602] [bmv2] [D] [thread 10373] [1.0] [cxt 0] Parser state 'start': key is 86dd
[13:50:38.602] [bmv2] [T] [thread 10373] [1.0] [cxt 0] Bytes parsed: 14
[13:50:38.602] [bmv2] [D] [thread 10373] [1.0] [cxt 0] Parser 'parser': end
[13:50:38.602] [bmv2] [D] [thread 10373] [1.0] [cxt 0] Pipeline 'ingress': start
[13:50:38.602] [bmv2] [T] [thread 10373] [1.0] [cxt 0] /home/ubuntu/int/source-routing-INT/p4src/source_routing_int.p4(82) Condition "hdr.source_routes[0].isValid()" (node_2) is true
[13:50:38.602] [bmv2] [T] [thread 10373] [1.0] [cxt 0] Applying table 'tbl_source_routing_int82'
[13:50:38.602] [bmv2] [D] [thread 10373] [1.0] [cxt 0] Looking up key:

[13:50:38.602] [bmv2] [D] [thread 10373] [1.0] [cxt 0] Table 'tbl_source_routing_int82': miss
[13:50:38.602] [bmv2] [D] [thread 10373] [1.0] [cxt 0] Action entry is source_routing_int82 - 
[13:50:38.602] [bmv2] [T] [thread 10373] [1.0] [cxt 0] Action source_routing_int82
[13:50:38.602] [bmv2] [T] [thread 10373] [1.0] [cxt 0] /home/ubuntu/int/source-routing-INT/p4src/source_routing_int.p4(82) Primitive hdr.source_routes[0].isValid() && device_to_port.apply().hit
[13:50:38.602] [bmv2] [T] [thread 10373] [1.0] [cxt 0] Condition "node_9" (node_9) is false
[13:50:38.602] [bmv2] [T] [thread 10373] [1.0] [cxt 0] /home/ubuntu/int/source-routing-INT/p4src/source_routing_int.p4(90) Condition "hdr.ipv4.isValid()" (node_13) is false
[13:50:38.602] [bmv2] [D] [thread 10373] [1.0] [cxt 0] Pipeline 'ingress': end
[13:50:38.602] [bmv2] [D] [thread 10373] [1.0] [cxt 0] Egress port is 0
[13:50:38.602] [bmv2] [D] [thread 10374] [1.0] [cxt 0] Pipeline 'egress': start
[13:50:38.603] [bmv2] [T] [thread 10374] [1.0] [cxt 0] /home/ubuntu/int/source-routing-INT/p4src/source_routing_int.p4(143) Condition "hdr.int_count.isValid()" (node_21) is false
[13:50:38.603] [bmv2] [D] [thread 10374] [1.0] [cxt 0] Pipeline 'egress': end
[13:50:38.603] [bmv2] [D] [thread 10374] [1.0] [cxt 0] Deparser 'deparser': start
[13:50:38.603] [bmv2] [T] [thread 10374] [1.0] [cxt 0] Skipping checksum 'cksum' update because condition not met
[13:50:38.603] [bmv2] [D] [thread 10374] [1.0] [cxt 0] Deparsing header 'ethernet'
[13:50:38.603] [bmv2] [D] [thread 10374] [1.0] [cxt 0] Deparser 'deparser': end
[13:50:38.603] [bmv2] [D] [thread 10378] [1.0] [cxt 0] Transmitting packet of size 90 out of port 0
[13:50:38.729] [bmv2] [D] [thread 10373] [2.0] [cxt 0] Processing packet received on port 2
[13:50:38.729] [bmv2] [D] [thread 10373] [2.0] [cxt 0] Parser 'parser': start
[13:50:38.729] [bmv2] [D] [thread 10373] [2.0] [cxt 0] Parser 'parser' entering state 'start'
[13:50:38.729] [bmv2] [D] [thread 10373] [2.0] [cxt 0] Extracting header 'ethernet'
[13:50:38.730] [bmv2] [D] [thread 10373] [2.0] [cxt 0] Parser state 'start': key is 86dd
[13:50:38.730] [bmv2] [T] [thread 10373] [2.0] [cxt 0] Bytes parsed: 14
[13:50:38.730] [bmv2] [D] [thread 10373] [2.0] [cxt 0] Parser 'parser': end
[13:50:38.730] [bmv2] [D] [thread 10373] [2.0] [cxt 0] Pipeline 'ingress': start
[13:50:38.730] [bmv2] [T] [thread 10373] [2.0] [cxt 0] /home/ubuntu/int/source-routing-INT/p4src/source_routing_int.p4(82) Condition "hdr.source_routes[0].isValid()" (node_2) is true
[13:50:38.730] [bmv2] [T] [thread 10373] [2.0] [cxt 0] Applying table 'tbl_source_routing_int82'
[13:50:38.730] [bmv2] [D] [thread 10373] [2.0] [cxt 0] Looking up key:

[13:50:38.730] [bmv2] [D] [thread 10373] [2.0] [cxt 0] Table 'tbl_source_routing_int82': miss
[13:50:38.730] [bmv2] [D] [thread 10373] [2.0] [cxt 0] Action entry is source_routing_int82 - 
[13:50:38.730] [bmv2] [T] [thread 10373] [2.0] [cxt 0] Action source_routing_int82
[13:50:38.730] [bmv2] [T] [thread 10373] [2.0] [cxt 0] /home/ubuntu/int/source-routing-INT/p4src/source_routing_int.p4(82) Primitive hdr.source_routes[0].isValid() && device_to_port.apply().hit
[13:50:38.730] [bmv2] [T] [thread 10373] [2.0] [cxt 0] Condition "node_9" (node_9) is false
[13:50:38.730] [bmv2] [T] [thread 10373] [2.0] [cxt 0] /home/ubuntu/int/source-routing-INT/p4src/source_routing_int.p4(90) Condition "hdr.ipv4.isValid()" (node_13) is false
[13:50:38.730] [bmv2] [D] [thread 10373] [2.0] [cxt 0] Pipeline 'ingress': end
[13:50:38.730] [bmv2] [D] [thread 10373] [2.0] [cxt 0] Egress port is 0
[13:50:38.730] [bmv2] [D] [thread 10374] [2.0] [cxt 0] Pipeline 'egress': start
[13:50:38.730] [bmv2] [T] [thread 10374] [2.0] [cxt 0] /home/ubuntu/int/source-routing-INT/p4src/source_routing_int.p4(143) Condition "hdr.int_count.isValid()" (node_21) is false
[13:50:38.731] [bmv2] [D] [thread 10374] [2.0] [cxt 0] Pipeline 'egress': end
[13:50:38.731] [bmv2] [D] [thread 10374] [2.0] [cxt 0] Deparser 'deparser': start
[13:50:38.731] [bmv2] [T] [thread 10374] [2.0] [cxt 0] Skipping checksum 'cksum' update because condition not met
[13:50:38.731] [bmv2] [D] [thread 10374] [2.0] [cxt 0] Deparsing header 'ethernet'
[13:50:38.731] [bmv2] [D] [thread 10374] [2.0] [cxt 0] Deparser 'deparser': end
[13:50:38.731] [bmv2] [D] [thread 10378] [2.0] [cxt 0] Transmitting packet of size 86 out of port 0
[13:50:38.793] [bmv2] [D] [thread 10373] [3.0] [cxt 0] Processing packet received on port 3
[13:50:38.793] [bmv2] [D] [thread 10373] [3.0] [cxt 0] Parser 'parser': start
[13:50:38.794] [bmv2] [D] [thread 10373] [3.0] [cxt 0] Parser 'parser' entering state 'start'
[13:50:38.794] [bmv2] [D] [thread 10373] [3.0] [cxt 0] Extracting header 'ethernet'
[13:50:38.794] [bmv2] [D] [thread 10373] [3.0] [cxt 0] Parser state 'start': key is 86dd
[13:50:38.794] [bmv2] [T] [thread 10373] [3.0] [cxt 0] Bytes parsed: 14
[13:50:38.794] [bmv2] [D] [thread 10373] [3.0] [cxt 0] Parser 'parser': end
[13:50:38.794] [bmv2] [D] [thread 10373] [3.0] [cxt 0] Pipeline 'ingress': start
[13:50:38.794] [bmv2] [T] [thread 10373] [3.0] [cxt 0] /home/ubuntu/int/source-routing-INT/p4src/source_routing_int.p4(82) Condition "hdr.source_routes[0].isValid()" (node_2) is true
[13:50:38.794] [bmv2] [T] [thread 10373] [3.0] [cxt 0] Applying table 'tbl_source_routing_int82'
[13:50:38.794] [bmv2] [D] [thread 10373] [3.0] [cxt 0] Looking up key:

[13:50:38.794] [bmv2] [D] [thread 10373] [3.0] [cxt 0] Table 'tbl_source_routing_int82': miss
[13:50:38.794] [bmv2] [D] [thread 10373] [3.0] [cxt 0] Action entry is source_routing_int82 - 
[13:50:38.794] [bmv2] [T] [thread 10373] [3.0] [cxt 0] Action source_routing_int82
[13:50:38.794] [bmv2] [T] [thread 10373] [3.0] [cxt 0] /home/ubuntu/int/source-routing-INT/p4src/source_routing_int.p4(82) Primitive hdr.source_routes[0].isValid() && device_to_port.apply().hit
[13:50:38.794] [bmv2] [T] [thread 10373] [3.0] [cxt 0] Condition "node_9" (node_9) is false
[13:50:38.794] [bmv2] [T] [thread 10373] [3.0] [cxt 0] /home/ubuntu/int/source-routing-INT/p4src/source_routing_int.p4(90) Condition "hdr.ipv4.isValid()" (node_13) is false
[13:50:38.794] [bmv2] [D] [thread 10373] [3.0] [cxt 0] Pipeline 'ingress': end
[13:50:38.794] [bmv2] [D] [thread 10373] [3.0] [cxt 0] Egress port is 0
[13:50:38.795] [bmv2] [D] [thread 10373] [4.0] [cxt 0] Processing packet received on port 3
[13:50:38.795] [bmv2] [D] [thread 10373] [4.0] [cxt 0] Parser 'parser': start
[13:50:38.795] [bmv2] [D] [thread 10373] [4.0] [cxt 0] Parser 'parser' entering state 'start'
[13:50:38.795] [bmv2] [D] [thread 10374] [3.0] [cxt 0] Pipeline 'egress': start
[13:50:38.795] [bmv2] [D] [thread 10373] [4.0] [cxt 0] Extracting header 'ethernet'
[13:50:38.795] [bmv2] [T] [thread 10374] [3.0] [cxt 0] /home/ubuntu/int/source-routing-INT/p4src/source_routing_int.p4(143) Condition "hdr.int_count.isValid()" (node_21) is false
[13:50:38.795] [bmv2] [D] [thread 10374] [3.0] [cxt 0] Pipeline 'egress': end
[13:50:38.795] [bmv2] [D] [thread 10373] [4.0] [cxt 0] Parser state 'start': key is 86dd
[13:50:38.795] [bmv2] [D] [thread 10374] [3.0] [cxt 0] Deparser 'deparser': start
[13:50:38.795] [bmv2] [T] [thread 10373] [4.0] [cxt 0] Bytes parsed: 14
[13:50:38.795] [bmv2] [T] [thread 10374] [3.0] [cxt 0] Skipping checksum 'cksum' update because condition not met
[13:50:38.795] [bmv2] [D] [thread 10373] [4.0] [cxt 0] Parser 'parser': end
[13:50:38.795] [bmv2] [D] [thread 10374] [3.0] [cxt 0] Deparsing header 'ethernet'
[13:50:38.795] [bmv2] [D] [thread 10374] [3.0] [cxt 0] Deparser 'deparser': end
[13:50:38.795] [bmv2] [D] [thread 10373] [4.0] [cxt 0] Pipeline 'ingress': start
[13:50:38.795] [bmv2] [T] [thread 10373] [4.0] [cxt 0] /home/ubuntu/int/source-routing-INT/p4src/source_routing_int.p4(82) Condition "hdr.source_routes[0].isValid()" (node_2) is true
[13:50:38.795] [bmv2] [D] [thread 10378] [3.0] [cxt 0] Transmitting packet of size 90 out of port 0
[13:50:38.795] [bmv2] [T] [thread 10373] [4.0] [cxt 0] Applying table 'tbl_source_routing_int82'
[13:50:38.795] [bmv2] [D] [thread 10373] [4.0] [cxt 0] Looking up key:

[13:50:38.795] [bmv2] [D] [thread 10373] [4.0] [cxt 0] Table 'tbl_source_routing_int82': miss
[13:50:38.795] [bmv2] [D] [thread 10373] [4.0] [cxt 0] Action entry is source_routing_int82 - 
[13:50:38.795] [bmv2] [T] [thread 10373] [4.0] [cxt 0] Action source_routing_int82
[13:50:38.796] [bmv2] [T] [thread 10373] [4.0] [cxt 0] /home/ubuntu/int/source-routing-INT/p4src/source_routing_int.p4(82) Primitive hdr.source_routes[0].isValid() && device_to_port.apply().hit
[13:50:38.796] [bmv2] [T] [thread 10373] [4.0] [cxt 0] Condition "node_9" (node_9) is false
[13:50:38.796] [bmv2] [T] [thread 10373] [4.0] [cxt 0] /home/ubuntu/int/source-routing-INT/p4src/source_routing_int.p4(90) Condition "hdr.ipv4.isValid()" (node_13) is false
[13:50:38.796] [bmv2] [D] [thread 10373] [4.0] [cxt 0] Pipeline 'ingress': end
[13:50:38.796] [bmv2] [D] [thread 10373] [4.0] [cxt 0] Egress port is 0
[13:50:38.796] [bmv2] [D] [thread 10374] [4.0] [cxt 0] Pipeline 'egress': start
[13:50:38.796] [bmv2] [T] [thread 10374] [4.0] [cxt 0] /home/ubuntu/int/source-routing-INT/p4src/source_routing_int.p4(143) Condition "hdr.int_count.isValid()" (node_21) is false
[13:50:38.796] [bmv2] [D] [thread 10374] [4.0] [cxt 0] Pipeline 'egress': end
[13:50:38.796] [bmv2] [D] [thread 10374] [4.0] [cxt 0] Deparser 'deparser': start
[13:50:38.796] [bmv2] [T] [thread 10374] [4.0] [cxt 0] Skipping checksum 'cksum' update because condition not met
[13:50:38.796] [bmv2] [D] [thread 10374] [4.0] [cxt 0] Deparsing header 'ethernet'
[13:50:38.796] [bmv2] [D] [thread 10374] [4.0] [cxt 0] Deparser 'deparser': end
[13:50:38.796] [bmv2] [D] [thread 10378] [4.0] [cxt 0] Transmitting packet of size 86 out of port 0
[13:50:38.857] [bmv2] [D] [thread 10373] [5.0] [cxt 0] Processing packet received on port 2
[13:50:38.857] [bmv2] [D] [thread 10373] [5.0] [cxt 0] Parser 'parser': start
[13:50:38.858] [bmv2] [D] [thread 10373] [5.0] [cxt 0] Parser 'parser' entering state 'start'
[13:50:38.858] [bmv2] [D] [thread 10373] [5.0] [cxt 0] Extracting header 'ethernet'
[13:50:38.858] [bmv2] [D] [thread 10373] [5.0] [cxt 0] Parser state 'start': key is 86dd
[13:50:38.858] [bmv2] [T] [thread 10373] [5.0] [cxt 0] Bytes parsed: 14
[13:50:38.858] [bmv2] [D] [thread 10373] [5.0] [cxt 0] Parser 'parser': end
[13:50:38.858] [bmv2] [D] [thread 10373] [5.0] [cxt 0] Pipeline 'ingress': start
[13:50:38.858] [bmv2] [T] [thread 10373] [5.0] [cxt 0] /home/ubuntu/int/source-routing-INT/p4src/source_routing_int.p4(82) Condition "hdr.source_routes[0].isValid()" (node_2) is true
[13:50:38.858] [bmv2] [T] [thread 10373] [5.0] [cxt 0] Applying table 'tbl_source_routing_int82'
[13:50:38.858] [bmv2] [D] [thread 10373] [5.0] [cxt 0] Looking up key:

[13:50:38.858] [bmv2] [D] [thread 10373] [5.0] [cxt 0] Table 'tbl_source_routing_int82': miss
[13:50:38.858] [bmv2] [D] [thread 10373] [5.0] [cxt 0] Action entry is source_routing_int82 - 
[13:50:38.858] [bmv2] [T] [thread 10373] [5.0] [cxt 0] Action source_routing_int82
[13:50:38.858] [bmv2] [T] [thread 10373] [5.0] [cxt 0] /home/ubuntu/int/source-routing-INT/p4src/source_routing_int.p4(82) Primitive hdr.source_routes[0].isValid() && device_to_port.apply().hit
[13:50:38.858] [bmv2] [T] [thread 10373] [5.0] [cxt 0] Condition "node_9" (node_9) is false
[13:50:38.858] [bmv2] [T] [thread 10373] [5.0] [cxt 0] /home/ubuntu/int/source-routing-INT/p4src/source_routing_int.p4(90) Condition "hdr.ipv4.isValid()" (node_13) is false
[13:50:38.858] [bmv2] [D] [thread 10373] [5.0] [cxt 0] Pipeline 'ingress': end
[13:50:38.858] [bmv2] [D] [thread 10373] [5.0] [cxt 0] Egress port is 0
[13:50:38.858] [bmv2] [D] [thread 10374] [5.0] [cxt 0] Pipeline 'egress': start
[13:50:38.859] [bmv2] [T] [thread 10374] [5.0] [cxt 0] /home/ubuntu/int/source-routing-INT/p4src/source_routing_int.p4(143) Condition "hdr.int_count.isValid()" (node_21) is false
[13:50:38.859] [bmv2] [D] [thread 10374] [5.0] [cxt 0] Pipeline 'egress': end
[13:50:38.859] [bmv2] [D] [thread 10374] [5.0] [cxt 0] Deparser 'deparser': start
[13:50:38.859] [bmv2] [T] [thread 10374] [5.0] [cxt 0] Skipping checksum 'cksum' update because condition not met
[13:50:38.859] [bmv2] [D] [thread 10374] [5.0] [cxt 0] Deparsing header 'ethernet'
[13:50:38.859] [bmv2] [D] [thread 10374] [5.0] [cxt 0] Deparser 'deparser': end
[13:50:38.859] [bmv2] [D] [thread 10378] [5.0] [cxt 0] Transmitting packet of size 90 out of port 0
[13:50:38.953] [bmv2] [D] [thread 10373] [6.0] [cxt 0] Processing packet received on port 2
[13:50:38.953] [bmv2] [D] [thread 10373] [6.0] [cxt 0] Parser 'parser': start
[13:50:38.953] [bmv2] [D] [thread 10373] [6.0] [cxt 0] Parser 'parser' entering state 'start'
[13:50:38.953] [bmv2] [D] [thread 10373] [6.0] [cxt 0] Extracting header 'ethernet'
[13:50:38.954] [bmv2] [D] [thread 10373] [6.0] [cxt 0] Parser state 'start': key is 86dd
[13:50:38.954] [bmv2] [T] [thread 10373] [6.0] [cxt 0] Bytes parsed: 14
[13:50:38.954] [bmv2] [D] [thread 10373] [6.0] [cxt 0] Parser 'parser': end
[13:50:38.954] [bmv2] [D] [thread 10373] [6.0] [cxt 0] Pipeline 'ingress': start
[13:50:38.954] [bmv2] [T] [thread 10373] [6.0] [cxt 0] /home/ubuntu/int/source-routing-INT/p4src/source_routing_int.p4(82) Condition "hdr.source_routes[0].isValid()" (node_2) is true
[13:50:38.954] [bmv2] [T] [thread 10373] [6.0] [cxt 0] Applying table 'tbl_source_routing_int82'
[13:50:38.954] [bmv2] [D] [thread 10373] [6.0] [cxt 0] Looking up key:

[13:50:38.954] [bmv2] [D] [thread 10373] [6.0] [cxt 0] Table 'tbl_source_routing_int82': miss
[13:50:38.954] [bmv2] [D] [thread 10373] [6.0] [cxt 0] Action entry is source_routing_int82 - 
[13:50:38.954] [bmv2] [T] [thread 10373] [6.0] [cxt 0] Action source_routing_int82
[13:50:38.954] [bmv2] [T] [thread 10373] [6.0] [cxt 0] /home/ubuntu/int/source-routing-INT/p4src/source_routing_int.p4(82) Primitive hdr.source_routes[0].isValid() && device_to_port.apply().hit
[13:50:38.954] [bmv2] [T] [thread 10373] [6.0] [cxt 0] Condition "node_9" (node_9) is false
[13:50:38.954] [bmv2] [T] [thread 10373] [6.0] [cxt 0] /home/ubuntu/int/source-routing-INT/p4src/source_routing_int.p4(90) Condition "hdr.ipv4.isValid()" (node_13) is false
[13:50:38.954] [bmv2] [D] [thread 10373] [6.0] [cxt 0] Pipeline 'ingress': end
[13:50:38.954] [bmv2] [D] [thread 10373] [6.0] [cxt 0] Egress port is 0
[13:50:38.954] [bmv2] [D] [thread 10374] [6.0] [cxt 0] Pipeline 'egress': start
[13:50:38.954] [bmv2] [T] [thread 10374] [6.0] [cxt 0] /home/ubuntu/int/source-routing-INT/p4src/source_routing_int.p4(143) Condition "hdr.int_count.isValid()" (node_21) is false
[13:50:38.954] [bmv2] [D] [thread 10374] [6.0] [cxt 0] Pipeline 'egress': end
[13:50:38.954] [bmv2] [D] [thread 10374] [6.0] [cxt 0] Deparser 'deparser': start
[13:50:38.955] [bmv2] [T] [thread 10374] [6.0] [cxt 0] Skipping checksum 'cksum' update because condition not met
[13:50:38.955] [bmv2] [D] [thread 10374] [6.0] [cxt 0] Deparsing header 'ethernet'
[13:50:38.955] [bmv2] [D] [thread 10374] [6.0] [cxt 0] Deparser 'deparser': end
[13:50:38.955] [bmv2] [D] [thread 10378] [6.0] [cxt 0] Transmitting packet of size 86 out of port 0
[13:50:39.082] [bmv2] [D] [thread 10373] [7.0] [cxt 0] Processing packet received on port 3
[13:50:39.082] [bmv2] [D] [thread 10373] [7.0] [cxt 0] Parser 'parser': start
[13:50:39.082] [bmv2] [D] [thread 10373] [7.0] [cxt 0] Parser 'parser' entering state 'start'
[13:50:39.082] [bmv2] [D] [thread 10373] [7.0] [cxt 0] Extracting header 'ethernet'
[13:50:39.082] [bmv2] [D] [thread 10373] [7.0] [cxt 0] Parser state 'start': key is 86dd
[13:50:39.082] [bmv2] [T] [thread 10373] [7.0] [cxt 0] Bytes parsed: 14
[13:50:39.082] [bmv2] [D] [thread 10373] [7.0] [cxt 0] Parser 'parser': end
[13:50:39.082] [bmv2] [D] [thread 10373] [7.0] [cxt 0] Pipeline 'ingress': start
[13:50:39.082] [bmv2] [T] [thread 10373] [7.0] [cxt 0] /home/ubuntu/int/source-routing-INT/p4src/source_routing_int.p4(82) Condition "hdr.source_routes[0].isValid()" (node_2) is true
[13:50:39.082] [bmv2] [T] [thread 10373] [7.0] [cxt 0] Applying table 'tbl_source_routing_int82'
[13:50:39.082] [bmv2] [D] [thread 10373] [7.0] [cxt 0] Looking up key:

[13:50:39.082] [bmv2] [D] [thread 10373] [7.0] [cxt 0] Table 'tbl_source_routing_int82': miss
[13:50:39.082] [bmv2] [D] [thread 10373] [7.0] [cxt 0] Action entry is source_routing_int82 - 
[13:50:39.082] [bmv2] [T] [thread 10373] [7.0] [cxt 0] Action source_routing_int82
[13:50:39.082] [bmv2] [T] [thread 10373] [7.0] [cxt 0] /home/ubuntu/int/source-routing-INT/p4src/source_routing_int.p4(82) Primitive hdr.source_routes[0].isValid() && device_to_port.apply().hit
[13:50:39.082] [bmv2] [T] [thread 10373] [7.0] [cxt 0] Condition "node_9" (node_9) is false
[13:50:39.082] [bmv2] [T] [thread 10373] [7.0] [cxt 0] /home/ubuntu/int/source-routing-INT/p4src/source_routing_int.p4(90) Condition "hdr.ipv4.isValid()" (node_13) is false
[13:50:39.082] [bmv2] [D] [thread 10373] [7.0] [cxt 0] Pipeline 'ingress': end
[13:50:39.082] [bmv2] [D] [thread 10373] [7.0] [cxt 0] Egress port is 0
[13:50:39.082] [bmv2] [D] [thread 10374] [7.0] [cxt 0] Pipeline 'egress': start
[13:50:39.083] [bmv2] [T] [thread 10374] [7.0] [cxt 0] /home/ubuntu/int/source-routing-INT/p4src/source_routing_int.p4(143) Condition "hdr.int_count.isValid()" (node_21) is false
[13:50:39.083] [bmv2] [D] [thread 10374] [7.0] [cxt 0] Pipeline 'egress': end
[13:50:39.083] [bmv2] [D] [thread 10374] [7.0] [cxt 0] Deparser 'deparser': start
[13:50:39.083] [bmv2] [T] [thread 10374] [7.0] [cxt 0] Skipping checksum 'cksum' update because condition not met
[13:50:39.083] [bmv2] [D] [thread 10374] [7.0] [cxt 0] Deparsing header 'ethernet'
[13:50:39.083] [bmv2] [D] [thread 10374] [7.0] [cxt 0] Deparser 'deparser': end
[13:50:39.083] [bmv2] [D] [thread 10378] [7.0] [cxt 0] Transmitting packet of size 86 out of port 0
[13:50:39.367] [bmv2] [T] [thread 10471] bm_get_config
[13:50:39.376] [bmv2] [T] [thread 10471] bm_set_default_action
[13:50:39.376] [bmv2] [D] [thread 10471] Set default entry for table 'MyIngress.ipv4_lpm': MyIngress.drop - 
[13:50:39.377] [bmv2] [T] [thread 10471] bm_set_default_action
[13:50:39.377] [bmv2] [D] [thread 10471] Set default entry for table 'MyEgress.int_table': MyEgress.add_int_header - 1,
[13:50:39.379] [bmv2] [T] [thread 10471] bm_table_add_entry
[13:50:39.379] [bmv2] [D] [thread 10471] Entry 0 added to table 'MyIngress.ipv4_lpm'
[13:50:39.379] [bmv2] [D] [thread 10471] Dumping entry 0
Match key:
* hdr.ipv4.dstAddr    : LPM       0a000101/32
Action entry: MyIngress.ipv4_forward - a000101,1,

[13:50:39.380] [bmv2] [T] [thread 10471] bm_table_add_entry
[13:50:39.380] [bmv2] [D] [thread 10471] Entry 1 added to table 'MyIngress.ipv4_lpm'
[13:50:39.380] [bmv2] [D] [thread 10471] Dumping entry 1
Match key:
* hdr.ipv4.dstAddr    : LPM       0a000402/32
Action entry: MyIngress.ipv4_forward - 20100,2,

[13:50:39.382] [bmv2] [T] [thread 10471] bm_table_add_entry
[13:50:39.382] [bmv2] [D] [thread 10471] Entry 0 added to table 'MyIngress.device_to_port'
[13:50:39.382] [bmv2] [D] [thread 10471] Dumping entry 0
Match key:
* hdr.source_routes[0].switch_id: EXACT     02
Action entry: MyIngress.ipv4_forward - 20100,2,

[13:50:39.383] [bmv2] [T] [thread 10471] bm_table_add_entry
[13:50:39.383] [bmv2] [D] [thread 10471] Entry 1 added to table 'MyIngress.device_to_port'
[13:50:39.384] [bmv2] [D] [thread 10471] Dumping entry 1
Match key:
* hdr.source_routes[0].switch_id: EXACT     03
Action entry: MyIngress.ipv4_forward - 30100,3,

[13:51:55.329] [bmv2] [D] [thread 10373] [8.0] [cxt 0] Processing packet received on port 1
[13:51:55.330] [bmv2] [D] [thread 10373] [8.0] [cxt 0] Parser 'parser': start
[13:51:55.330] [bmv2] [D] [thread 10373] [8.0] [cxt 0] Parser 'parser' entering state 'start'
[13:51:55.330] [bmv2] [D] [thread 10373] [8.0] [cxt 0] Extracting header 'ethernet'
[13:51:55.330] [bmv2] [D] [thread 10373] [8.0] [cxt 0] Parser state 'start': key is 1111
[13:51:55.330] [bmv2] [T] [thread 10373] [8.0] [cxt 0] Bytes parsed: 14
[13:51:55.330] [bmv2] [D] [thread 10373] [8.0] [cxt 0] Parser 'parser' entering state 'parse_source_routing'
[13:51:55.330] [bmv2] [D] [thread 10373] [8.0] [cxt 0] Extracting to header stack 0, next header is 6
[13:51:55.330] [bmv2] [D] [thread 10373] [8.0] [cxt 0] Parser state 'parse_source_routing': key is 00
[13:51:55.330] [bmv2] [T] [thread 10373] [8.0] [cxt 0] Bytes parsed: 15
[13:51:55.330] [bmv2] [D] [thread 10373] [8.0] [cxt 0] Parser 'parser' entering state 'parse_source_routing'
[13:51:55.330] [bmv2] [D] [thread 10373] [8.0] [cxt 0] Extracting to header stack 0, next header is 7
[13:51:55.330] [bmv2] [D] [thread 10373] [8.0] [cxt 0] Parser state 'parse_source_routing': key is 00
[13:51:55.330] [bmv2] [T] [thread 10373] [8.0] [cxt 0] Bytes parsed: 16
[13:51:55.330] [bmv2] [D] [thread 10373] [8.0] [cxt 0] Parser 'parser' entering state 'parse_source_routing'
[13:51:55.330] [bmv2] [D] [thread 10373] [8.0] [cxt 0] Extracting to header stack 0, next header is 8
[13:51:55.331] [bmv2] [D] [thread 10373] [8.0] [cxt 0] Parser state 'parse_source_routing': key is 00
[13:51:55.331] [bmv2] [T] [thread 10373] [8.0] [cxt 0] Bytes parsed: 17
[13:51:55.331] [bmv2] [D] [thread 10373] [8.0] [cxt 0] Parser 'parser' entering state 'parse_source_routing'
[13:51:55.331] [bmv2] [D] [thread 10373] [8.0] [cxt 0] Extracting to header stack 0, next header is 9
[13:51:55.331] [bmv2] [D] [thread 10373] [8.0] [cxt 0] Parser state 'parse_source_routing': key is 01
[13:51:55.331] [bmv2] [T] [thread 10373] [8.0] [cxt 0] Bytes parsed: 18
[13:51:55.331] [bmv2] [D] [thread 10373] [8.0] [cxt 0] Parser 'parser' entering state 'parse_ipv4'
[13:51:55.331] [bmv2] [D] [thread 10373] [8.0] [cxt 0] Extracting header 'ipv4'
[13:51:55.331] [bmv2] [D] [thread 10373] [8.0] [cxt 0] Parser set: setting field 'scalars.tmp_1' from expression, new value is 1
[13:51:55.331] [bmv2] [D] [thread 10373] [8.0] [cxt 0] Parser state 'parse_ipv4': key is 06
[13:51:55.331] [bmv2] [T] [thread 10373] [8.0] [cxt 0] Bytes parsed: 38
[13:51:55.331] [bmv2] [D] [thread 10373] [8.0] [cxt 0] Parser 'parser' entering state 'parse_ipv4_option'
[13:51:55.331] [bmv2] [D] [thread 10373] [8.0] [cxt 0] Extracting header 'ipv4_option'
[13:51:55.331] [bmv2] [D] [thread 10373] [8.0] [cxt 0] Parser state 'parse_ipv4_option': key is 1f
[13:51:55.331] [bmv2] [T] [thread 10373] [8.0] [cxt 0] Bytes parsed: 40
[13:51:55.331] [bmv2] [D] [thread 10373] [8.0] [cxt 0] Parser 'parser' entering state 'parse_int'
[13:51:55.331] [bmv2] [D] [thread 10373] [8.0] [cxt 0] Extracting header 'int_count'
[13:51:55.332] [bmv2] [D] [thread 10373] [8.0] [cxt 0] Parser set: setting field 'scalars.userMetadata._parser_metadata_num_headers_remaining0' from field 'int_count.num_switches' (0)
[13:51:55.332] [bmv2] [D] [thread 10373] [8.0] [cxt 0] Parser state 'parse_int': key is 0000
[13:51:55.332] [bmv2] [T] [thread 10373] [8.0] [cxt 0] Bytes parsed: 42
[13:51:55.332] [bmv2] [D] [thread 10373] [8.0] [cxt 0] Parser 'parser': end
[13:51:55.332] [bmv2] [D] [thread 10373] [8.0] [cxt 0] Pipeline 'ingress': start
[13:51:55.332] [bmv2] [T] [thread 10373] [8.0] [cxt 0] /home/ubuntu/int/source-routing-INT/p4src/source_routing_int.p4(82) Condition "hdr.source_routes[0].isValid()" (node_2) is false
[13:51:55.332] [bmv2] [T] [thread 10373] [8.0] [cxt 0] Applying table 'tbl_source_routing_int67'
[13:51:55.332] [bmv2] [D] [thread 10373] [8.0] [cxt 0] Looking up key:

[13:51:55.332] [bmv2] [D] [thread 10373] [8.0] [cxt 0] Table 'tbl_source_routing_int67': miss
[13:51:55.332] [bmv2] [D] [thread 10373] [8.0] [cxt 0] Action entry is source_routing_int67 - 
[13:51:55.332] [bmv2] [T] [thread 10373] [8.0] [cxt 0] Action source_routing_int67
[13:51:55.332] [bmv2] [T] [thread 10373] [8.0] [cxt 0] /home/ubuntu/int/source-routing-INT/p4src/source_routing_int.p4(67) Primitive hdr.source_routes[0].switch_id
[13:51:55.332] [bmv2] [T] [thread 10373] [8.0] [cxt 0] Applying table 'MyIngress.device_to_port'
[13:51:55.333] [bmv2] [D] [thread 10373] [8.0] [cxt 0] Looking up key:
* hdr.source_routes[0].switch_id: 01

[13:51:55.333] [bmv2] [D] [thread 10373] [8.0] [cxt 0] Table 'MyIngress.device_to_port': miss
[13:51:55.333] [bmv2] [D] [thread 10373] [8.0] [cxt 0] Action entry is NoAction - 
[13:51:55.333] [bmv2] [T] [thread 10373] [8.0] [cxt 0] Action NoAction
[13:51:55.333] [bmv2] [T] [thread 10373] [8.0] [cxt 0] Applying table 'tbl_act_0'
[13:51:55.333] [bmv2] [D] [thread 10373] [8.0] [cxt 0] Looking up key:

[13:51:55.333] [bmv2] [D] [thread 10373] [8.0] [cxt 0] Table 'tbl_act_0': miss
[13:51:55.333] [bmv2] [D] [thread 10373] [8.0] [cxt 0] Action entry is act_0 - 
[13:51:55.333] [bmv2] [T] [thread 10373] [8.0] [cxt 0] Action act_0
[13:51:55.333] [bmv2] [T] [thread 10373] [8.0] [cxt 0] Primitive (no source info)
[13:51:55.333] [bmv2] [T] [thread 10373] [8.0] [cxt 0] Applying table 'tbl_source_routing_int82_0'
[13:51:55.333] [bmv2] [D] [thread 10373] [8.0] [cxt 0] Looking up key:

[13:51:55.333] [bmv2] [D] [thread 10373] [8.0] [cxt 0] Table 'tbl_source_routing_int82_0': miss
[13:51:55.333] [bmv2] [D] [thread 10373] [8.0] [cxt 0] Action entry is source_routing_int82_0 - 
[13:51:55.333] [bmv2] [T] [thread 10373] [8.0] [cxt 0] Action source_routing_int82_0
[13:51:55.333] [bmv2] [T] [thread 10373] [8.0] [cxt 0] /home/ubuntu/int/source-routing-INT/p4src/source_routing_int.p4(82) Primitive hdr.source_routes[0].isValid() && device_to_port.apply().hit
[13:51:55.333] [bmv2] [T] [thread 10373] [8.0] [cxt 0] Condition "node_9" (node_9) is false
[13:51:55.333] [bmv2] [T] [thread 10373] [8.0] [cxt 0] /home/ubuntu/int/source-routing-INT/p4src/source_routing_int.p4(90) Condition "hdr.ipv4.isValid()" (node_13) is true
[13:51:55.333] [bmv2] [T] [thread 10373] [8.0] [cxt 0] Applying table 'MyIngress.ipv4_lpm'
[13:51:55.333] [bmv2] [D] [thread 10373] [8.0] [cxt 0] Looking up key:
* hdr.ipv4.dstAddr    : 0a000402

[13:51:55.333] [bmv2] [D] [thread 10373] [8.0] [cxt 0] Table 'MyIngress.ipv4_lpm': hit with handle 1
[13:51:55.334] [bmv2] [D] [thread 10373] [8.0] [cxt 0] Dumping entry 1
Match key:
* hdr.ipv4.dstAddr    : LPM       0a000402/32
Action entry: MyIngress.ipv4_forward - 20100,2,

[13:51:55.334] [bmv2] [D] [thread 10373] [8.0] [cxt 0] Action entry is MyIngress.ipv4_forward - 20100,2,
[13:51:55.334] [bmv2] [T] [thread 10373] [8.0] [cxt 0] Action MyIngress.ipv4_forward
[13:51:55.334] [bmv2] [T] [thread 10373] [8.0] [cxt 0] /home/ubuntu/int/source-routing-INT/p4src/source_routing_int.p4(38) Primitive hdr.ethernet.srcAddr = hdr.ethernet.dstAddr
[13:51:55.334] [bmv2] [T] [thread 10373] [8.0] [cxt 0] /home/ubuntu/int/source-routing-INT/p4src/source_routing_int.p4(41) Primitive hdr.ethernet.dstAddr = dstAddr
[13:51:55.334] [bmv2] [T] [thread 10373] [8.0] [cxt 0] /home/ubuntu/int/source-routing-INT/p4src/source_routing_int.p4(44) Primitive standard_metadata.egress_spec = port
[13:51:55.334] [bmv2] [T] [thread 10373] [8.0] [cxt 0] /home/ubuntu/int/source-routing-INT/p4src/source_routing_int.p4(47) Primitive hdr.ipv4.ttl = hdr.ipv4.ttl - 1
[13:51:55.334] [bmv2] [T] [thread 10373] [8.0] [cxt 0] /home/ubuntu/int/source-routing-INT/p4src/source_routing_int.p4(93) Condition "hdr.source_routes[0].isValid()" (node_15) is true
[13:51:55.334] [bmv2] [T] [thread 10373] [8.0] [cxt 0] /home/ubuntu/int/source-routing-INT/p4src/source_routing_int.p4(95) Condition "hdr.source_routes[0].last_header == 1" (node_16) is false
[13:51:55.334] [bmv2] [T] [thread 10373] [8.0] [cxt 0] Applying table 'tbl_source_routing_int98'
[13:51:55.334] [bmv2] [D] [thread 10373] [8.0] [cxt 0] Looking up key:

[13:51:55.334] [bmv2] [D] [thread 10373] [8.0] [cxt 0] Table 'tbl_source_routing_int98': miss
[13:51:55.334] [bmv2] [D] [thread 10373] [8.0] [cxt 0] Action entry is source_routing_int98 - 
[13:51:55.334] [bmv2] [T] [thread 10373] [8.0] [cxt 0] Action source_routing_int98
[13:51:55.334] [bmv2] [T] [thread 10373] [8.0] [cxt 0] /home/ubuntu/int/source-routing-INT/p4src/source_routing_int.p4(98) Primitive hdr.source_routes.pop_front(1)
[13:51:55.334] [bmv2] [D] [thread 10373] [8.0] [cxt 0] Pipeline 'ingress': end
[13:51:55.334] [bmv2] [D] [thread 10373] [8.0] [cxt 0] Egress port is 2
[13:51:55.335] [bmv2] [D] [thread 10376] [8.0] [cxt 0] Pipeline 'egress': start
[13:51:55.335] [bmv2] [T] [thread 10376] [8.0] [cxt 0] /home/ubuntu/int/source-routing-INT/p4src/source_routing_int.p4(143) Condition "hdr.int_count.isValid()" (node_21) is true
[13:51:55.335] [bmv2] [T] [thread 10376] [8.0] [cxt 0] Applying table 'MyEgress.int_table'
[13:51:55.335] [bmv2] [D] [thread 10376] [8.0] [cxt 0] Looking up key:

[13:51:55.335] [bmv2] [D] [thread 10376] [8.0] [cxt 0] Table 'MyEgress.int_table': miss
[13:51:55.335] [bmv2] [D] [thread 10376] [8.0] [cxt 0] Action entry is MyEgress.add_int_header - 1,
[13:51:55.335] [bmv2] [T] [thread 10376] [8.0] [cxt 0] Action MyEgress.add_int_header
[13:51:55.335] [bmv2] [T] [thread 10376] [8.0] [cxt 0] /home/ubuntu/int/source-routing-INT/p4src/source_routing_int.p4(117) Primitive hdr.int_count.num_switches = hdr.int_count.num_switches + 1
[13:51:55.335] [bmv2] [T] [thread 10376] [8.0] [cxt 0] /home/ubuntu/int/source-routing-INT/p4src/source_routing_int.p4(119) Primitive hdr.int_headers.push_front(1)
[13:51:55.335] [bmv2] [T] [thread 10376] [8.0] [cxt 0] /home/ubuntu/int/source-routing-INT/p4src/source_routing_int.p4(122) Primitive hdr.int_headers[0].setValid()
[13:51:55.335] [bmv2] [T] [thread 10376] [8.0] [cxt 0] /home/ubuntu/int/source-routing-INT/p4src/source_routing_int.p4(123) Primitive hdr.int_headers[0].switch_id = (bit<13>)swid
[13:51:55.335] [bmv2] [T] [thread 10376] [8.0] [cxt 0] /home/ubuntu/int/source-routing-INT/p4src/source_routing_int.p4(124) Primitive hdr.int_headers[0].queue_depth = (bit<13>)standard_metadata.deq_qdepth
[13:51:55.335] [bmv2] [T] [thread 10376] [8.0] [cxt 0] /home/ubuntu/int/source-routing-INT/p4src/source_routing_int.p4(125) Primitive hdr.int_headers[0].queue_time = (bit<32>)standard_metadata.deq_timedelta
[13:51:55.335] [bmv2] [T] [thread 10376] [8.0] [cxt 0] /home/ubuntu/int/source-routing-INT/p4src/source_routing_int.p4(126) Primitive hdr.int_headers[0].output_port = (bit<6>)standard_metadata.egress_port
[13:51:55.335] [bmv2] [T] [thread 10376] [8.0] [cxt 0] /home/ubuntu/int/source-routing-INT/p4src/source_routing_int.p4(129) Primitive hdr.ipv4.ihl = hdr.ipv4.ihl + 2
[13:51:55.335] [bmv2] [T] [thread 10376] [8.0] [cxt 0] /home/ubuntu/int/source-routing-INT/p4src/source_routing_int.p4(130) Primitive hdr.ipv4.totalLen = hdr.ipv4.totalLen + 8
[13:51:55.335] [bmv2] [T] [thread 10376] [8.0] [cxt 0] /home/ubuntu/int/source-routing-INT/p4src/source_routing_int.p4(131) Primitive hdr.ipv4_option.optionLength = hdr.ipv4_option.optionLength + 8
[13:51:55.336] [bmv2] [D] [thread 10376] [8.0] [cxt 0] Pipeline 'egress': end
[13:51:55.336] [bmv2] [D] [thread 10376] [8.0] [cxt 0] Deparser 'deparser': start
[13:51:55.336] [bmv2] [D] [thread 10376] [8.0] [cxt 0] Updating checksum 'cksum'
[13:51:55.336] [bmv2] [D] [thread 10376] [8.0] [cxt 0] Deparsing header 'ethernet'
[13:51:55.336] [bmv2] [D] [thread 10376] [8.0] [cxt 0] Deparsing header 'source_routes[0]'
[13:51:55.336] [bmv2] [D] [thread 10376] [8.0] [cxt 0] Deparsing header 'source_routes[1]'
[13:51:55.336] [bmv2] [D] [thread 10376] [8.0] [cxt 0] Deparsing header 'source_routes[2]'
[13:51:55.336] [bmv2] [D] [thread 10376] [8.0] [cxt 0] Deparsing header 'ipv4'
[13:51:55.336] [bmv2] [D] [thread 10376] [8.0] [cxt 0] Deparsing header 'ipv4_option'
[13:51:55.336] [bmv2] [D] [thread 10376] [8.0] [cxt 0] Deparsing header 'int_count'
[13:51:55.336] [bmv2] [D] [thread 10376] [8.0] [cxt 0] Deparsing header 'int_headers[0]'
[13:51:55.336] [bmv2] [D] [thread 10376] [8.0] [cxt 0] Deparser 'deparser': end
[13:51:55.336] [bmv2] [D] [thread 10378] [8.0] [cxt 0] Transmitting packet of size 65 out of port 2
[13:58:15.569] [bmv2] [D] [thread 10373] [9.0] [cxt 0] Processing packet received on port 1
[13:58:15.570] [bmv2] [D] [thread 10373] [9.0] [cxt 0] Parser 'parser': start
[13:58:15.570] [bmv2] [D] [thread 10373] [9.0] [cxt 0] Parser 'parser' entering state 'start'
[13:58:15.570] [bmv2] [D] [thread 10373] [9.0] [cxt 0] Extracting header 'ethernet'
[13:58:15.570] [bmv2] [D] [thread 10373] [9.0] [cxt 0] Parser state 'start': key is 1111
[13:58:15.570] [bmv2] [T] [thread 10373] [9.0] [cxt 0] Bytes parsed: 14
[13:58:15.570] [bmv2] [D] [thread 10373] [9.0] [cxt 0] Parser 'parser' entering state 'parse_source_routing'
[13:58:15.570] [bmv2] [D] [thread 10373] [9.0] [cxt 0] Extracting to header stack 0, next header is 6
[13:58:15.570] [bmv2] [D] [thread 10373] [9.0] [cxt 0] Parser state 'parse_source_routing': key is 00
[13:58:15.570] [bmv2] [T] [thread 10373] [9.0] [cxt 0] Bytes parsed: 15
[13:58:15.570] [bmv2] [D] [thread 10373] [9.0] [cxt 0] Parser 'parser' entering state 'parse_source_routing'
[13:58:15.570] [bmv2] [D] [thread 10373] [9.0] [cxt 0] Extracting to header stack 0, next header is 7
[13:58:15.570] [bmv2] [D] [thread 10373] [9.0] [cxt 0] Parser state 'parse_source_routing': key is 00
[13:58:15.570] [bmv2] [T] [thread 10373] [9.0] [cxt 0] Bytes parsed: 16
[13:58:15.570] [bmv2] [D] [thread 10373] [9.0] [cxt 0] Parser 'parser' entering state 'parse_source_routing'
[13:58:15.571] [bmv2] [D] [thread 10373] [9.0] [cxt 0] Extracting to header stack 0, next header is 8
[13:58:15.571] [bmv2] [D] [thread 10373] [9.0] [cxt 0] Parser state 'parse_source_routing': key is 01
[13:58:15.571] [bmv2] [T] [thread 10373] [9.0] [cxt 0] Bytes parsed: 17
[13:58:15.571] [bmv2] [D] [thread 10373] [9.0] [cxt 0] Parser 'parser' entering state 'parse_ipv4'
[13:58:15.571] [bmv2] [D] [thread 10373] [9.0] [cxt 0] Extracting header 'ipv4'
[13:58:15.571] [bmv2] [D] [thread 10373] [9.0] [cxt 0] Parser set: setting field 'scalars.tmp_1' from expression, new value is 1
[13:58:15.571] [bmv2] [D] [thread 10373] [9.0] [cxt 0] Parser state 'parse_ipv4': key is 06
[13:58:15.571] [bmv2] [T] [thread 10373] [9.0] [cxt 0] Bytes parsed: 37
[13:58:15.571] [bmv2] [D] [thread 10373] [9.0] [cxt 0] Parser 'parser' entering state 'parse_ipv4_option'
[13:58:15.571] [bmv2] [D] [thread 10373] [9.0] [cxt 0] Extracting header 'ipv4_option'
[13:58:15.571] [bmv2] [D] [thread 10373] [9.0] [cxt 0] Parser state 'parse_ipv4_option': key is 1f
[13:58:15.571] [bmv2] [T] [thread 10373] [9.0] [cxt 0] Bytes parsed: 39
[13:58:15.571] [bmv2] [D] [thread 10373] [9.0] [cxt 0] Parser 'parser' entering state 'parse_int'
[13:58:15.571] [bmv2] [D] [thread 10373] [9.0] [cxt 0] Extracting header 'int_count'
[13:58:15.571] [bmv2] [D] [thread 10373] [9.0] [cxt 0] Parser set: setting field 'scalars.userMetadata._parser_metadata_num_headers_remaining0' from field 'int_count.num_switches' (0)
[13:58:15.571] [bmv2] [D] [thread 10373] [9.0] [cxt 0] Parser state 'parse_int': key is 0000
[13:58:15.571] [bmv2] [T] [thread 10373] [9.0] [cxt 0] Bytes parsed: 41
[13:58:15.572] [bmv2] [D] [thread 10373] [9.0] [cxt 0] Parser 'parser': end
[13:58:15.572] [bmv2] [D] [thread 10373] [9.0] [cxt 0] Pipeline 'ingress': start
[13:58:15.572] [bmv2] [T] [thread 10373] [9.0] [cxt 0] /home/ubuntu/int/source-routing-INT/p4src/source_routing_int.p4(82) Condition "hdr.source_routes[0].isValid()" (node_2) is false
[13:58:15.572] [bmv2] [T] [thread 10373] [9.0] [cxt 0] Applying table 'tbl_source_routing_int67'
[13:58:15.572] [bmv2] [D] [thread 10373] [9.0] [cxt 0] Looking up key:

[13:58:15.572] [bmv2] [D] [thread 10373] [9.0] [cxt 0] Table 'tbl_source_routing_int67': miss
[13:58:15.572] [bmv2] [D] [thread 10373] [9.0] [cxt 0] Action entry is source_routing_int67 - 
[13:58:15.572] [bmv2] [T] [thread 10373] [9.0] [cxt 0] Action source_routing_int67
[13:58:15.572] [bmv2] [T] [thread 10373] [9.0] [cxt 0] /home/ubuntu/int/source-routing-INT/p4src/source_routing_int.p4(67) Primitive hdr.source_routes[0].switch_id
[13:58:15.572] [bmv2] [T] [thread 10373] [9.0] [cxt 0] Applying table 'MyIngress.device_to_port'
[13:58:15.572] [bmv2] [D] [thread 10373] [9.0] [cxt 0] Looking up key:
* hdr.source_routes[0].switch_id: 01

[13:58:15.572] [bmv2] [D] [thread 10373] [9.0] [cxt 0] Table 'MyIngress.device_to_port': miss
[13:58:15.572] [bmv2] [D] [thread 10373] [9.0] [cxt 0] Action entry is NoAction - 
[13:58:15.573] [bmv2] [T] [thread 10373] [9.0] [cxt 0] Action NoAction
[13:58:15.573] [bmv2] [T] [thread 10373] [9.0] [cxt 0] Applying table 'tbl_act_0'
[13:58:15.573] [bmv2] [D] [thread 10373] [9.0] [cxt 0] Looking up key:

[13:58:15.573] [bmv2] [D] [thread 10373] [9.0] [cxt 0] Table 'tbl_act_0': miss
[13:58:15.573] [bmv2] [D] [thread 10373] [9.0] [cxt 0] Action entry is act_0 - 
[13:58:15.573] [bmv2] [T] [thread 10373] [9.0] [cxt 0] Action act_0
[13:58:15.573] [bmv2] [T] [thread 10373] [9.0] [cxt 0] Primitive (no source info)
[13:58:15.573] [bmv2] [T] [thread 10373] [9.0] [cxt 0] Applying table 'tbl_source_routing_int82_0'
[13:58:15.573] [bmv2] [D] [thread 10373] [9.0] [cxt 0] Looking up key:

[13:58:15.573] [bmv2] [D] [thread 10373] [9.0] [cxt 0] Table 'tbl_source_routing_int82_0': miss
[13:58:15.573] [bmv2] [D] [thread 10373] [9.0] [cxt 0] Action entry is source_routing_int82_0 - 
[13:58:15.573] [bmv2] [T] [thread 10373] [9.0] [cxt 0] Action source_routing_int82_0
[13:58:15.573] [bmv2] [T] [thread 10373] [9.0] [cxt 0] /home/ubuntu/int/source-routing-INT/p4src/source_routing_int.p4(82) Primitive hdr.source_routes[0].isValid() && device_to_port.apply().hit
[13:58:15.573] [bmv2] [T] [thread 10373] [9.0] [cxt 0] Condition "node_9" (node_9) is false
[13:58:15.573] [bmv2] [T] [thread 10373] [9.0] [cxt 0] /home/ubuntu/int/source-routing-INT/p4src/source_routing_int.p4(90) Condition "hdr.ipv4.isValid()" (node_13) is true
[13:58:15.573] [bmv2] [T] [thread 10373] [9.0] [cxt 0] Applying table 'MyIngress.ipv4_lpm'
[13:58:15.573] [bmv2] [D] [thread 10373] [9.0] [cxt 0] Looking up key:
* hdr.ipv4.dstAddr    : 0a000402

[13:58:15.574] [bmv2] [D] [thread 10373] [9.0] [cxt 0] Table 'MyIngress.ipv4_lpm': hit with handle 1
[13:58:15.574] [bmv2] [D] [thread 10373] [9.0] [cxt 0] Dumping entry 1
Match key:
* hdr.ipv4.dstAddr    : LPM       0a000402/32
Action entry: MyIngress.ipv4_forward - 20100,2,

[13:58:15.574] [bmv2] [D] [thread 10373] [9.0] [cxt 0] Action entry is MyIngress.ipv4_forward - 20100,2,
[13:58:15.574] [bmv2] [T] [thread 10373] [9.0] [cxt 0] Action MyIngress.ipv4_forward
[13:58:15.574] [bmv2] [T] [thread 10373] [9.0] [cxt 0] /home/ubuntu/int/source-routing-INT/p4src/source_routing_int.p4(38) Primitive hdr.ethernet.srcAddr = hdr.ethernet.dstAddr
[13:58:15.574] [bmv2] [T] [thread 10373] [9.0] [cxt 0] /home/ubuntu/int/source-routing-INT/p4src/source_routing_int.p4(41) Primitive hdr.ethernet.dstAddr = dstAddr
[13:58:15.574] [bmv2] [T] [thread 10373] [9.0] [cxt 0] /home/ubuntu/int/source-routing-INT/p4src/source_routing_int.p4(44) Primitive standard_metadata.egress_spec = port
[13:58:15.574] [bmv2] [T] [thread 10373] [9.0] [cxt 0] /home/ubuntu/int/source-routing-INT/p4src/source_routing_int.p4(47) Primitive hdr.ipv4.ttl = hdr.ipv4.ttl - 1
[13:58:15.574] [bmv2] [T] [thread 10373] [9.0] [cxt 0] /home/ubuntu/int/source-routing-INT/p4src/source_routing_int.p4(93) Condition "hdr.source_routes[0].isValid()" (node_15) is true
[13:58:15.574] [bmv2] [T] [thread 10373] [9.0] [cxt 0] /home/ubuntu/int/source-routing-INT/p4src/source_routing_int.p4(95) Condition "hdr.source_routes[0].last_header == 1" (node_16) is false
[13:58:15.574] [bmv2] [T] [thread 10373] [9.0] [cxt 0] Applying table 'tbl_source_routing_int98'
[13:58:15.574] [bmv2] [D] [thread 10373] [9.0] [cxt 0] Looking up key:

[13:58:15.574] [bmv2] [D] [thread 10373] [9.0] [cxt 0] Table 'tbl_source_routing_int98': miss
[13:58:15.574] [bmv2] [D] [thread 10373] [9.0] [cxt 0] Action entry is source_routing_int98 - 
[13:58:15.574] [bmv2] [T] [thread 10373] [9.0] [cxt 0] Action source_routing_int98
[13:58:15.574] [bmv2] [T] [thread 10373] [9.0] [cxt 0] /home/ubuntu/int/source-routing-INT/p4src/source_routing_int.p4(98) Primitive hdr.source_routes.pop_front(1)
[13:58:15.574] [bmv2] [D] [thread 10373] [9.0] [cxt 0] Pipeline 'ingress': end
[13:58:15.575] [bmv2] [D] [thread 10373] [9.0] [cxt 0] Egress port is 2
[13:58:15.575] [bmv2] [D] [thread 10376] [9.0] [cxt 0] Pipeline 'egress': start
[13:58:15.575] [bmv2] [T] [thread 10376] [9.0] [cxt 0] /home/ubuntu/int/source-routing-INT/p4src/source_routing_int.p4(143) Condition "hdr.int_count.isValid()" (node_21) is true
[13:58:15.575] [bmv2] [T] [thread 10376] [9.0] [cxt 0] Applying table 'MyEgress.int_table'
[13:58:15.575] [bmv2] [D] [thread 10376] [9.0] [cxt 0] Looking up key:

[13:58:15.575] [bmv2] [D] [thread 10376] [9.0] [cxt 0] Table 'MyEgress.int_table': miss
[13:58:15.575] [bmv2] [D] [thread 10376] [9.0] [cxt 0] Action entry is MyEgress.add_int_header - 1,
[13:58:15.575] [bmv2] [T] [thread 10376] [9.0] [cxt 0] Action MyEgress.add_int_header
[13:58:15.575] [bmv2] [T] [thread 10376] [9.0] [cxt 0] /home/ubuntu/int/source-routing-INT/p4src/source_routing_int.p4(117) Primitive hdr.int_count.num_switches = hdr.int_count.num_switches + 1
[13:58:15.575] [bmv2] [T] [thread 10376] [9.0] [cxt 0] /home/ubuntu/int/source-routing-INT/p4src/source_routing_int.p4(119) Primitive hdr.int_headers.push_front(1)
[13:58:15.576] [bmv2] [T] [thread 10376] [9.0] [cxt 0] /home/ubuntu/int/source-routing-INT/p4src/source_routing_int.p4(122) Primitive hdr.int_headers[0].setValid()
[13:58:15.576] [bmv2] [T] [thread 10376] [9.0] [cxt 0] /home/ubuntu/int/source-routing-INT/p4src/source_routing_int.p4(123) Primitive hdr.int_headers[0].switch_id = (bit<13>)swid
[13:58:15.576] [bmv2] [T] [thread 10376] [9.0] [cxt 0] /home/ubuntu/int/source-routing-INT/p4src/source_routing_int.p4(124) Primitive hdr.int_headers[0].queue_depth = (bit<13>)standard_metadata.deq_qdepth
[13:58:15.576] [bmv2] [T] [thread 10376] [9.0] [cxt 0] /home/ubuntu/int/source-routing-INT/p4src/source_routing_int.p4(125) Primitive hdr.int_headers[0].queue_time = (bit<32>)standard_metadata.deq_timedelta
[13:58:15.576] [bmv2] [T] [thread 10376] [9.0] [cxt 0] /home/ubuntu/int/source-routing-INT/p4src/source_routing_int.p4(126) Primitive hdr.int_headers[0].output_port = (bit<6>)standard_metadata.egress_port
[13:58:15.576] [bmv2] [T] [thread 10376] [9.0] [cxt 0] /home/ubuntu/int/source-routing-INT/p4src/source_routing_int.p4(129) Primitive hdr.ipv4.ihl = hdr.ipv4.ihl + 2
[13:58:15.576] [bmv2] [T] [thread 10376] [9.0] [cxt 0] /home/ubuntu/int/source-routing-INT/p4src/source_routing_int.p4(130) Primitive hdr.ipv4.totalLen = hdr.ipv4.totalLen + 8
[13:58:15.576] [bmv2] [T] [thread 10376] [9.0] [cxt 0] /home/ubuntu/int/source-routing-INT/p4src/source_routing_int.p4(131) Primitive hdr.ipv4_option.optionLength = hdr.ipv4_option.optionLength + 8
[13:58:15.576] [bmv2] [D] [thread 10376] [9.0] [cxt 0] Pipeline 'egress': end
[13:58:15.576] [bmv2] [D] [thread 10376] [9.0] [cxt 0] Deparser 'deparser': start
[13:58:15.576] [bmv2] [D] [thread 10376] [9.0] [cxt 0] Updating checksum 'cksum'
[13:58:15.576] [bmv2] [D] [thread 10376] [9.0] [cxt 0] Deparsing header 'ethernet'
[13:58:15.576] [bmv2] [D] [thread 10376] [9.0] [cxt 0] Deparsing header 'source_routes[0]'
[13:58:15.576] [bmv2] [D] [thread 10376] [9.0] [cxt 0] Deparsing header 'source_routes[1]'
[13:58:15.576] [bmv2] [D] [thread 10376] [9.0] [cxt 0] Deparsing header 'ipv4'
[13:58:15.576] [bmv2] [D] [thread 10376] [9.0] [cxt 0] Deparsing header 'ipv4_option'
[13:58:15.576] [bmv2] [D] [thread 10376] [9.0] [cxt 0] Deparsing header 'int_count'
[13:58:15.576] [bmv2] [D] [thread 10376] [9.0] [cxt 0] Deparsing header 'int_headers[0]'
[13:58:15.577] [bmv2] [D] [thread 10376] [9.0] [cxt 0] Deparser 'deparser': end
[13:58:15.577] [bmv2] [D] [thread 10378] [9.0] [cxt 0] Transmitting packet of size 64 out of port 2
[14:00:21.853] [bmv2] [D] [thread 10373] [10.0] [cxt 0] Processing packet received on port 1
[14:00:21.854] [bmv2] [D] [thread 10373] [10.0] [cxt 0] Parser 'parser': start
[14:00:21.854] [bmv2] [D] [thread 10373] [10.0] [cxt 0] Parser 'parser' entering state 'start'
[14:00:21.854] [bmv2] [D] [thread 10373] [10.0] [cxt 0] Extracting header 'ethernet'
[14:00:21.854] [bmv2] [D] [thread 10373] [10.0] [cxt 0] Parser state 'start': key is 1111
[14:00:21.854] [bmv2] [T] [thread 10373] [10.0] [cxt 0] Bytes parsed: 14
[14:00:21.854] [bmv2] [D] [thread 10373] [10.0] [cxt 0] Parser 'parser' entering state 'parse_source_routing'
[14:00:21.854] [bmv2] [D] [thread 10373] [10.0] [cxt 0] Extracting to header stack 0, next header is 6
[14:00:21.854] [bmv2] [D] [thread 10373] [10.0] [cxt 0] Parser state 'parse_source_routing': key is 00
[14:00:21.854] [bmv2] [T] [thread 10373] [10.0] [cxt 0] Bytes parsed: 15
[14:00:21.854] [bmv2] [D] [thread 10373] [10.0] [cxt 0] Parser 'parser' entering state 'parse_source_routing'
[14:00:21.854] [bmv2] [D] [thread 10373] [10.0] [cxt 0] Extracting to header stack 0, next header is 7
[14:00:21.854] [bmv2] [D] [thread 10373] [10.0] [cxt 0] Parser state 'parse_source_routing': key is 01
[14:00:21.854] [bmv2] [T] [thread 10373] [10.0] [cxt 0] Bytes parsed: 16
[14:00:21.855] [bmv2] [D] [thread 10373] [10.0] [cxt 0] Parser 'parser' entering state 'parse_ipv4'
[14:00:21.855] [bmv2] [D] [thread 10373] [10.0] [cxt 0] Extracting header 'ipv4'
[14:00:21.855] [bmv2] [D] [thread 10373] [10.0] [cxt 0] Parser set: setting field 'scalars.tmp_1' from expression, new value is 1
[14:00:21.855] [bmv2] [D] [thread 10373] [10.0] [cxt 0] Parser state 'parse_ipv4': key is 06
[14:00:21.855] [bmv2] [T] [thread 10373] [10.0] [cxt 0] Bytes parsed: 36
[14:00:21.855] [bmv2] [D] [thread 10373] [10.0] [cxt 0] Parser 'parser' entering state 'parse_ipv4_option'
[14:00:21.855] [bmv2] [D] [thread 10373] [10.0] [cxt 0] Extracting header 'ipv4_option'
[14:00:21.855] [bmv2] [D] [thread 10373] [10.0] [cxt 0] Parser state 'parse_ipv4_option': key is 1f
[14:00:21.855] [bmv2] [T] [thread 10373] [10.0] [cxt 0] Bytes parsed: 38
[14:00:21.855] [bmv2] [D] [thread 10373] [10.0] [cxt 0] Parser 'parser' entering state 'parse_int'
[14:00:21.855] [bmv2] [D] [thread 10373] [10.0] [cxt 0] Extracting header 'int_count'
[14:00:21.855] [bmv2] [D] [thread 10373] [10.0] [cxt 0] Parser set: setting field 'scalars.userMetadata._parser_metadata_num_headers_remaining0' from field 'int_count.num_switches' (0)
[14:00:21.855] [bmv2] [D] [thread 10373] [10.0] [cxt 0] Parser state 'parse_int': key is 0000
[14:00:21.855] [bmv2] [T] [thread 10373] [10.0] [cxt 0] Bytes parsed: 40
[14:00:21.855] [bmv2] [D] [thread 10373] [10.0] [cxt 0] Parser 'parser': end
[14:00:21.855] [bmv2] [D] [thread 10373] [10.0] [cxt 0] Pipeline 'ingress': start
[14:00:21.855] [bmv2] [T] [thread 10373] [10.0] [cxt 0] /home/ubuntu/int/source-routing-INT/p4src/source_routing_int.p4(82) Condition "hdr.source_routes[0].isValid()" (node_2) is false
[14:00:21.856] [bmv2] [T] [thread 10373] [10.0] [cxt 0] Applying table 'tbl_source_routing_int67'
[14:00:21.856] [bmv2] [D] [thread 10373] [10.0] [cxt 0] Looking up key:

[14:00:21.856] [bmv2] [D] [thread 10373] [10.0] [cxt 0] Table 'tbl_source_routing_int67': miss
[14:00:21.856] [bmv2] [D] [thread 10373] [10.0] [cxt 0] Action entry is source_routing_int67 - 
[14:00:21.856] [bmv2] [T] [thread 10373] [10.0] [cxt 0] Action source_routing_int67
[14:00:21.856] [bmv2] [T] [thread 10373] [10.0] [cxt 0] /home/ubuntu/int/source-routing-INT/p4src/source_routing_int.p4(67) Primitive hdr.source_routes[0].switch_id
[14:00:21.856] [bmv2] [T] [thread 10373] [10.0] [cxt 0] Applying table 'MyIngress.device_to_port'
[14:00:21.856] [bmv2] [D] [thread 10373] [10.0] [cxt 0] Looking up key:
* hdr.source_routes[0].switch_id: 02

[14:00:21.856] [bmv2] [D] [thread 10373] [10.0] [cxt 0] Table 'MyIngress.device_to_port': hit with handle 0
[14:00:21.856] [bmv2] [D] [thread 10373] [10.0] [cxt 0] Dumping entry 0
Match key:
* hdr.source_routes[0].switch_id: EXACT     02
Action entry: MyIngress.ipv4_forward - 20100,2,

[14:00:21.856] [bmv2] [D] [thread 10373] [10.0] [cxt 0] Action entry is MyIngress.ipv4_forward - 20100,2,
[14:00:21.856] [bmv2] [T] [thread 10373] [10.0] [cxt 0] Action MyIngress.ipv4_forward
[14:00:21.856] [bmv2] [T] [thread 10373] [10.0] [cxt 0] /home/ubuntu/int/source-routing-INT/p4src/source_routing_int.p4(38) Primitive hdr.ethernet.srcAddr = hdr.ethernet.dstAddr
[14:00:21.857] [bmv2] [T] [thread 10373] [10.0] [cxt 0] /home/ubuntu/int/source-routing-INT/p4src/source_routing_int.p4(41) Primitive hdr.ethernet.dstAddr = dstAddr
[14:00:21.857] [bmv2] [T] [thread 10373] [10.0] [cxt 0] /home/ubuntu/int/source-routing-INT/p4src/source_routing_int.p4(44) Primitive standard_metadata.egress_spec = port
[14:00:21.857] [bmv2] [T] [thread 10373] [10.0] [cxt 0] /home/ubuntu/int/source-routing-INT/p4src/source_routing_int.p4(47) Primitive hdr.ipv4.ttl = hdr.ipv4.ttl - 1
[14:00:21.857] [bmv2] [T] [thread 10373] [10.0] [cxt 0] Applying table 'tbl_act'
[14:00:21.857] [bmv2] [D] [thread 10373] [10.0] [cxt 0] Looking up key:

[14:00:21.857] [bmv2] [D] [thread 10373] [10.0] [cxt 0] Table 'tbl_act': miss
[14:00:21.857] [bmv2] [D] [thread 10373] [10.0] [cxt 0] Action entry is act - 
[14:00:21.857] [bmv2] [T] [thread 10373] [10.0] [cxt 0] Action act
[14:00:21.857] [bmv2] [T] [thread 10373] [10.0] [cxt 0] Primitive (no source info)
[14:00:21.857] [bmv2] [T] [thread 10373] [10.0] [cxt 0] Applying table 'tbl_source_routing_int82_0'
[14:00:21.857] [bmv2] [D] [thread 10373] [10.0] [cxt 0] Looking up key:

[14:00:21.857] [bmv2] [D] [thread 10373] [10.0] [cxt 0] Table 'tbl_source_routing_int82_0': miss
[14:00:21.857] [bmv2] [D] [thread 10373] [10.0] [cxt 0] Action entry is source_routing_int82_0 - 
[14:00:21.857] [bmv2] [T] [thread 10373] [10.0] [cxt 0] Action source_routing_int82_0
[14:00:21.857] [bmv2] [T] [thread 10373] [10.0] [cxt 0] /home/ubuntu/int/source-routing-INT/p4src/source_routing_int.p4(82) Primitive hdr.source_routes[0].isValid() && device_to_port.apply().hit
[14:00:21.857] [bmv2] [T] [thread 10373] [10.0] [cxt 0] Condition "node_9" (node_9) is true
[14:00:21.857] [bmv2] [T] [thread 10373] [10.0] [cxt 0] /home/ubuntu/int/source-routing-INT/p4src/source_routing_int.p4(84) Condition "hdr.source_routes[0].last_header == 1" (node_10) is false
[14:00:21.857] [bmv2] [T] [thread 10373] [10.0] [cxt 0] Applying table 'tbl_source_routing_int87'
[14:00:21.857] [bmv2] [D] [thread 10373] [10.0] [cxt 0] Looking up key:

[14:00:21.858] [bmv2] [D] [thread 10373] [10.0] [cxt 0] Table 'tbl_source_routing_int87': miss
[14:00:21.858] [bmv2] [D] [thread 10373] [10.0] [cxt 0] Action entry is source_routing_int87 - 
[14:00:21.858] [bmv2] [T] [thread 10373] [10.0] [cxt 0] Action source_routing_int87
[14:00:21.858] [bmv2] [T] [thread 10373] [10.0] [cxt 0] /home/ubuntu/int/source-routing-INT/p4src/source_routing_int.p4(87) Primitive hdr.source_routes.pop_front(1)
[14:00:21.858] [bmv2] [D] [thread 10373] [10.0] [cxt 0] Pipeline 'ingress': end
[14:00:21.858] [bmv2] [D] [thread 10373] [10.0] [cxt 0] Egress port is 2
[14:00:21.858] [bmv2] [D] [thread 10376] [10.0] [cxt 0] Pipeline 'egress': start
[14:00:21.858] [bmv2] [T] [thread 10376] [10.0] [cxt 0] /home/ubuntu/int/source-routing-INT/p4src/source_routing_int.p4(143) Condition "hdr.int_count.isValid()" (node_21) is true
[14:00:21.858] [bmv2] [T] [thread 10376] [10.0] [cxt 0] Applying table 'MyEgress.int_table'
[14:00:21.858] [bmv2] [D] [thread 10376] [10.0] [cxt 0] Looking up key:

[14:00:21.858] [bmv2] [D] [thread 10376] [10.0] [cxt 0] Table 'MyEgress.int_table': miss
[14:00:21.858] [bmv2] [D] [thread 10376] [10.0] [cxt 0] Action entry is MyEgress.add_int_header - 1,
[14:00:21.859] [bmv2] [T] [thread 10376] [10.0] [cxt 0] Action MyEgress.add_int_header
[14:00:21.859] [bmv2] [T] [thread 10376] [10.0] [cxt 0] /home/ubuntu/int/source-routing-INT/p4src/source_routing_int.p4(117) Primitive hdr.int_count.num_switches = hdr.int_count.num_switches + 1
[14:00:21.859] [bmv2] [T] [thread 10376] [10.0] [cxt 0] /home/ubuntu/int/source-routing-INT/p4src/source_routing_int.p4(119) Primitive hdr.int_headers.push_front(1)
[14:00:21.859] [bmv2] [T] [thread 10376] [10.0] [cxt 0] /home/ubuntu/int/source-routing-INT/p4src/source_routing_int.p4(122) Primitive hdr.int_headers[0].setValid()
[14:00:21.859] [bmv2] [T] [thread 10376] [10.0] [cxt 0] /home/ubuntu/int/source-routing-INT/p4src/source_routing_int.p4(123) Primitive hdr.int_headers[0].switch_id = (bit<13>)swid
[14:00:21.859] [bmv2] [T] [thread 10376] [10.0] [cxt 0] /home/ubuntu/int/source-routing-INT/p4src/source_routing_int.p4(124) Primitive hdr.int_headers[0].queue_depth = (bit<13>)standard_metadata.deq_qdepth
[14:00:21.859] [bmv2] [T] [thread 10376] [10.0] [cxt 0] /home/ubuntu/int/source-routing-INT/p4src/source_routing_int.p4(125) Primitive hdr.int_headers[0].queue_time = (bit<32>)standard_metadata.deq_timedelta
[14:00:21.859] [bmv2] [T] [thread 10376] [10.0] [cxt 0] /home/ubuntu/int/source-routing-INT/p4src/source_routing_int.p4(126) Primitive hdr.int_headers[0].output_port = (bit<6>)standard_metadata.egress_port
[14:00:21.859] [bmv2] [T] [thread 10376] [10.0] [cxt 0] /home/ubuntu/int/source-routing-INT/p4src/source_routing_int.p4(129) Primitive hdr.ipv4.ihl = hdr.ipv4.ihl + 2
[14:00:21.859] [bmv2] [T] [thread 10376] [10.0] [cxt 0] /home/ubuntu/int/source-routing-INT/p4src/source_routing_int.p4(130) Primitive hdr.ipv4.totalLen = hdr.ipv4.totalLen + 8
[14:00:21.859] [bmv2] [T] [thread 10376] [10.0] [cxt 0] /home/ubuntu/int/source-routing-INT/p4src/source_routing_int.p4(131) Primitive hdr.ipv4_option.optionLength = hdr.ipv4_option.optionLength + 8
[14:00:21.859] [bmv2] [D] [thread 10376] [10.0] [cxt 0] Pipeline 'egress': end
[14:00:21.859] [bmv2] [D] [thread 10376] [10.0] [cxt 0] Deparser 'deparser': start
[14:00:21.859] [bmv2] [D] [thread 10376] [10.0] [cxt 0] Updating checksum 'cksum'
[14:00:21.859] [bmv2] [D] [thread 10376] [10.0] [cxt 0] Deparsing header 'ethernet'
[14:00:21.859] [bmv2] [D] [thread 10376] [10.0] [cxt 0] Deparsing header 'source_routes[0]'
[14:00:21.859] [bmv2] [D] [thread 10376] [10.0] [cxt 0] Deparsing header 'ipv4'
[14:00:21.859] [bmv2] [D] [thread 10376] [10.0] [cxt 0] Deparsing header 'ipv4_option'
[14:00:21.859] [bmv2] [D] [thread 10376] [10.0] [cxt 0] Deparsing header 'int_count'
[14:00:21.859] [bmv2] [D] [thread 10376] [10.0] [cxt 0] Deparsing header 'int_headers[0]'
[14:00:21.859] [bmv2] [D] [thread 10376] [10.0] [cxt 0] Deparser 'deparser': end
[14:00:21.860] [bmv2] [D] [thread 10378] [10.0] [cxt 0] Transmitting packet of size 63 out of port 2
[14:00:33.492] [bmv2] [D] [thread 10373] [11.0] [cxt 0] Processing packet received on port 1
[14:00:33.492] [bmv2] [D] [thread 10373] [11.0] [cxt 0] Parser 'parser': start
[14:00:33.492] [bmv2] [D] [thread 10373] [11.0] [cxt 0] Parser 'parser' entering state 'start'
[14:00:33.492] [bmv2] [D] [thread 10373] [11.0] [cxt 0] Extracting header 'ethernet'
[14:00:33.492] [bmv2] [D] [thread 10373] [11.0] [cxt 0] Parser state 'start': key is 1111
[14:00:33.492] [bmv2] [T] [thread 10373] [11.0] [cxt 0] Bytes parsed: 14
[14:00:33.492] [bmv2] [D] [thread 10373] [11.0] [cxt 0] Parser 'parser' entering state 'parse_source_routing'
[14:00:33.492] [bmv2] [D] [thread 10373] [11.0] [cxt 0] Extracting to header stack 0, next header is 6
[14:00:33.492] [bmv2] [D] [thread 10373] [11.0] [cxt 0] Parser state 'parse_source_routing': key is 00
[14:00:33.492] [bmv2] [T] [thread 10373] [11.0] [cxt 0] Bytes parsed: 15
[14:00:33.492] [bmv2] [D] [thread 10373] [11.0] [cxt 0] Parser 'parser' entering state 'parse_source_routing'
[14:00:33.492] [bmv2] [D] [thread 10373] [11.0] [cxt 0] Extracting to header stack 0, next header is 7
[14:00:33.492] [bmv2] [D] [thread 10373] [11.0] [cxt 0] Parser state 'parse_source_routing': key is 01
[14:00:33.492] [bmv2] [T] [thread 10373] [11.0] [cxt 0] Bytes parsed: 16
[14:00:33.492] [bmv2] [D] [thread 10373] [11.0] [cxt 0] Parser 'parser' entering state 'parse_ipv4'
[14:00:33.492] [bmv2] [D] [thread 10373] [11.0] [cxt 0] Extracting header 'ipv4'
[14:00:33.492] [bmv2] [D] [thread 10373] [11.0] [cxt 0] Parser set: setting field 'scalars.tmp_1' from expression, new value is 1
[14:00:33.493] [bmv2] [D] [thread 10373] [11.0] [cxt 0] Parser state 'parse_ipv4': key is 06
[14:00:33.493] [bmv2] [T] [thread 10373] [11.0] [cxt 0] Bytes parsed: 36
[14:00:33.493] [bmv2] [D] [thread 10373] [11.0] [cxt 0] Parser 'parser' entering state 'parse_ipv4_option'
[14:00:33.493] [bmv2] [D] [thread 10373] [11.0] [cxt 0] Extracting header 'ipv4_option'
[14:00:33.493] [bmv2] [D] [thread 10373] [11.0] [cxt 0] Parser state 'parse_ipv4_option': key is 1f
[14:00:33.493] [bmv2] [T] [thread 10373] [11.0] [cxt 0] Bytes parsed: 38
[14:00:33.493] [bmv2] [D] [thread 10373] [11.0] [cxt 0] Parser 'parser' entering state 'parse_int'
[14:00:33.493] [bmv2] [D] [thread 10373] [11.0] [cxt 0] Extracting header 'int_count'
[14:00:33.493] [bmv2] [D] [thread 10373] [11.0] [cxt 0] Parser set: setting field 'scalars.userMetadata._parser_metadata_num_headers_remaining0' from field 'int_count.num_switches' (0)
[14:00:33.493] [bmv2] [D] [thread 10373] [11.0] [cxt 0] Parser state 'parse_int': key is 0000
[14:00:33.493] [bmv2] [T] [thread 10373] [11.0] [cxt 0] Bytes parsed: 40
[14:00:33.493] [bmv2] [D] [thread 10373] [11.0] [cxt 0] Parser 'parser': end
[14:00:33.493] [bmv2] [D] [thread 10373] [11.0] [cxt 0] Pipeline 'ingress': start
[14:00:33.493] [bmv2] [T] [thread 10373] [11.0] [cxt 0] /home/ubuntu/int/source-routing-INT/p4src/source_routing_int.p4(82) Condition "hdr.source_routes[0].isValid()" (node_2) is false
[14:00:33.493] [bmv2] [T] [thread 10373] [11.0] [cxt 0] Applying table 'tbl_source_routing_int67'
[14:00:33.493] [bmv2] [D] [thread 10373] [11.0] [cxt 0] Looking up key:

[14:00:33.493] [bmv2] [D] [thread 10373] [11.0] [cxt 0] Table 'tbl_source_routing_int67': miss
[14:00:33.493] [bmv2] [D] [thread 10373] [11.0] [cxt 0] Action entry is source_routing_int67 - 
[14:00:33.493] [bmv2] [T] [thread 10373] [11.0] [cxt 0] Action source_routing_int67
[14:00:33.493] [bmv2] [T] [thread 10373] [11.0] [cxt 0] /home/ubuntu/int/source-routing-INT/p4src/source_routing_int.p4(67) Primitive hdr.source_routes[0].switch_id
[14:00:33.493] [bmv2] [T] [thread 10373] [11.0] [cxt 0] Applying table 'MyIngress.device_to_port'
[14:00:33.493] [bmv2] [D] [thread 10373] [11.0] [cxt 0] Looking up key:
* hdr.source_routes[0].switch_id: 02

[14:00:33.494] [bmv2] [D] [thread 10373] [11.0] [cxt 0] Table 'MyIngress.device_to_port': hit with handle 0
[14:00:33.494] [bmv2] [D] [thread 10373] [11.0] [cxt 0] Dumping entry 0
Match key:
* hdr.source_routes[0].switch_id: EXACT     02
Action entry: MyIngress.ipv4_forward - 20100,2,

[14:00:33.494] [bmv2] [D] [thread 10373] [11.0] [cxt 0] Action entry is MyIngress.ipv4_forward - 20100,2,
[14:00:33.494] [bmv2] [T] [thread 10373] [11.0] [cxt 0] Action MyIngress.ipv4_forward
[14:00:33.494] [bmv2] [T] [thread 10373] [11.0] [cxt 0] /home/ubuntu/int/source-routing-INT/p4src/source_routing_int.p4(38) Primitive hdr.ethernet.srcAddr = hdr.ethernet.dstAddr
[14:00:33.494] [bmv2] [T] [thread 10373] [11.0] [cxt 0] /home/ubuntu/int/source-routing-INT/p4src/source_routing_int.p4(41) Primitive hdr.ethernet.dstAddr = dstAddr
[14:00:33.494] [bmv2] [T] [thread 10373] [11.0] [cxt 0] /home/ubuntu/int/source-routing-INT/p4src/source_routing_int.p4(44) Primitive standard_metadata.egress_spec = port
[14:00:33.494] [bmv2] [T] [thread 10373] [11.0] [cxt 0] /home/ubuntu/int/source-routing-INT/p4src/source_routing_int.p4(47) Primitive hdr.ipv4.ttl = hdr.ipv4.ttl - 1
[14:00:33.494] [bmv2] [T] [thread 10373] [11.0] [cxt 0] Applying table 'tbl_act'
[14:00:33.494] [bmv2] [D] [thread 10373] [11.0] [cxt 0] Looking up key:

[14:00:33.494] [bmv2] [D] [thread 10373] [11.0] [cxt 0] Table 'tbl_act': miss
[14:00:33.494] [bmv2] [D] [thread 10373] [11.0] [cxt 0] Action entry is act - 
[14:00:33.494] [bmv2] [T] [thread 10373] [11.0] [cxt 0] Action act
[14:00:33.494] [bmv2] [T] [thread 10373] [11.0] [cxt 0] Primitive (no source info)
[14:00:33.494] [bmv2] [T] [thread 10373] [11.0] [cxt 0] Applying table 'tbl_source_routing_int82_0'
[14:00:33.494] [bmv2] [D] [thread 10373] [11.0] [cxt 0] Looking up key:

[14:00:33.494] [bmv2] [D] [thread 10373] [11.0] [cxt 0] Table 'tbl_source_routing_int82_0': miss
[14:00:33.494] [bmv2] [D] [thread 10373] [11.0] [cxt 0] Action entry is source_routing_int82_0 - 
[14:00:33.494] [bmv2] [T] [thread 10373] [11.0] [cxt 0] Action source_routing_int82_0
[14:00:33.494] [bmv2] [T] [thread 10373] [11.0] [cxt 0] /home/ubuntu/int/source-routing-INT/p4src/source_routing_int.p4(82) Primitive hdr.source_routes[0].isValid() && device_to_port.apply().hit
[14:00:33.494] [bmv2] [T] [thread 10373] [11.0] [cxt 0] Condition "node_9" (node_9) is true
[14:00:33.494] [bmv2] [T] [thread 10373] [11.0] [cxt 0] /home/ubuntu/int/source-routing-INT/p4src/source_routing_int.p4(84) Condition "hdr.source_routes[0].last_header == 1" (node_10) is false
[14:00:33.494] [bmv2] [T] [thread 10373] [11.0] [cxt 0] Applying table 'tbl_source_routing_int87'
[14:00:33.494] [bmv2] [D] [thread 10373] [11.0] [cxt 0] Looking up key:

[14:00:33.494] [bmv2] [D] [thread 10373] [11.0] [cxt 0] Table 'tbl_source_routing_int87': miss
[14:00:33.495] [bmv2] [D] [thread 10373] [11.0] [cxt 0] Action entry is source_routing_int87 - 
[14:00:33.495] [bmv2] [T] [thread 10373] [11.0] [cxt 0] Action source_routing_int87
[14:00:33.495] [bmv2] [T] [thread 10373] [11.0] [cxt 0] /home/ubuntu/int/source-routing-INT/p4src/source_routing_int.p4(87) Primitive hdr.source_routes.pop_front(1)
[14:00:33.495] [bmv2] [D] [thread 10373] [11.0] [cxt 0] Pipeline 'ingress': end
[14:00:33.495] [bmv2] [D] [thread 10373] [11.0] [cxt 0] Egress port is 2
[14:00:33.495] [bmv2] [D] [thread 10376] [11.0] [cxt 0] Pipeline 'egress': start
[14:00:33.495] [bmv2] [T] [thread 10376] [11.0] [cxt 0] /home/ubuntu/int/source-routing-INT/p4src/source_routing_int.p4(143) Condition "hdr.int_count.isValid()" (node_21) is true
[14:00:33.495] [bmv2] [T] [thread 10376] [11.0] [cxt 0] Applying table 'MyEgress.int_table'
[14:00:33.495] [bmv2] [D] [thread 10376] [11.0] [cxt 0] Looking up key:

[14:00:33.495] [bmv2] [D] [thread 10376] [11.0] [cxt 0] Table 'MyEgress.int_table': miss
[14:00:33.495] [bmv2] [D] [thread 10376] [11.0] [cxt 0] Action entry is MyEgress.add_int_header - 1,
[14:00:33.495] [bmv2] [T] [thread 10376] [11.0] [cxt 0] Action MyEgress.add_int_header
[14:00:33.496] [bmv2] [T] [thread 10376] [11.0] [cxt 0] /home/ubuntu/int/source-routing-INT/p4src/source_routing_int.p4(117) Primitive hdr.int_count.num_switches = hdr.int_count.num_switches + 1
[14:00:33.496] [bmv2] [T] [thread 10376] [11.0] [cxt 0] /home/ubuntu/int/source-routing-INT/p4src/source_routing_int.p4(119) Primitive hdr.int_headers.push_front(1)
[14:00:33.496] [bmv2] [T] [thread 10376] [11.0] [cxt 0] /home/ubuntu/int/source-routing-INT/p4src/source_routing_int.p4(122) Primitive hdr.int_headers[0].setValid()
[14:00:33.496] [bmv2] [T] [thread 10376] [11.0] [cxt 0] /home/ubuntu/int/source-routing-INT/p4src/source_routing_int.p4(123) Primitive hdr.int_headers[0].switch_id = (bit<13>)swid
[14:00:33.496] [bmv2] [T] [thread 10376] [11.0] [cxt 0] /home/ubuntu/int/source-routing-INT/p4src/source_routing_int.p4(124) Primitive hdr.int_headers[0].queue_depth = (bit<13>)standard_metadata.deq_qdepth
[14:00:33.496] [bmv2] [T] [thread 10376] [11.0] [cxt 0] /home/ubuntu/int/source-routing-INT/p4src/source_routing_int.p4(125) Primitive hdr.int_headers[0].queue_time = (bit<32>)standard_metadata.deq_timedelta
[14:00:33.496] [bmv2] [T] [thread 10376] [11.0] [cxt 0] /home/ubuntu/int/source-routing-INT/p4src/source_routing_int.p4(126) Primitive hdr.int_headers[0].output_port = (bit<6>)standard_metadata.egress_port
[14:00:33.496] [bmv2] [T] [thread 10376] [11.0] [cxt 0] /home/ubuntu/int/source-routing-INT/p4src/source_routing_int.p4(129) Primitive hdr.ipv4.ihl = hdr.ipv4.ihl + 2
[14:00:33.496] [bmv2] [T] [thread 10376] [11.0] [cxt 0] /home/ubuntu/int/source-routing-INT/p4src/source_routing_int.p4(130) Primitive hdr.ipv4.totalLen = hdr.ipv4.totalLen + 8
[14:00:33.496] [bmv2] [T] [thread 10376] [11.0] [cxt 0] /home/ubuntu/int/source-routing-INT/p4src/source_routing_int.p4(131) Primitive hdr.ipv4_option.optionLength = hdr.ipv4_option.optionLength + 8
[14:00:33.496] [bmv2] [D] [thread 10376] [11.0] [cxt 0] Pipeline 'egress': end
[14:00:33.496] [bmv2] [D] [thread 10376] [11.0] [cxt 0] Deparser 'deparser': start
[14:00:33.496] [bmv2] [D] [thread 10376] [11.0] [cxt 0] Updating checksum 'cksum'
[14:00:33.496] [bmv2] [D] [thread 10376] [11.0] [cxt 0] Deparsing header 'ethernet'
[14:00:33.496] [bmv2] [D] [thread 10376] [11.0] [cxt 0] Deparsing header 'source_routes[0]'
[14:00:33.496] [bmv2] [D] [thread 10376] [11.0] [cxt 0] Deparsing header 'ipv4'
[14:00:33.496] [bmv2] [D] [thread 10376] [11.0] [cxt 0] Deparsing header 'ipv4_option'
[14:00:33.496] [bmv2] [D] [thread 10376] [11.0] [cxt 0] Deparsing header 'int_count'
[14:00:33.496] [bmv2] [D] [thread 10376] [11.0] [cxt 0] Deparsing header 'int_headers[0]'
[14:00:33.497] [bmv2] [D] [thread 10376] [11.0] [cxt 0] Deparser 'deparser': end
[14:00:33.497] [bmv2] [D] [thread 10378] [11.0] [cxt 0] Transmitting packet of size 63 out of port 2
