Warning: you requested the nanomsg event logger, but bmv2 was compiled without -DBMELOG, and the event logger cannot be activated
Calling target program-options parser
[13:50:38.709] [bmv2] [D] [thread 10393] Set default default entry for table 'tbl_source_routing_int82': source_routing_int82 - 
[13:50:38.709] [bmv2] [D] [thread 10393] Set default default entry for table 'tbl_source_routing_int67': source_routing_int67 - 
[13:50:38.710] [bmv2] [D] [thread 10393] Set default default entry for table 'MyIngress.device_to_port': NoAction - 
[13:50:38.710] [bmv2] [D] [thread 10393] Set default default entry for table 'tbl_act': act - 
[13:50:38.710] [bmv2] [D] [thread 10393] Set default default entry for table 'tbl_act_0': act_0 - 
[13:50:38.710] [bmv2] [D] [thread 10393] Set default default entry for table 'tbl_source_routing_int82_0': source_routing_int82_0 - 
[13:50:38.710] [bmv2] [D] [thread 10393] Set default default entry for table 'tbl_set_normal_ethernet': MyIngress.set_normal_ethernet - 
[13:50:38.710] [bmv2] [D] [thread 10393] Set default default entry for table 'tbl_source_routing_int87': source_routing_int87 - 
[13:50:38.710] [bmv2] [D] [thread 10393] Set default default entry for table 'MyIngress.ipv4_lpm': NoAction - 
[13:50:38.710] [bmv2] [D] [thread 10393] Set default default entry for table 'tbl_set_normal_ethernet_0': MyIngress.set_normal_ethernet - 
[13:50:38.710] [bmv2] [D] [thread 10393] Set default default entry for table 'tbl_source_routing_int98': source_routing_int98 - 
[13:50:38.712] [bmv2] [D] [thread 10393] Set default default entry for table 'MyEgress.int_table': NoAction - 
Adding interface s3-eth1 as port 1
[13:50:38.721] [bmv2] [D] [thread 10393] Adding interface s3-eth1 as port 1
Adding interface s3-eth2 as port 2
[13:50:38.793] [bmv2] [D] [thread 10393] Adding interface s3-eth2 as port 2
[13:50:38.837] [bmv2] [I] [thread 10393] Starting Thrift server on port 9092
[13:50:38.838] [bmv2] [I] [thread 10393] Thrift server was started
[13:50:39.083] [bmv2] [D] [thread 10399] [0.0] [cxt 0] Processing packet received on port 1
[13:50:39.083] [bmv2] [D] [thread 10399] [0.0] [cxt 0] Parser 'parser': start
[13:50:39.083] [bmv2] [D] [thread 10399] [0.0] [cxt 0] Parser 'parser' entering state 'start'
[13:50:39.083] [bmv2] [D] [thread 10399] [0.0] [cxt 0] Extracting header 'ethernet'
[13:50:39.083] [bmv2] [D] [thread 10399] [0.0] [cxt 0] Parser state 'start': key is 86dd
[13:50:39.083] [bmv2] [T] [thread 10399] [0.0] [cxt 0] Bytes parsed: 14
[13:50:39.083] [bmv2] [D] [thread 10399] [0.0] [cxt 0] Parser 'parser': end
[13:50:39.083] [bmv2] [D] [thread 10399] [0.0] [cxt 0] Pipeline 'ingress': start
[13:50:39.083] [bmv2] [T] [thread 10399] [0.0] [cxt 0] /home/ubuntu/int/source-routing-INT/p4src/source_routing_int.p4(82) Condition "hdr.source_routes[0].isValid()" (node_2) is true
[13:50:39.083] [bmv2] [T] [thread 10399] [0.0] [cxt 0] Applying table 'tbl_source_routing_int82'
[13:50:39.083] [bmv2] [D] [thread 10399] [0.0] [cxt 0] Looking up key:

[13:50:39.083] [bmv2] [D] [thread 10399] [0.0] [cxt 0] Table 'tbl_source_routing_int82': miss
[13:50:39.083] [bmv2] [D] [thread 10399] [0.0] [cxt 0] Action entry is source_routing_int82 - 
[13:50:39.083] [bmv2] [T] [thread 10399] [0.0] [cxt 0] Action source_routing_int82
[13:50:39.083] [bmv2] [T] [thread 10399] [0.0] [cxt 0] /home/ubuntu/int/source-routing-INT/p4src/source_routing_int.p4(82) Primitive hdr.source_routes[0].isValid() && device_to_port.apply().hit
[13:50:39.083] [bmv2] [T] [thread 10399] [0.0] [cxt 0] Condition "node_9" (node_9) is false
[13:50:39.084] [bmv2] [T] [thread 10399] [0.0] [cxt 0] /home/ubuntu/int/source-routing-INT/p4src/source_routing_int.p4(90) Condition "hdr.ipv4.isValid()" (node_13) is false
[13:50:39.084] [bmv2] [D] [thread 10399] [0.0] [cxt 0] Pipeline 'ingress': end
[13:50:39.084] [bmv2] [D] [thread 10399] [0.0] [cxt 0] Egress port is 0
[13:50:39.084] [bmv2] [D] [thread 10400] [0.0] [cxt 0] Pipeline 'egress': start
[13:50:39.084] [bmv2] [T] [thread 10400] [0.0] [cxt 0] /home/ubuntu/int/source-routing-INT/p4src/source_routing_int.p4(143) Condition "hdr.int_count.isValid()" (node_21) is false
[13:50:39.084] [bmv2] [D] [thread 10400] [0.0] [cxt 0] Pipeline 'egress': end
[13:50:39.084] [bmv2] [D] [thread 10400] [0.0] [cxt 0] Deparser 'deparser': start
[13:50:39.084] [bmv2] [T] [thread 10400] [0.0] [cxt 0] Skipping checksum 'cksum' update because condition not met
[13:50:39.084] [bmv2] [D] [thread 10400] [0.0] [cxt 0] Deparsing header 'ethernet'
[13:50:39.084] [bmv2] [D] [thread 10400] [0.0] [cxt 0] Deparser 'deparser': end
[13:50:39.084] [bmv2] [D] [thread 10404] [0.0] [cxt 0] Transmitting packet of size 86 out of port 0
[13:50:39.783] [bmv2] [T] [thread 10475] bm_get_config
[13:50:39.790] [bmv2] [T] [thread 10475] bm_set_default_action
[13:50:39.791] [bmv2] [D] [thread 10475] Set default entry for table 'MyIngress.ipv4_lpm': MyIngress.drop - 
[13:50:39.791] [bmv2] [T] [thread 10475] bm_set_default_action
[13:50:39.791] [bmv2] [D] [thread 10475] Set default entry for table 'MyEgress.int_table': MyEgress.add_int_header - 3,
[13:50:39.792] [bmv2] [T] [thread 10475] bm_table_add_entry
[13:50:39.793] [bmv2] [D] [thread 10475] Entry 0 added to table 'MyIngress.ipv4_lpm'
[13:50:39.793] [bmv2] [D] [thread 10475] Dumping entry 0
Match key:
* hdr.ipv4.dstAddr    : LPM       0a000101/32
Action entry: MyIngress.ipv4_forward - 10300,1,

[13:50:39.794] [bmv2] [T] [thread 10475] bm_table_add_entry
[13:50:39.794] [bmv2] [D] [thread 10475] Entry 1 added to table 'MyIngress.ipv4_lpm'
[13:50:39.794] [bmv2] [D] [thread 10475] Dumping entry 1
Match key:
* hdr.ipv4.dstAddr    : LPM       0a000402/32
Action entry: MyIngress.ipv4_forward - 40300,2,

[13:50:39.795] [bmv2] [T] [thread 10475] bm_table_add_entry
[13:50:39.795] [bmv2] [D] [thread 10475] Entry 0 added to table 'MyIngress.device_to_port'
[13:50:39.795] [bmv2] [D] [thread 10475] Dumping entry 0
Match key:
* hdr.source_routes[0].switch_id: EXACT     01
Action entry: MyIngress.ipv4_forward - 10300,1,

[13:50:39.796] [bmv2] [T] [thread 10475] bm_table_add_entry
[13:50:39.796] [bmv2] [D] [thread 10475] Entry 1 added to table 'MyIngress.device_to_port'
[13:50:39.796] [bmv2] [D] [thread 10475] Dumping entry 1
Match key:
* hdr.source_routes[0].switch_id: EXACT     04
Action entry: MyIngress.ipv4_forward - 40300,2,

