Obtaining JSON from switch...
Done
Control utility for runtime P4 table manipulation
RuntimeCmd: Setting default action of ipv4_lpm
action:              drop
runtime data:        
RuntimeCmd: Setting default action of int_table
action:              add_int_header
runtime data:        00:02
RuntimeCmd: Adding entry to lpm match table ipv4_lpm
match key:           LPM-0a:00:01:01/32
action:              ipv4_forward
runtime data:        00:00:00:01:02:00	00:01
Entry has been added with handle 0
RuntimeCmd: Adding entry to lpm match table ipv4_lpm
match key:           LPM-0a:00:04:02/32
action:              ipv4_forward
runtime data:        00:00:00:04:02:00	00:02
Entry has been added with handle 1
RuntimeCmd: Adding entry to exact match table device_to_port
match key:           EXACT-01
action:              ipv4_forward
runtime data:        00:00:00:01:02:00	00:01
Entry has been added with handle 0
RuntimeCmd: Adding entry to exact match table device_to_port
match key:           EXACT-04
action:              ipv4_forward
runtime data:        00:00:00:04:02:00	00:02
Entry has been added with handle 1
RuntimeCmd: 
