Warning: you requested the nanomsg event logger, but bmv2 was compiled without -DBMELOG, and the event logger cannot be activated
Calling target program-options parser
[17:28:18.384] [bmv2] [D] [thread 20408] Set default default entry for table 'MyIngress.ipv4_lpm': NoAction - 
[17:28:18.385] [bmv2] [D] [thread 20408] Set default default entry for table 'MyEgress.int_table': NoAction - 
Adding interface s1-eth1 as port 1
[17:28:18.389] [bmv2] [D] [thread 20408] Adding interface s1-eth1 as port 1
Adding interface s1-eth2 as port 2
[17:28:18.441] [bmv2] [D] [thread 20408] Adding interface s1-eth2 as port 2
[17:28:18.489] [bmv2] [I] [thread 20408] Starting Thrift server on port 9090
[17:28:18.490] [bmv2] [I] [thread 20408] Thrift server was started
[17:28:18.602] [bmv2] [D] [thread 20414] [0.0] [cxt 0] Processing packet received on port 1
[17:28:18.602] [bmv2] [D] [thread 20414] [0.0] [cxt 0] Parser 'parser': start
[17:28:18.603] [bmv2] [D] [thread 20414] [0.0] [cxt 0] Parser 'parser' entering state 'start'
[17:28:18.603] [bmv2] [D] [thread 20414] [0.0] [cxt 0] Extracting header 'ethernet'
[17:28:18.603] [bmv2] [D] [thread 20414] [0.0] [cxt 0] Parser state 'start': key is 86dd
[17:28:18.603] [bmv2] [T] [thread 20414] [0.0] [cxt 0] Bytes parsed: 14
[17:28:18.603] [bmv2] [D] [thread 20414] [0.0] [cxt 0] Parser 'parser': end
[17:28:18.603] [bmv2] [D] [thread 20414] [0.0] [cxt 0] Pipeline 'ingress': start
[17:28:18.603] [bmv2] [T] [thread 20414] [0.0] [cxt 0] /home/ubuntu/int/p4-learning/examples/simple_int/p4src/simple_int.p4(63) Condition "hdr.ipv4.isValid()" (node_2) is false
[17:28:18.603] [bmv2] [D] [thread 20414] [0.0] [cxt 0] Pipeline 'ingress': end
[17:28:18.603] [bmv2] [D] [thread 20414] [0.0] [cxt 0] Egress port is 0
[17:28:18.603] [bmv2] [D] [thread 20415] [0.0] [cxt 0] Pipeline 'egress': start
[17:28:18.604] [bmv2] [T] [thread 20415] [0.0] [cxt 0] /home/ubuntu/int/p4-learning/examples/simple_int/p4src/simple_int.p4(107) Condition "hdr.int_count.isValid()" (node_6) is false
[17:28:18.604] [bmv2] [D] [thread 20415] [0.0] [cxt 0] Pipeline 'egress': end
[17:28:18.604] [bmv2] [D] [thread 20415] [0.0] [cxt 0] Deparser 'deparser': start
[17:28:18.604] [bmv2] [T] [thread 20415] [0.0] [cxt 0] Skipping checksum 'cksum' update because condition not met
[17:28:18.604] [bmv2] [D] [thread 20415] [0.0] [cxt 0] Deparsing header 'ethernet'
[17:28:18.604] [bmv2] [D] [thread 20415] [0.0] [cxt 0] Deparser 'deparser': end
[17:28:18.604] [bmv2] [D] [thread 20419] [0.0] [cxt 0] Transmitting packet of size 90 out of port 0
[17:28:18.793] [bmv2] [D] [thread 20414] [1.0] [cxt 0] Processing packet received on port 2
[17:28:18.794] [bmv2] [D] [thread 20414] [1.0] [cxt 0] Parser 'parser': start
[17:28:18.794] [bmv2] [D] [thread 20414] [1.0] [cxt 0] Parser 'parser' entering state 'start'
[17:28:18.794] [bmv2] [D] [thread 20414] [1.0] [cxt 0] Extracting header 'ethernet'
[17:28:18.794] [bmv2] [D] [thread 20414] [1.0] [cxt 0] Parser state 'start': key is 86dd
[17:28:18.794] [bmv2] [T] [thread 20414] [1.0] [cxt 0] Bytes parsed: 14
[17:28:18.794] [bmv2] [D] [thread 20414] [1.0] [cxt 0] Parser 'parser': end
[17:28:18.794] [bmv2] [D] [thread 20414] [1.0] [cxt 0] Pipeline 'ingress': start
[17:28:18.794] [bmv2] [T] [thread 20414] [1.0] [cxt 0] /home/ubuntu/int/p4-learning/examples/simple_int/p4src/simple_int.p4(63) Condition "hdr.ipv4.isValid()" (node_2) is false
[17:28:18.794] [bmv2] [D] [thread 20414] [1.0] [cxt 0] Pipeline 'ingress': end
[17:28:18.794] [bmv2] [D] [thread 20414] [1.0] [cxt 0] Egress port is 0
[17:28:18.794] [bmv2] [D] [thread 20415] [1.0] [cxt 0] Pipeline 'egress': start
[17:28:18.794] [bmv2] [T] [thread 20415] [1.0] [cxt 0] /home/ubuntu/int/p4-learning/examples/simple_int/p4src/simple_int.p4(107) Condition "hdr.int_count.isValid()" (node_6) is false
[17:28:18.794] [bmv2] [D] [thread 20415] [1.0] [cxt 0] Pipeline 'egress': end
[17:28:18.794] [bmv2] [D] [thread 20415] [1.0] [cxt 0] Deparser 'deparser': start
[17:28:18.794] [bmv2] [T] [thread 20415] [1.0] [cxt 0] Skipping checksum 'cksum' update because condition not met
[17:28:18.794] [bmv2] [D] [thread 20415] [1.0] [cxt 0] Deparsing header 'ethernet'
[17:28:18.794] [bmv2] [D] [thread 20415] [1.0] [cxt 0] Deparser 'deparser': end
[17:28:18.795] [bmv2] [D] [thread 20419] [1.0] [cxt 0] Transmitting packet of size 90 out of port 0
[17:28:19.061] [bmv2] [T] [thread 20483] bm_get_config
[17:28:19.067] [bmv2] [T] [thread 20483] bm_set_default_action
[17:28:19.067] [bmv2] [D] [thread 20483] Set default entry for table 'MyIngress.ipv4_lpm': MyIngress.drop - 
[17:28:19.068] [bmv2] [T] [thread 20483] bm_set_default_action
[17:28:19.068] [bmv2] [D] [thread 20483] Set default entry for table 'MyEgress.int_table': MyEgress.add_int_header - 1,
[17:28:19.069] [bmv2] [T] [thread 20483] bm_table_add_entry
[17:28:19.069] [bmv2] [D] [thread 20483] Entry 0 added to table 'MyIngress.ipv4_lpm'
[17:28:19.069] [bmv2] [D] [thread 20483] Dumping entry 0
Match key:
* hdr.ipv4.dstAddr    : LPM       0a000101/32
Action entry: MyIngress.ipv4_forward - a000101,1,

[17:28:19.071] [bmv2] [T] [thread 20483] bm_table_add_entry
[17:28:19.071] [bmv2] [D] [thread 20483] Entry 1 added to table 'MyIngress.ipv4_lpm'
[17:28:19.071] [bmv2] [D] [thread 20483] Dumping entry 1
Match key:
* hdr.ipv4.dstAddr    : LPM       0a000202/32
Action entry: MyIngress.ipv4_forward - 10a000202,2,

[17:28:19.072] [bmv2] [T] [thread 20483] bm_table_add_entry
[17:28:19.072] [bmv2] [D] [thread 20483] Entry 2 added to table 'MyIngress.ipv4_lpm'
[17:28:19.072] [bmv2] [D] [thread 20483] Dumping entry 2
Match key:
* hdr.ipv4.dstAddr    : LPM       0a000300/24
Action entry: MyIngress.ipv4_forward - 30100,2,

[17:28:59.474] [bmv2] [D] [thread 20414] [2.0] [cxt 0] Processing packet received on port 1
[17:28:59.474] [bmv2] [D] [thread 20414] [2.0] [cxt 0] Parser 'parser': start
[17:28:59.474] [bmv2] [D] [thread 20414] [2.0] [cxt 0] Parser 'parser' entering state 'start'
[17:28:59.474] [bmv2] [D] [thread 20414] [2.0] [cxt 0] Extracting header 'ethernet'
[17:28:59.474] [bmv2] [D] [thread 20414] [2.0] [cxt 0] Parser state 'start': key is 0800
[17:28:59.474] [bmv2] [T] [thread 20414] [2.0] [cxt 0] Bytes parsed: 14
[17:28:59.475] [bmv2] [D] [thread 20414] [2.0] [cxt 0] Parser 'parser' entering state 'parse_ipv4'
[17:28:59.475] [bmv2] [D] [thread 20414] [2.0] [cxt 0] Extracting header 'ipv4'
[17:28:59.475] [bmv2] [D] [thread 20414] [2.0] [cxt 0] Parser set: setting field 'scalars.tmp' from expression, new value is 1
[17:28:59.475] [bmv2] [D] [thread 20414] [2.0] [cxt 0] Parser state 'parse_ipv4': key is 06
[17:28:59.475] [bmv2] [T] [thread 20414] [2.0] [cxt 0] Bytes parsed: 34
[17:28:59.475] [bmv2] [D] [thread 20414] [2.0] [cxt 0] Parser 'parser' entering state 'parse_ipv4_option'
[17:28:59.475] [bmv2] [D] [thread 20414] [2.0] [cxt 0] Extracting header 'ipv4_option'
[17:28:59.475] [bmv2] [D] [thread 20414] [2.0] [cxt 0] Parser state 'parse_ipv4_option': key is 1f
[17:28:59.475] [bmv2] [T] [thread 20414] [2.0] [cxt 0] Bytes parsed: 36
[17:28:59.475] [bmv2] [D] [thread 20414] [2.0] [cxt 0] Parser 'parser' entering state 'parse_int'
[17:28:59.475] [bmv2] [D] [thread 20414] [2.0] [cxt 0] Extracting header 'int_count'
[17:28:59.475] [bmv2] [D] [thread 20414] [2.0] [cxt 0] Parser set: setting field 'scalars.userMetadata._parser_metadata_num_headers_remaining0' from field 'int_count.num_switches' (0)
[17:28:59.475] [bmv2] [D] [thread 20414] [2.0] [cxt 0] Parser state 'parse_int': key is 0000
[17:28:59.475] [bmv2] [T] [thread 20414] [2.0] [cxt 0] Bytes parsed: 38
[17:28:59.475] [bmv2] [D] [thread 20414] [2.0] [cxt 0] Parser 'parser': end
[17:28:59.475] [bmv2] [D] [thread 20414] [2.0] [cxt 0] Pipeline 'ingress': start
[17:28:59.475] [bmv2] [T] [thread 20414] [2.0] [cxt 0] /home/ubuntu/int/p4-learning/examples/simple_int/p4src/simple_int.p4(63) Condition "hdr.ipv4.isValid()" (node_2) is true
[17:28:59.475] [bmv2] [T] [thread 20414] [2.0] [cxt 0] Applying table 'MyIngress.ipv4_lpm'
[17:28:59.475] [bmv2] [D] [thread 20414] [2.0] [cxt 0] Looking up key:
* hdr.ipv4.dstAddr    : 0a000302

[17:28:59.475] [bmv2] [D] [thread 20414] [2.0] [cxt 0] Table 'MyIngress.ipv4_lpm': hit with handle 2
[17:28:59.476] [bmv2] [D] [thread 20414] [2.0] [cxt 0] Dumping entry 2
Match key:
* hdr.ipv4.dstAddr    : LPM       0a000300/24
Action entry: MyIngress.ipv4_forward - 30100,2,

[17:28:59.476] [bmv2] [D] [thread 20414] [2.0] [cxt 0] Action entry is MyIngress.ipv4_forward - 30100,2,
[17:28:59.476] [bmv2] [T] [thread 20414] [2.0] [cxt 0] Action MyIngress.ipv4_forward
[17:28:59.476] [bmv2] [T] [thread 20414] [2.0] [cxt 0] /home/ubuntu/int/p4-learning/examples/simple_int/p4src/simple_int.p4(34) Primitive hdr.ethernet.srcAddr = hdr.ethernet.dstAddr
[17:28:59.476] [bmv2] [T] [thread 20414] [2.0] [cxt 0] /home/ubuntu/int/p4-learning/examples/simple_int/p4src/simple_int.p4(37) Primitive hdr.ethernet.dstAddr = dstAddr
[17:28:59.476] [bmv2] [T] [thread 20414] [2.0] [cxt 0] /home/ubuntu/int/p4-learning/examples/simple_int/p4src/simple_int.p4(40) Primitive standard_metadata.egress_spec = port
[17:28:59.476] [bmv2] [T] [thread 20414] [2.0] [cxt 0] /home/ubuntu/int/p4-learning/examples/simple_int/p4src/simple_int.p4(43) Primitive hdr.ipv4.ttl = hdr.ipv4.ttl -1
[17:28:59.476] [bmv2] [D] [thread 20414] [2.0] [cxt 0] Pipeline 'ingress': end
[17:28:59.476] [bmv2] [D] [thread 20414] [2.0] [cxt 0] Egress port is 2
[17:28:59.476] [bmv2] [D] [thread 20417] [2.0] [cxt 0] Pipeline 'egress': start
[17:28:59.476] [bmv2] [T] [thread 20417] [2.0] [cxt 0] /home/ubuntu/int/p4-learning/examples/simple_int/p4src/simple_int.p4(107) Condition "hdr.int_count.isValid()" (node_6) is true
[17:28:59.476] [bmv2] [T] [thread 20417] [2.0] [cxt 0] Applying table 'MyEgress.int_table'
[17:28:59.476] [bmv2] [D] [thread 20417] [2.0] [cxt 0] Looking up key:

[17:28:59.476] [bmv2] [D] [thread 20417] [2.0] [cxt 0] Table 'MyEgress.int_table': miss
[17:28:59.476] [bmv2] [D] [thread 20417] [2.0] [cxt 0] Action entry is MyEgress.add_int_header - 1,
[17:28:59.476] [bmv2] [T] [thread 20417] [2.0] [cxt 0] Action MyEgress.add_int_header
[17:28:59.476] [bmv2] [T] [thread 20417] [2.0] [cxt 0] /home/ubuntu/int/p4-learning/examples/simple_int/p4src/simple_int.p4(82) Primitive hdr.int_count.num_switches = hdr.int_count.num_switches + 1
[17:28:59.476] [bmv2] [T] [thread 20417] [2.0] [cxt 0] /home/ubuntu/int/p4-learning/examples/simple_int/p4src/simple_int.p4(84) Primitive hdr.int_headers.push_front(1)
[17:28:59.476] [bmv2] [T] [thread 20417] [2.0] [cxt 0] /home/ubuntu/int/p4-learning/examples/simple_int/p4src/simple_int.p4(87) Primitive hdr.int_headers[0].setValid()
[17:28:59.476] [bmv2] [T] [thread 20417] [2.0] [cxt 0] /home/ubuntu/int/p4-learning/examples/simple_int/p4src/simple_int.p4(88) Primitive hdr.int_headers[0].switch_id = (bit<13>)swid
[17:28:59.477] [bmv2] [T] [thread 20417] [2.0] [cxt 0] /home/ubuntu/int/p4-learning/examples/simple_int/p4src/simple_int.p4(89) Primitive hdr.int_headers[0].queue_depth = (bit<13>)standard_metadata.deq_qdepth
[17:28:59.477] [bmv2] [T] [thread 20417] [2.0] [cxt 0] /home/ubuntu/int/p4-learning/examples/simple_int/p4src/simple_int.p4(90) Primitive hdr.int_headers[0].output_port = (bit<6>)standard_metadata.egress_port
[17:28:59.477] [bmv2] [T] [thread 20417] [2.0] [cxt 0] /home/ubuntu/int/p4-learning/examples/simple_int/p4src/simple_int.p4(93) Primitive hdr.ipv4.ihl = hdr.ipv4.ihl + 1
[17:28:59.477] [bmv2] [T] [thread 20417] [2.0] [cxt 0] /home/ubuntu/int/p4-learning/examples/simple_int/p4src/simple_int.p4(94) Primitive hdr.ipv4.totalLen = hdr.ipv4.totalLen + 4
[17:28:59.477] [bmv2] [T] [thread 20417] [2.0] [cxt 0] /home/ubuntu/int/p4-learning/examples/simple_int/p4src/simple_int.p4(95) Primitive hdr.ipv4_option.optionLength = hdr.ipv4_option.optionLength + 4
[17:28:59.477] [bmv2] [D] [thread 20417] [2.0] [cxt 0] Pipeline 'egress': end
[17:28:59.477] [bmv2] [D] [thread 20417] [2.0] [cxt 0] Deparser 'deparser': start
[17:28:59.477] [bmv2] [D] [thread 20417] [2.0] [cxt 0] Updating checksum 'cksum'
[17:28:59.477] [bmv2] [D] [thread 20417] [2.0] [cxt 0] Deparsing header 'ethernet'
[17:28:59.477] [bmv2] [D] [thread 20417] [2.0] [cxt 0] Deparsing header 'ipv4'
[17:28:59.477] [bmv2] [D] [thread 20417] [2.0] [cxt 0] Deparsing header 'ipv4_option'
[17:28:59.477] [bmv2] [D] [thread 20417] [2.0] [cxt 0] Deparsing header 'int_count'
[17:28:59.477] [bmv2] [D] [thread 20417] [2.0] [cxt 0] Deparsing header 'int_headers[0]'
[17:28:59.477] [bmv2] [D] [thread 20417] [2.0] [cxt 0] Deparser 'deparser': end
[17:28:59.477] [bmv2] [D] [thread 20419] [2.0] [cxt 0] Transmitting packet of size 66 out of port 2
open: No such file or directory
open: No such file or directory
